

================================================================
== Vitis HLS Report for 'fir'
================================================================
* Date:           Fri Oct 10 09:59:09 2025

* Version:        2024.2 (Build 5238294 on Nov  8 2024)
* Project:        fir.comp
* Solution:       hls (Vivado IP Flow Target)
* Product family: zynq
* Target device:  xc7z020-clg400-1


================================================================
== Performance Estimates
================================================================
+ Timing: 
    * Summary: 
    +--------+----------+----------+------------+
    |  Clock |  Target  | Estimated| Uncertainty|
    +--------+----------+----------+------------+
    |ap_clk  |  10.00 ns|  6.603 ns|     2.70 ns|
    +--------+----------+----------+------------+

+ Latency: 
    * Summary: 
    +---------+---------+----------+----------+-----+-----+---------+
    |  Latency (cycles) |  Latency (absolute) |  Interval | Pipeline|
    |   min   |   max   |    min   |    max   | min | max |   Type  |
    +---------+---------+----------+----------+-----+-----+---------+
    |       27|       27|  0.270 us|  0.270 us|   28|   28|       no|
    +---------+---------+----------+----------+-----+-----+---------+

    + Detail: 
        * Instance: 
        N/A

        * Loop: 
        N/A



================================================================
== Utilization Estimates
================================================================
* Summary: 
+-----------------+---------+-----+--------+-------+-----+
|       Name      | BRAM_18K| DSP |   FF   |  LUT  | URAM|
+-----------------+---------+-----+--------+-------+-----+
|DSP              |        -|    1|       -|      -|    -|
|Expression       |        -|    -|       0|   2070|    -|
|FIFO             |        -|    -|       -|      -|    -|
|Instance         |        -|    -|       -|      -|    -|
|Memory           |        -|    -|       -|      -|    -|
|Multiplexer      |        -|    -|       0|    130|    -|
|Register         |        -|    -|    3181|      -|    -|
+-----------------+---------+-----+--------+-------+-----+
|Total            |        0|    1|    3181|   2200|    0|
+-----------------+---------+-----+--------+-------+-----+
|Available        |      280|  220|  106400|  53200|    0|
+-----------------+---------+-----+--------+-------+-----+
|Utilization (%)  |        0|   ~0|       2|      4|    0|
+-----------------+---------+-----+--------+-------+-----+

+ Detail: 
    * Instance: 
    N/A

    * DSP: 
    +--------------------------------------------+-----------------------------------------+---------------------+
    |                  Instance                  |                  Module                 |      Expression     |
    +--------------------------------------------+-----------------------------------------+---------------------+
    |ama_addmuladd_16ns_16ns_4ns_16ns_16_4_1_U1  |ama_addmuladd_16ns_16ns_4ns_16ns_16_4_1  |  i0 + (i1 + i2) * i3|
    +--------------------------------------------+-----------------------------------------+---------------------+

    * Memory: 
    N/A

    * FIFO: 
    N/A

    * Expression: 
    +---------------------+----------+----+---+----+------------+------------+
    |    Variable Name    | Operation| DSP| FF| LUT| Bitwidth P0| Bitwidth P1|
    +---------------------+----------+----+---+----+------------+------------+
    |acc_fu_2324_p2       |         +|   0|  0|  16|          16|          16|
    |add_ln67_fu_2318_p2  |         +|   0|  0|  16|          16|          16|
    |grp_fu_2334_p0       |         +|   0|  0|  23|          16|          16|
    |tmp102_fu_924_p2     |         +|   0|  0|  16|          16|          16|
    |tmp10_fu_431_p2      |         +|   0|  0|  16|          16|          16|
    |tmp118_fu_1652_p2    |         +|   0|  0|  16|          16|          16|
    |tmp11_fu_425_p2      |         +|   0|  0|  16|          16|          16|
    |tmp12_fu_618_p2      |         +|   0|  0|  16|          16|          16|
    |tmp13_fu_614_p2      |         +|   0|  0|  16|          16|          16|
    |tmp143_fu_2302_p2    |         +|   0|  0|  23|          16|          16|
    |tmp14_fu_443_p2      |         +|   0|  0|  16|          16|          16|
    |tmp156_fu_934_p2     |         +|   0|  0|  23|          16|          16|
    |tmp15_fu_437_p2      |         +|   0|  0|  16|          16|          16|
    |tmp164_fu_1220_p2    |         +|   0|  0|  16|          16|          16|
    |tmp16_fu_455_p2      |         +|   0|  0|  16|          16|          16|
    |tmp172_fu_1661_p2    |         +|   0|  0|  16|          16|          16|
    |tmp17_fu_449_p2      |         +|   0|  0|  16|          16|          16|
    |tmp189_fu_1231_p2    |         +|   0|  0|  16|          16|          16|
    |tmp18_fu_472_p2      |         +|   0|  0|  16|          16|          16|
    |tmp193_fu_1672_p2    |         +|   0|  0|  16|          16|          16|
    |tmp196_fu_1895_p2    |         +|   0|  0|  16|          16|          16|
    |tmp19_fu_466_p2      |         +|   0|  0|  16|          16|          16|
    |tmp1_fu_645_p2       |         +|   0|  0|  16|          16|          16|
    |tmp207_fu_1242_p2    |         +|   0|  0|  13|          13|          13|
    |tmp20_fu_461_p2      |         +|   0|  0|  23|          16|          16|
    |tmp211_fu_1689_p2    |         +|   0|  0|  13|          13|          13|
    |tmp2141_fu_1910_p2   |         +|   0|  0|  13|          13|          13|
    |tmp21_fu_325_p2      |         +|   0|  0|  16|          16|          16|
    |tmp22_fu_319_p2      |         +|   0|  0|  16|          16|          16|
    |tmp23_fu_859_p2      |         +|   0|  0|  16|          16|          16|
    |tmp24_fu_848_p2      |         +|   0|  0|  16|          16|          16|
    |tmp25_fu_853_p2      |         +|   0|  0|  23|          16|          16|
    |tmp26_fu_870_p2      |         +|   0|  0|  16|          16|          16|
    |tmp27_fu_865_p2      |         +|   0|  0|  16|          16|          16|
    |tmp28_fu_792_p2      |         +|   0|  0|  16|          16|          16|
    |tmp29_fu_786_p2      |         +|   0|  0|  16|          16|          16|
    |tmp2_fu_593_p2       |         +|   0|  0|  16|          16|          16|
    |tmp30_fu_1647_p2     |         +|   0|  0|  16|          16|          16|
    |tmp31_fu_1459_p2     |         +|   0|  0|  16|          16|          16|
    |tmp32_fu_1642_p2     |         +|   0|  0|  23|          16|          16|
    |tmp33_fu_1470_p2     |         +|   0|  0|  16|          16|          16|
    |tmp34_fu_1465_p2     |         +|   0|  0|  16|          16|          16|
    |tmp35_fu_1339_p2     |         +|   0|  0|  16|          16|          16|
    |tmp36_fu_1333_p2     |         +|   0|  0|  16|          16|          16|
    |tmp37_fu_1215_p2     |         +|   0|  0|  16|          16|          16|
    |tmp38_fu_1062_p2     |         +|   0|  0|  16|          16|          16|
    |tmp39_fu_1056_p2     |         +|   0|  0|  16|          16|          16|
    |tmp3_fu_587_p2       |         +|   0|  0|  16|          16|          16|
    |tmp40_fu_1657_p2     |         +|   0|  0|  16|          16|          16|
    |tmp41_fu_1492_p2     |         +|   0|  0|  16|          16|          16|
    |tmp42_fu_1486_p2     |         +|   0|  0|  16|          16|          16|
    |tmp44_fu_1225_p2     |         +|   0|  0|  16|          16|          16|
    |tmp45_fu_1666_p2     |         +|   0|  0|  23|          16|          16|
    |tmp46_fu_1236_p2     |         +|   0|  0|  13|          13|          13|
    |tmp47_fu_1683_p2     |         +|   0|  0|  14|          13|          13|
    |tmp4_fu_582_p2       |         +|   0|  0|  23|          16|          16|
    |tmp5_fu_419_p2       |         +|   0|  0|  16|          16|          16|
    |tmp6_fu_413_p2       |         +|   0|  0|  16|          16|          16|
    |tmp7_fu_609_p2       |         +|   0|  0|  16|          16|          16|
    |tmp8_fu_603_p2       |         +|   0|  0|  16|          16|          16|
    |tmp9_fu_598_p2       |         +|   0|  0|  23|          16|          16|
    |tmp_fu_649_p2        |         +|   0|  0|  16|          16|          16|
    |grp_fu_2334_p1       |         -|   0|  0|  16|          16|          16|
    |tmp103_fu_928_p2     |         -|   0|  0|  16|          16|          16|
    |tmp104_fu_1034_p2    |         -|   0|  0|  16|          16|          16|
    |tmp105_fu_1039_p2    |         -|   0|  0|  16|          16|          16|
    |tmp106_fu_1204_p2    |         -|   0|  0|  16|          16|          16|
    |tmp107_fu_1209_p2    |         -|   0|  0|  16|          16|          16|
    |tmp108_fu_1322_p2    |         -|   0|  0|  16|          16|          16|
    |tmp109_fu_1327_p2    |         -|   0|  0|  16|          16|          16|
    |tmp110_fu_1454_p2    |         -|   0|  0|  16|          16|          16|
    |tmp119_fu_1768_p2    |         -|   0|  0|  16|          16|          16|
    |tmp120_fu_1773_p2    |         -|   0|  0|  16|          16|          16|
    |tmp121_fu_1862_p2    |         -|   0|  0|  16|          16|          16|
    |tmp122_fu_1867_p2    |         -|   0|  0|  16|          16|          16|
    |tmp123_fu_1989_p2    |         -|   0|  0|  16|          16|          16|
    |tmp124_fu_1994_p2    |         -|   0|  0|  16|          16|          16|
    |tmp125_fu_2020_p2    |         -|   0|  0|  16|          16|          16|
    |tmp126_fu_2025_p2    |         -|   0|  0|  16|          16|          16|
    |tmp127_fu_2058_p2    |         -|   0|  0|  16|          16|          16|
    |tmp128_fu_2063_p2    |         -|   0|  0|  16|          16|          16|
    |tmp129_fu_2089_p2    |         -|   0|  0|  16|          16|          16|
    |tmp130_fu_2094_p2    |         -|   0|  0|  16|          16|          16|
    |tmp131_fu_2120_p2    |         -|   0|  0|  16|          16|          16|
    |tmp132_fu_2125_p2    |         -|   0|  0|  16|          16|          16|
    |tmp133_fu_2151_p2    |         -|   0|  0|  16|          16|          16|
    |tmp134_fu_2156_p2    |         -|   0|  0|  16|          16|          16|
    |tmp135_fu_2182_p2    |         -|   0|  0|  16|          16|          16|
    |tmp136_fu_2187_p2    |         -|   0|  0|  16|          16|          16|
    |tmp137_fu_2213_p2    |         -|   0|  0|  16|          16|          16|
    |tmp138_fu_2218_p2    |         -|   0|  0|  16|          16|          16|
    |tmp139_fu_2244_p2    |         -|   0|  0|  16|          16|          16|
    |tmp140_fu_2249_p2    |         -|   0|  0|  16|          16|          16|
    |tmp141_fu_2271_p2    |         -|   0|  0|  16|          16|          16|
    |tmp142_fu_2276_p2    |         -|   0|  0|  16|          16|          16|
    |tmp157_fu_940_p2     |         -|   0|  0|  16|          16|          16|
    |tmp158_fu_946_p2     |         -|   0|  0|  16|          16|          16|
    |tmp159_fu_1045_p2    |         -|   0|  0|  16|          16|          16|
    |tmp160_fu_1050_p2    |         -|   0|  0|  16|          16|          16|
    |tmp165_fu_1345_p2    |         -|   0|  0|  16|          16|          16|
    |tmp166_fu_1350_p2    |         -|   0|  0|  16|          16|          16|
    |tmp167_fu_1475_p2    |         -|   0|  0|  16|          16|          16|
    |tmp168_fu_1480_p2    |         -|   0|  0|  16|          16|          16|
    |tmp173_fu_1779_p2    |         -|   0|  0|  16|          16|          16|
    |tmp174_fu_1784_p2    |         -|   0|  0|  16|          16|          16|
    |tmp175_fu_1873_p2    |         -|   0|  0|  16|          16|          16|
    |tmp186_fu_1067_p2    |         -|   0|  0|  16|          16|          16|
    |tmp187_fu_1073_p2    |         -|   0|  0|  16|          16|          16|
    |tmp190_fu_1498_p2    |         -|   0|  0|  16|          16|          16|
    |tmp191_fu_1503_p2    |         -|   0|  0|  16|          16|          16|
    |tmp194_fu_1677_p2    |         -|   0|  0|  16|          16|          16|
    |tmp195_fu_1890_p2    |         -|   0|  0|  16|          16|          16|
    |tmp197_fu_2313_p2    |         -|   0|  0|  23|          16|          16|
    |tmp204_fu_1079_p2    |         -|   0|  0|  13|          13|          13|
    |tmp205_fu_1085_p2    |         -|   0|  0|  13|          13|          13|
    |tmp208_fu_1509_p2    |         -|   0|  0|  13|          13|          13|
    |tmp209_fu_1514_p2    |         -|   0|  0|  13|          13|          13|
    |tmp212_fu_1694_p2    |         -|   0|  0|  13|          13|          13|
    |tmp213_fu_1901_p2    |         -|   0|  0|  13|          13|          13|
    |tmp87_fu_666_p2      |         -|   0|  0|  16|          16|          16|
    |tmp88_fu_671_p2      |         -|   0|  0|  16|          16|          16|
    |tmp89_fu_697_p2      |         -|   0|  0|  16|          16|          16|
    |tmp90_fu_702_p2      |         -|   0|  0|  16|          16|          16|
    |tmp91_fu_728_p2      |         -|   0|  0|  16|          16|          16|
    |tmp92_fu_733_p2      |         -|   0|  0|  16|          16|          16|
    |tmp93_fu_775_p2      |         -|   0|  0|  16|          16|          16|
    |tmp94_fu_780_p2      |         -|   0|  0|  16|          16|          16|
    +---------------------+----------+----+---+----+------------+------------+
    |Total                |          |   0|  0|2070|        1999|        1999|
    +---------------------+----------+----+---+----+------------+------------+

    * Multiplexer: 
    +-----------+-----+-----------+-----+-----------+
    |    Name   | LUT | Input Size| Bits| Total Bits|
    +-----------+-----+-----------+-----+-----------+
    |ap_NS_fsm  |  130|         29|    1|         29|
    +-----------+-----+-----------+-----+-----------+
    |Total      |  130|         29|    1|         29|
    +-----------+-----+-----------+-----+-----------+

    * Register: 
    +------------------------------------------+----+----+-----+-----------+
    |                   Name                   | FF | LUT| Bits| Const Bits|
    +------------------------------------------+----+----+-----+-----------+
    |add_ln67_1_reg_2676                       |  16|   0|   16|          0|
    |ap_CS_fsm                                 |  28|   0|   28|          0|
    |fir_int_int_shift_reg                     |  16|   0|   16|          0|
    |fir_int_int_shift_reg_1                   |  16|   0|   16|          0|
    |fir_int_int_shift_reg_16_reg_2438         |  16|   0|   16|          0|
    |fir_int_int_shift_reg_2                   |  16|   0|   16|          0|
    |fir_int_int_shift_reg_23_reg_2536         |  16|   0|   16|          0|
    |fir_int_int_shift_reg_24_reg_2475         |  16|   0|   16|          0|
    |fir_int_int_shift_reg_3                   |  16|   0|   16|          0|
    |fir_int_int_shift_reg_35_reg_2568         |  16|   0|   16|          0|
    |fir_int_int_shift_reg_37_reg_2541         |  16|   0|   16|          0|
    |fir_int_int_shift_reg_4                   |  16|   0|   16|          0|
    |fir_int_int_shift_reg_5                   |  16|   0|   16|          0|
    |fir_int_int_shift_reg_6                   |  16|   0|   16|          0|
    |fir_int_int_shift_reg_7                   |  16|   0|   16|          0|
    |fir_int_int_shift_reg_8                   |  16|   0|   16|          0|
    |fir_int_int_shift_reg_8_load_reg_2634     |  16|   0|   16|          0|
    |fir_int_int_shift_reg_9                   |  16|   0|   16|          0|
    |p_ZZ3firPiiE9shift_reg_10                 |  16|   0|   16|          0|
    |p_ZZ3firPiiE9shift_reg_100                |  16|   0|   16|          0|
    |p_ZZ3firPiiE9shift_reg_101                |  16|   0|   16|          0|
    |p_ZZ3firPiiE9shift_reg_102                |  16|   0|   16|          0|
    |p_ZZ3firPiiE9shift_reg_103                |  16|   0|   16|          0|
    |p_ZZ3firPiiE9shift_reg_104                |  16|   0|   16|          0|
    |p_ZZ3firPiiE9shift_reg_105                |  16|   0|   16|          0|
    |p_ZZ3firPiiE9shift_reg_106                |  16|   0|   16|          0|
    |p_ZZ3firPiiE9shift_reg_107                |  16|   0|   16|          0|
    |p_ZZ3firPiiE9shift_reg_107_load_reg_2344  |  16|   0|   16|          0|
    |p_ZZ3firPiiE9shift_reg_108                |  16|   0|   16|          0|
    |p_ZZ3firPiiE9shift_reg_109                |  16|   0|   16|          0|
    |p_ZZ3firPiiE9shift_reg_11                 |  16|   0|   16|          0|
    |p_ZZ3firPiiE9shift_reg_110                |  16|   0|   16|          0|
    |p_ZZ3firPiiE9shift_reg_111                |  16|   0|   16|          0|
    |p_ZZ3firPiiE9shift_reg_112                |  16|   0|   16|          0|
    |p_ZZ3firPiiE9shift_reg_113                |  16|   0|   16|          0|
    |p_ZZ3firPiiE9shift_reg_114                |  16|   0|   16|          0|
    |p_ZZ3firPiiE9shift_reg_115                |  16|   0|   16|          0|
    |p_ZZ3firPiiE9shift_reg_116                |  16|   0|   16|          0|
    |p_ZZ3firPiiE9shift_reg_117                |  16|   0|   16|          0|
    |p_ZZ3firPiiE9shift_reg_118                |  16|   0|   16|          0|
    |p_ZZ3firPiiE9shift_reg_119                |  16|   0|   16|          0|
    |p_ZZ3firPiiE9shift_reg_119_load_reg_2361  |  16|   0|   16|          0|
    |p_ZZ3firPiiE9shift_reg_12                 |  16|   0|   16|          0|
    |p_ZZ3firPiiE9shift_reg_120                |  16|   0|   16|          0|
    |p_ZZ3firPiiE9shift_reg_121                |  16|   0|   16|          0|
    |p_ZZ3firPiiE9shift_reg_122                |  16|   0|   16|          0|
    |p_ZZ3firPiiE9shift_reg_123                |  16|   0|   16|          0|
    |p_ZZ3firPiiE9shift_reg_124                |  16|   0|   16|          0|
    |p_ZZ3firPiiE9shift_reg_125                |  16|   0|   16|          0|
    |p_ZZ3firPiiE9shift_reg_125_load_reg_2355  |  16|   0|   16|          0|
    |p_ZZ3firPiiE9shift_reg_126                |  16|   0|   16|          0|
    |p_ZZ3firPiiE9shift_reg_13                 |  16|   0|   16|          0|
    |p_ZZ3firPiiE9shift_reg_14                 |  16|   0|   16|          0|
    |p_ZZ3firPiiE9shift_reg_15                 |  16|   0|   16|          0|
    |p_ZZ3firPiiE9shift_reg_16                 |  16|   0|   16|          0|
    |p_ZZ3firPiiE9shift_reg_17                 |  16|   0|   16|          0|
    |p_ZZ3firPiiE9shift_reg_18                 |  16|   0|   16|          0|
    |p_ZZ3firPiiE9shift_reg_19                 |  16|   0|   16|          0|
    |p_ZZ3firPiiE9shift_reg_20                 |  16|   0|   16|          0|
    |p_ZZ3firPiiE9shift_reg_21                 |  16|   0|   16|          0|
    |p_ZZ3firPiiE9shift_reg_22                 |  16|   0|   16|          0|
    |p_ZZ3firPiiE9shift_reg_23                 |  16|   0|   16|          0|
    |p_ZZ3firPiiE9shift_reg_24                 |  16|   0|   16|          0|
    |p_ZZ3firPiiE9shift_reg_25                 |  16|   0|   16|          0|
    |p_ZZ3firPiiE9shift_reg_26                 |  16|   0|   16|          0|
    |p_ZZ3firPiiE9shift_reg_27                 |  16|   0|   16|          0|
    |p_ZZ3firPiiE9shift_reg_28                 |  16|   0|   16|          0|
    |p_ZZ3firPiiE9shift_reg_29                 |  16|   0|   16|          0|
    |p_ZZ3firPiiE9shift_reg_30                 |  16|   0|   16|          0|
    |p_ZZ3firPiiE9shift_reg_31                 |  16|   0|   16|          0|
    |p_ZZ3firPiiE9shift_reg_32                 |  16|   0|   16|          0|
    |p_ZZ3firPiiE9shift_reg_33                 |  16|   0|   16|          0|
    |p_ZZ3firPiiE9shift_reg_34                 |  16|   0|   16|          0|
    |p_ZZ3firPiiE9shift_reg_35                 |  16|   0|   16|          0|
    |p_ZZ3firPiiE9shift_reg_36                 |  16|   0|   16|          0|
    |p_ZZ3firPiiE9shift_reg_37                 |  16|   0|   16|          0|
    |p_ZZ3firPiiE9shift_reg_38                 |  16|   0|   16|          0|
    |p_ZZ3firPiiE9shift_reg_39                 |  16|   0|   16|          0|
    |p_ZZ3firPiiE9shift_reg_40                 |  16|   0|   16|          0|
    |p_ZZ3firPiiE9shift_reg_41                 |  16|   0|   16|          0|
    |p_ZZ3firPiiE9shift_reg_42                 |  16|   0|   16|          0|
    |p_ZZ3firPiiE9shift_reg_43                 |  16|   0|   16|          0|
    |p_ZZ3firPiiE9shift_reg_44                 |  16|   0|   16|          0|
    |p_ZZ3firPiiE9shift_reg_45                 |  16|   0|   16|          0|
    |p_ZZ3firPiiE9shift_reg_46                 |  16|   0|   16|          0|
    |p_ZZ3firPiiE9shift_reg_47                 |  16|   0|   16|          0|
    |p_ZZ3firPiiE9shift_reg_48                 |  16|   0|   16|          0|
    |p_ZZ3firPiiE9shift_reg_49                 |  16|   0|   16|          0|
    |p_ZZ3firPiiE9shift_reg_49_load_reg_2562   |  16|   0|   16|          0|
    |p_ZZ3firPiiE9shift_reg_50                 |  16|   0|   16|          0|
    |p_ZZ3firPiiE9shift_reg_51                 |  16|   0|   16|          0|
    |p_ZZ3firPiiE9shift_reg_52                 |  16|   0|   16|          0|
    |p_ZZ3firPiiE9shift_reg_53                 |  16|   0|   16|          0|
    |p_ZZ3firPiiE9shift_reg_54                 |  16|   0|   16|          0|
    |p_ZZ3firPiiE9shift_reg_55                 |  16|   0|   16|          0|
    |p_ZZ3firPiiE9shift_reg_56                 |  16|   0|   16|          0|
    |p_ZZ3firPiiE9shift_reg_57                 |  16|   0|   16|          0|
    |p_ZZ3firPiiE9shift_reg_58                 |  16|   0|   16|          0|
    |p_ZZ3firPiiE9shift_reg_59                 |  16|   0|   16|          0|
    |p_ZZ3firPiiE9shift_reg_60                 |  16|   0|   16|          0|
    |p_ZZ3firPiiE9shift_reg_61                 |  16|   0|   16|          0|
    |p_ZZ3firPiiE9shift_reg_62                 |  16|   0|   16|          0|
    |p_ZZ3firPiiE9shift_reg_63                 |  16|   0|   16|          0|
    |p_ZZ3firPiiE9shift_reg_64                 |  16|   0|   16|          0|
    |p_ZZ3firPiiE9shift_reg_65                 |  16|   0|   16|          0|
    |p_ZZ3firPiiE9shift_reg_66                 |  16|   0|   16|          0|
    |p_ZZ3firPiiE9shift_reg_67                 |  16|   0|   16|          0|
    |p_ZZ3firPiiE9shift_reg_68                 |  16|   0|   16|          0|
    |p_ZZ3firPiiE9shift_reg_69                 |  16|   0|   16|          0|
    |p_ZZ3firPiiE9shift_reg_70                 |  16|   0|   16|          0|
    |p_ZZ3firPiiE9shift_reg_71                 |  16|   0|   16|          0|
    |p_ZZ3firPiiE9shift_reg_72                 |  16|   0|   16|          0|
    |p_ZZ3firPiiE9shift_reg_73                 |  16|   0|   16|          0|
    |p_ZZ3firPiiE9shift_reg_74                 |  16|   0|   16|          0|
    |p_ZZ3firPiiE9shift_reg_75                 |  16|   0|   16|          0|
    |p_ZZ3firPiiE9shift_reg_76                 |  16|   0|   16|          0|
    |p_ZZ3firPiiE9shift_reg_77                 |  16|   0|   16|          0|
    |p_ZZ3firPiiE9shift_reg_78                 |  16|   0|   16|          0|
    |p_ZZ3firPiiE9shift_reg_79                 |  16|   0|   16|          0|
    |p_ZZ3firPiiE9shift_reg_80                 |  16|   0|   16|          0|
    |p_ZZ3firPiiE9shift_reg_80_load_reg_2454   |  16|   0|   16|          0|
    |p_ZZ3firPiiE9shift_reg_81                 |  16|   0|   16|          0|
    |p_ZZ3firPiiE9shift_reg_82                 |  16|   0|   16|          0|
    |p_ZZ3firPiiE9shift_reg_83                 |  16|   0|   16|          0|
    |p_ZZ3firPiiE9shift_reg_84                 |  16|   0|   16|          0|
    |p_ZZ3firPiiE9shift_reg_85                 |  16|   0|   16|          0|
    |p_ZZ3firPiiE9shift_reg_86                 |  16|   0|   16|          0|
    |p_ZZ3firPiiE9shift_reg_87                 |  16|   0|   16|          0|
    |p_ZZ3firPiiE9shift_reg_88                 |  16|   0|   16|          0|
    |p_ZZ3firPiiE9shift_reg_89                 |  16|   0|   16|          0|
    |p_ZZ3firPiiE9shift_reg_90                 |  16|   0|   16|          0|
    |p_ZZ3firPiiE9shift_reg_91                 |  16|   0|   16|          0|
    |p_ZZ3firPiiE9shift_reg_92                 |  16|   0|   16|          0|
    |p_ZZ3firPiiE9shift_reg_93                 |  16|   0|   16|          0|
    |p_ZZ3firPiiE9shift_reg_94                 |  16|   0|   16|          0|
    |p_ZZ3firPiiE9shift_reg_95                 |  16|   0|   16|          0|
    |p_ZZ3firPiiE9shift_reg_96                 |  16|   0|   16|          0|
    |p_ZZ3firPiiE9shift_reg_96_load_reg_2417   |  16|   0|   16|          0|
    |p_ZZ3firPiiE9shift_reg_97                 |  16|   0|   16|          0|
    |p_ZZ3firPiiE9shift_reg_97_load_reg_2470   |  16|   0|   16|          0|
    |p_ZZ3firPiiE9shift_reg_98                 |  16|   0|   16|          0|
    |p_ZZ3firPiiE9shift_reg_99                 |  16|   0|   16|          0|
    |tmp103_reg_2481                           |  16|   0|   16|          0|
    |tmp105_reg_2491                           |  16|   0|   16|          0|
    |tmp107_reg_2516                           |  16|   0|   16|          0|
    |tmp109_reg_2547                           |  16|   0|   16|          0|
    |tmp10_reg_2372                            |  16|   0|   16|          0|
    |tmp118_reg_2604                           |  16|   0|   16|          0|
    |tmp120_reg_2624                           |  16|   0|   16|          0|
    |tmp122_reg_2640                           |  16|   0|   16|          0|
    |tmp124_reg_2656                           |  16|   0|   16|          0|
    |tmp126_reg_2661                           |  16|   0|   16|          0|
    |tmp128_reg_2671                           |  16|   0|   16|          0|
    |tmp12_reg_2407                            |  16|   0|   16|          0|
    |tmp130_reg_2681                           |  16|   0|   16|          0|
    |tmp132_reg_2686                           |  16|   0|   16|          0|
    |tmp134_reg_2691                           |  16|   0|   16|          0|
    |tmp136_reg_2696                           |  16|   0|   16|          0|
    |tmp138_reg_2701                           |  16|   0|   16|          0|
    |tmp140_reg_2706                           |  16|   0|   16|          0|
    |tmp142_reg_2711                           |  16|   0|   16|          0|
    |tmp14_reg_2377                            |  16|   0|   16|          0|
    |tmp158_reg_2486                           |  16|   0|   16|          0|
    |tmp160_reg_2496                           |  16|   0|   16|          0|
    |tmp164_reg_2521                           |  16|   0|   16|          0|
    |tmp166_reg_2557                           |  16|   0|   16|          0|
    |tmp168_reg_2584                           |  16|   0|   16|          0|
    |tmp16_reg_2382                            |  16|   0|   16|          0|
    |tmp172_reg_2609                           |  16|   0|   16|          0|
    |tmp174_reg_2629                           |  16|   0|   16|          0|
    |tmp187_reg_2506                           |  16|   0|   16|          0|
    |tmp189_reg_2526                           |  16|   0|   16|          0|
    |tmp18_reg_2387                            |  16|   0|   16|          0|
    |tmp191_reg_2594                           |  16|   0|   16|          0|
    |tmp194_reg_2614                           |  16|   0|   16|          0|
    |tmp196_reg_2645                           |  16|   0|   16|          0|
    |tmp205_reg_2511                           |  13|   0|   13|          0|
    |tmp207_reg_2531                           |  13|   0|   13|          0|
    |tmp209_reg_2599                           |  13|   0|   13|          0|
    |tmp212_reg_2619                           |  13|   0|   13|          0|
    |tmp2141_reg_2651                          |  13|   0|   13|          0|
    |tmp21_reg_2350                            |  16|   0|   16|          0|
    |tmp23_reg_2460                            |  16|   0|   16|          0|
    |tmp26_reg_2465                            |  16|   0|   16|          0|
    |tmp28_reg_2449                            |  16|   0|   16|          0|
    |tmp2_reg_2397                             |  16|   0|   16|          0|
    |tmp31_reg_2574                            |  16|   0|   16|          0|
    |tmp33_reg_2579                            |  16|   0|   16|          0|
    |tmp35_reg_2552                            |  16|   0|   16|          0|
    |tmp38_reg_2501                            |  16|   0|   16|          0|
    |tmp41_reg_2589                            |  16|   0|   16|          0|
    |tmp5_reg_2367                             |  16|   0|   16|          0|
    |tmp7_reg_2402                             |  16|   0|   16|          0|
    |tmp88_reg_2423                            |  16|   0|   16|          0|
    |tmp90_reg_2428                            |  16|   0|   16|          0|
    |tmp92_reg_2433                            |  16|   0|   16|          0|
    |tmp94_reg_2444                            |  16|   0|   16|          0|
    |tmp_reg_2412                              |  16|   0|   16|          0|
    |trunc_ln16_reg_2392                       |  16|   0|   16|          0|
    +------------------------------------------+----+----+-----+-----------+
    |Total                                     |3181|   0| 3181|          0|
    +------------------------------------------+----+----+-----+-----------+



================================================================
== Interface
================================================================
* Summary: 
+----------+-----+-----+------------+--------------+--------------+
| RTL Ports| Dir | Bits|  Protocol  | Source Object|    C Type    |
+----------+-----+-----+------------+--------------+--------------+
|ap_clk    |   in|    1|  ap_ctrl_hs|           fir|  return value|
|ap_rst    |   in|    1|  ap_ctrl_hs|           fir|  return value|
|ap_start  |   in|    1|  ap_ctrl_hs|           fir|  return value|
|ap_done   |  out|    1|  ap_ctrl_hs|           fir|  return value|
|ap_idle   |  out|    1|  ap_ctrl_hs|           fir|  return value|
|ap_ready  |  out|    1|  ap_ctrl_hs|           fir|  return value|
|y         |  out|   32|      ap_vld|             y|       pointer|
|y_ap_vld  |  out|    1|      ap_vld|             y|       pointer|
|x         |   in|   32|     ap_none|             x|        scalar|
+----------+-----+-----+------------+--------------+--------------+

