

================================================================
== Vitis HLS Report for 'cordiccart2pol'
================================================================
* Date:           Sun Oct 19 16:49:29 2025

* Version:        2024.2 (Build 5238294 on Nov  8 2024)
* Project:        cordiccart2pol.comp
* Solution:       hls (Vivado IP Flow Target)
* Product family: zynq
* Target device:  xc7z020-clg400-1


================================================================
== Performance Estimates
================================================================
+ Timing: 
    * Summary: 
    +--------+----------+----------+------------+
    |  Clock |  Target  | Estimated| Uncertainty|
    +--------+----------+----------+------------+
    |ap_clk  |  10.00 ns|  6.948 ns|     2.70 ns|
    +--------+----------+----------+------------+

+ Latency: 
    * Summary: 
    +---------+---------+-----------+----------+-----+-----+---------+
    |  Latency (cycles) |  Latency (absolute)  |  Interval | Pipeline|
    |   min   |   max   |    min    |    max   | min | max |   Type  |
    +---------+---------+-----------+----------+-----+-----+---------+
    |        1|       36|  10.000 ns|  0.360 us|    2|   37|       no|
    +---------+---------+-----------+----------+-----+-----+---------+

    + Detail: 
        * Instance: 
        +---------------------------------------------------+-----------------------------------------+---------+---------+----------+----------+-----+-----+------------------------------------------------+
        |                                                   |                                         |  Latency (cycles) |  Latency (absolute) |  Interval |                    Pipeline                    |
        |                      Instance                     |                  Module                 |   min   |   max   |    min   |    max   | min | max |                      Type                      |
        +---------------------------------------------------+-----------------------------------------+---------+---------+----------+----------+-----+-----+------------------------------------------------+
        |grp_cordiccart2pol_Pipeline_VITIS_LOOP_46_1_fu_99  |cordiccart2pol_Pipeline_VITIS_LOOP_46_1  |       34|       34|  0.340 us|  0.340 us|   33|   33|  loop auto-rewind stp (delay=0 clock cycles(s))|
        +---------------------------------------------------+-----------------------------------------+---------+---------+----------+----------+-----+-----+------------------------------------------------+

        * Loop: 
        N/A



================================================================
== Utilization Estimates
================================================================
* Summary: 
+-----------------+---------+-----+--------+-------+-----+
|       Name      | BRAM_18K| DSP |   FF   |  LUT  | URAM|
+-----------------+---------+-----+--------+-------+-----+
|DSP              |        -|    -|       -|      -|    -|
|Expression       |        -|    -|       0|    244|    -|
|FIFO             |        -|    -|       -|      -|    -|
|Instance         |        0|    2|     200|    576|    -|
|Memory           |        -|    -|       -|      -|    -|
|Multiplexer      |        -|    -|       0|     52|    -|
|Register         |        -|    -|     102|      -|    -|
+-----------------+---------+-----+--------+-------+-----+
|Total            |        0|    2|     302|    872|    0|
+-----------------+---------+-----+--------+-------+-----+
|Available        |      280|  220|  106400|  53200|    0|
+-----------------+---------+-----+--------+-------+-----+
|Utilization (%)  |        0|   ~0|      ~0|      1|    0|
+-----------------+---------+-----+--------+-------+-----+

+ Detail: 
    * Instance: 
    +---------------------------------------------------+-----------------------------------------+---------+----+-----+-----+-----+
    |                      Instance                     |                  Module                 | BRAM_18K| DSP|  FF | LUT | URAM|
    +---------------------------------------------------+-----------------------------------------+---------+----+-----+-----+-----+
    |grp_cordiccart2pol_Pipeline_VITIS_LOOP_46_1_fu_99  |cordiccart2pol_Pipeline_VITIS_LOOP_46_1  |        0|   0|  200|  538|    0|
    |mul_24s_23ns_46_1_1_U6                             |mul_24s_23ns_46_1_1                      |        0|   2|    0|   38|    0|
    +---------------------------------------------------+-----------------------------------------+---------+----+-----+-----+-----+
    |Total                                              |                                         |        0|   2|  200|  576|    0|
    +---------------------------------------------------+-----------------------------------------+---------+----+-----+-----+-----+

    * DSP: 
    N/A

    * Memory: 
    N/A

    * FIFO: 
    N/A

    * Expression: 
    +------------------------+----------+----+---+----+------------+------------+
    |      Variable Name     | Operation| DSP| FF| LUT| Bitwidth P0| Bitwidth P1|
    +------------------------+----------+----+---+----+------------+------------+
    |add_ln65_fu_208_p2      |         +|   0|  0|  31|          24|          24|
    |current_x_fu_134_p2     |         -|   0|  0|  31|           1|          24|
    |current_y_fu_140_p2     |         -|   0|  0|  31|           1|          24|
    |icmp_ln25_fu_120_p2     |      icmp|   0|  0|  31|          24|           1|
    |or_ln25_fu_114_p2       |        or|   0|  0|  24|          24|          24|
    |base_angle_1_fu_179_p3  |    select|   0|  0|  24|           1|          24|
    |base_angle_fu_171_p3    |    select|   0|  0|  24|           1|          24|
    |current_x_1_fu_155_p3   |    select|   0|  0|  24|           1|          24|
    |current_y_1_fu_146_p3   |    select|   0|  0|  24|           1|          24|
    +------------------------+----------+----+---+----+------------+------------+
    |Total                   |          |   0|  0| 244|          78|         193|
    +------------------------+----------+----+---+----+------------+------------+

    * Multiplexer: 
    +-------------------------------------+----+-----------+-----+-----------+
    |                 Name                | LUT| Input Size| Bits| Total Bits|
    +-------------------------------------+----+-----------+-----+-----------+
    |ap_NS_fsm                            |  20|          4|    1|          4|
    |ap_phi_mux_storemerge1_phi_fu_91_p4  |   9|          2|   24|         48|
    |r                                    |  14|          3|   24|         72|
    |storemerge1_reg_87                   |   9|          2|   24|         48|
    +-------------------------------------+----+-----------+-----+-----------+
    |Total                                |  52|         11|   73|        172|
    +-------------------------------------+----+-----------+-----+-----------+

    * Register: 
    +----------------------------------------------------------------+----+----+-----+-----------+
    |                              Name                              | FF | LUT| Bits| Const Bits|
    +----------------------------------------------------------------+----+----+-----+-----------+
    |ap_CS_fsm                                                       |   3|   0|    3|          0|
    |current_x_1_reg_246                                             |  24|   0|   24|          0|
    |current_y_1_reg_241                                             |  24|   0|   24|          0|
    |grp_cordiccart2pol_Pipeline_VITIS_LOOP_46_1_fu_99_ap_start_reg  |   1|   0|    1|          0|
    |icmp_ln25_reg_232                                               |   1|   0|    1|          0|
    |storemerge1_reg_87                                              |  24|   0|   24|          0|
    |tmp_reg_236                                                     |   1|   0|    1|          0|
    |y_read_reg_215                                                  |  24|   0|   24|          0|
    +----------------------------------------------------------------+----+----+-----+-----------+
    |Total                                                           | 102|   0|  102|          0|
    +----------------------------------------------------------------+----+----+-----+-----------+



================================================================
== Interface
================================================================
* Summary: 
+--------------+-----+-----+------------+----------------+--------------+
|   RTL Ports  | Dir | Bits|  Protocol  |  Source Object |    C Type    |
+--------------+-----+-----+------------+----------------+--------------+
|ap_clk        |   in|    1|  ap_ctrl_hs|  cordiccart2pol|  return value|
|ap_rst        |   in|    1|  ap_ctrl_hs|  cordiccart2pol|  return value|
|ap_start      |   in|    1|  ap_ctrl_hs|  cordiccart2pol|  return value|
|ap_done       |  out|    1|  ap_ctrl_hs|  cordiccart2pol|  return value|
|ap_idle       |  out|    1|  ap_ctrl_hs|  cordiccart2pol|  return value|
|ap_ready      |  out|    1|  ap_ctrl_hs|  cordiccart2pol|  return value|
|x             |   in|   24|     ap_none|               x|        scalar|
|y             |   in|   24|     ap_none|               y|        scalar|
|r             |  out|   24|      ap_vld|               r|       pointer|
|r_ap_vld      |  out|    1|      ap_vld|               r|       pointer|
|theta         |  out|   24|      ap_vld|           theta|       pointer|
|theta_ap_vld  |  out|    1|      ap_vld|           theta|       pointer|
+--------------+-----+-----+------------+----------------+--------------+

