

================================================================
== Vitis HLS Report for 'dft'
================================================================
* Date:           Fri Nov  7 07:42:30 2025

* Version:        2024.2 (Build 5238294 on Nov  8 2024)
* Project:        dft.comp
* Solution:       hls (Vivado IP Flow Target)
* Product family: zynq
* Target device:  xc7z020-clg400-1


================================================================
== Performance Estimates
================================================================
+ Timing: 
    * Summary: 
    +--------+----------+----------+------------+
    |  Clock |  Target  | Estimated| Uncertainty|
    +--------+----------+----------+------------+
    |ap_clk  |  10.00 ns|  7.256 ns|     2.70 ns|
    +--------+----------+----------+------------+

+ Latency: 
    * Summary: 
    +---------+---------+-----------+-----------+------+------+-------------------------------------------------+
    |  Latency (cycles) |   Latency (absolute)  |   Interval  |                     Pipeline                    |
    |   min   |   max   |    min    |    max    |  min |  max |                       Type                      |
    +---------+---------+-----------+-----------+------+------+-------------------------------------------------+
    |     6159|     6159|  61.590 us|  61.590 us|  6163|  6163|  loop auto-rewind stp (delay=19 clock cycles(s))|
    +---------+---------+-----------+-----------+------+------+-------------------------------------------------+

    + Detail: 
        * Instance: 
        N/A

        * Loop: 
        +-----------------------------------+---------+---------+----------+-----------+-----------+------+----------+
        |                                   |  Latency (cycles) | Iteration|  Initiation Interval  | Trip |          |
        |             Loop Name             |   min   |   max   |  Latency |  achieved |   target  | Count| Pipelined|
        +-----------------------------------+---------+---------+----------+-----------+-----------+------+----------+
        |- VITIS_LOOP_21_1_VITIS_LOOP_24_2  |     6157|     6157|        20|          6|          1|  1024|       yes|
        +-----------------------------------+---------+---------+----------+-----------+-----------+------+----------+



================================================================
== Utilization Estimates
================================================================
* Summary: 
+-----------------+---------+-----+--------+-------+-----+
|       Name      | BRAM_18K| DSP |   FF   |  LUT  | URAM|
+-----------------+---------+-----+--------+-------+-----+
|DSP              |        -|    -|       -|      -|    -|
|Expression       |        -|    -|       0|    164|    -|
|FIFO             |        -|    -|       -|      -|    -|
|Instance         |        -|    5|     348|   1563|    -|
|Memory           |       64|    -|       0|      0|    -|
|Multiplexer      |        -|    -|       0|    885|    -|
|Register         |        -|    -|     768|    128|    -|
+-----------------+---------+-----+--------+-------+-----+
|Total            |       64|    5|    1116|   2740|    0|
+-----------------+---------+-----+--------+-------+-----+
|Available        |      280|  220|  106400|  53200|    0|
+-----------------+---------+-----+--------+-------+-----+
|Utilization (%)  |       22|    2|       1|      5|    0|
+-----------------+---------+-----+--------+-------+-----+

+ Detail: 
    * Instance: 
    +---------------------------------------+------------------------------------+---------+----+-----+-----+-----+
    |                Instance               |               Module               | BRAM_18K| DSP|  FF | LUT | URAM|
    +---------------------------------------+------------------------------------+---------+----+-----+-----+-----+
    |faddfsub_32ns_32ns_32_5_full_dsp_1_U1  |faddfsub_32ns_32ns_32_5_full_dsp_1  |        0|   2|  205|  390|    0|
    |fmul_32ns_32ns_32_4_max_dsp_1_U2       |fmul_32ns_32ns_32_4_max_dsp_1       |        0|   3|  143|  321|    0|
    |sparsemux_65_5_32_1_1_U3               |sparsemux_65_5_32_1_1               |        0|   0|    0|  142|    0|
    |sparsemux_65_5_32_1_1_U4               |sparsemux_65_5_32_1_1               |        0|   0|    0|  142|    0|
    |sparsemux_65_5_32_1_1_U5               |sparsemux_65_5_32_1_1               |        0|   0|    0|  142|    0|
    |sparsemux_65_5_32_1_1_U6               |sparsemux_65_5_32_1_1               |        0|   0|    0|  142|    0|
    |sparsemux_65_5_32_1_1_U7               |sparsemux_65_5_32_1_1               |        0|   0|    0|  142|    0|
    |sparsemux_65_5_32_1_1_U8               |sparsemux_65_5_32_1_1               |        0|   0|    0|  142|    0|
    +---------------------------------------+------------------------------------+---------+----+-----+-----+-----+
    |Total                                  |                                    |        0|   5|  348| 1563|    0|
    +---------------------------------------+------------------------------------+---------+----+-----+-----+-----+

    * DSP: 
    N/A

    * Memory: 
    +----------------------------+--------------------------------------+---------+---+----+-----+------+-----+------+-------------+
    |           Memory           |                Module                | BRAM_18K| FF| LUT| URAM| Words| Bits| Banks| W*Bits*Banks|
    +----------------------------+--------------------------------------+---------+---+----+-----+------+-----+------+-------------+
    |p_ZL15cos_coeff_table_0_U   |p_ZL15cos_coeff_table_0_ROM_AUTO_1R   |        1|  0|   0|    0|    32|   32|     1|         1024|
    |p_ZL15cos_coeff_table_10_U  |p_ZL15cos_coeff_table_10_ROM_AUTO_1R  |        1|  0|   0|    0|    32|   32|     1|         1024|
    |p_ZL15cos_coeff_table_11_U  |p_ZL15cos_coeff_table_11_ROM_AUTO_1R  |        1|  0|   0|    0|    32|   32|     1|         1024|
    |p_ZL15cos_coeff_table_21_U  |p_ZL15cos_coeff_table_11_ROM_AUTO_1R  |        1|  0|   0|    0|    32|   32|     1|         1024|
    |p_ZL15cos_coeff_table_12_U  |p_ZL15cos_coeff_table_12_ROM_AUTO_1R  |        1|  0|   0|    0|    32|   32|     1|         1024|
    |p_ZL15cos_coeff_table_13_U  |p_ZL15cos_coeff_table_13_ROM_AUTO_1R  |        1|  0|   0|    0|    32|   32|     1|         1024|
    |p_ZL15cos_coeff_table_19_U  |p_ZL15cos_coeff_table_13_ROM_AUTO_1R  |        1|  0|   0|    0|    32|   32|     1|         1024|
    |p_ZL15cos_coeff_table_14_U  |p_ZL15cos_coeff_table_14_ROM_AUTO_1R  |        1|  0|   0|    0|    32|   32|     1|         1024|
    |p_ZL15cos_coeff_table_15_U  |p_ZL15cos_coeff_table_15_ROM_AUTO_1R  |        1|  0|   0|    0|    32|   32|     1|         1024|
    |p_ZL15cos_coeff_table_17_U  |p_ZL15cos_coeff_table_15_ROM_AUTO_1R  |        1|  0|   0|    0|    32|   32|     1|         1024|
    |p_ZL15cos_coeff_table_16_U  |p_ZL15cos_coeff_table_16_ROM_AUTO_1R  |        1|  0|   0|    0|    32|   32|     1|         1024|
    |p_ZL15cos_coeff_table_18_U  |p_ZL15cos_coeff_table_18_ROM_AUTO_1R  |        1|  0|   0|    0|    32|   32|     1|         1024|
    |p_ZL15cos_coeff_table_1_U   |p_ZL15cos_coeff_table_1_ROM_AUTO_1R   |        1|  0|   0|    0|    32|   32|     1|         1024|
    |p_ZL15cos_coeff_table_20_U  |p_ZL15cos_coeff_table_20_ROM_AUTO_1R  |        1|  0|   0|    0|    32|   32|     1|         1024|
    |p_ZL15cos_coeff_table_22_U  |p_ZL15cos_coeff_table_22_ROM_AUTO_1R  |        1|  0|   0|    0|    32|   32|     1|         1024|
    |p_ZL15cos_coeff_table_23_U  |p_ZL15cos_coeff_table_23_ROM_AUTO_1R  |        1|  0|   0|    0|    32|   32|     1|         1024|
    |p_ZL15cos_coeff_table_24_U  |p_ZL15cos_coeff_table_24_ROM_AUTO_1R  |        1|  0|   0|    0|    32|   32|     1|         1024|
    |p_ZL15cos_coeff_table_26_U  |p_ZL15cos_coeff_table_26_ROM_AUTO_1R  |        1|  0|   0|    0|    32|   32|     1|         1024|
    |p_ZL15cos_coeff_table_27_U  |p_ZL15cos_coeff_table_27_ROM_AUTO_1R  |        1|  0|   0|    0|    32|   32|     1|         1024|
    |p_ZL15cos_coeff_table_28_U  |p_ZL15cos_coeff_table_28_ROM_AUTO_1R  |        1|  0|   0|    0|    32|   32|     1|         1024|
    |p_ZL15cos_coeff_table_29_U  |p_ZL15cos_coeff_table_29_ROM_AUTO_1R  |        1|  0|   0|    0|    32|   32|     1|         1024|
    |p_ZL15cos_coeff_table_2_U   |p_ZL15cos_coeff_table_2_ROM_AUTO_1R   |        1|  0|   0|    0|    32|   32|     1|         1024|
    |p_ZL15cos_coeff_table_30_U  |p_ZL15cos_coeff_table_30_ROM_AUTO_1R  |        1|  0|   0|    0|    32|   32|     1|         1024|
    |p_ZL15cos_coeff_table_31_U  |p_ZL15cos_coeff_table_31_ROM_AUTO_1R  |        1|  0|   0|    0|    32|   32|     1|         1024|
    |p_ZL15cos_coeff_table_3_U   |p_ZL15cos_coeff_table_3_ROM_AUTO_1R   |        1|  0|   0|    0|    32|   32|     1|         1024|
    |p_ZL15cos_coeff_table_4_U   |p_ZL15cos_coeff_table_4_ROM_AUTO_1R   |        1|  0|   0|    0|    32|   32|     1|         1024|
    |p_ZL15cos_coeff_table_5_U   |p_ZL15cos_coeff_table_5_ROM_AUTO_1R   |        1|  0|   0|    0|    32|   32|     1|         1024|
    |p_ZL15cos_coeff_table_6_U   |p_ZL15cos_coeff_table_6_ROM_AUTO_1R   |        1|  0|   0|    0|    32|   32|     1|         1024|
    |p_ZL15cos_coeff_table_7_U   |p_ZL15cos_coeff_table_7_ROM_AUTO_1R   |        1|  0|   0|    0|    32|   32|     1|         1024|
    |p_ZL15cos_coeff_table_25_U  |p_ZL15cos_coeff_table_7_ROM_AUTO_1R   |        1|  0|   0|    0|    32|   32|     1|         1024|
    |p_ZL15cos_coeff_table_8_U   |p_ZL15cos_coeff_table_8_ROM_AUTO_1R   |        1|  0|   0|    0|    32|   32|     1|         1024|
    |p_ZL15cos_coeff_table_9_U   |p_ZL15cos_coeff_table_9_ROM_AUTO_1R   |        1|  0|   0|    0|    32|   32|     1|         1024|
    |p_ZL15sin_coeff_table_0_U   |p_ZL15sin_coeff_table_0_ROM_AUTO_1R   |        1|  0|   0|    0|    32|   32|     1|         1024|
    |p_ZL15sin_coeff_table_10_U  |p_ZL15sin_coeff_table_10_ROM_AUTO_1R  |        1|  0|   0|    0|    32|   32|     1|         1024|
    |p_ZL15sin_coeff_table_11_U  |p_ZL15sin_coeff_table_11_ROM_AUTO_1R  |        1|  0|   0|    0|    32|   32|     1|         1024|
    |p_ZL15sin_coeff_table_12_U  |p_ZL15sin_coeff_table_12_ROM_AUTO_1R  |        1|  0|   0|    0|    32|   32|     1|         1024|
    |p_ZL15sin_coeff_table_13_U  |p_ZL15sin_coeff_table_13_ROM_AUTO_1R  |        1|  0|   0|    0|    32|   32|     1|         1024|
    |p_ZL15sin_coeff_table_14_U  |p_ZL15sin_coeff_table_14_ROM_AUTO_1R  |        1|  0|   0|    0|    32|   32|     1|         1024|
    |p_ZL15sin_coeff_table_15_U  |p_ZL15sin_coeff_table_15_ROM_AUTO_1R  |        1|  0|   0|    0|    32|   32|     1|         1024|
    |p_ZL15sin_coeff_table_16_U  |p_ZL15sin_coeff_table_16_ROM_AUTO_1R  |        1|  0|   0|    0|    32|   32|     1|         1024|
    |p_ZL15sin_coeff_table_17_U  |p_ZL15sin_coeff_table_17_ROM_AUTO_1R  |        1|  0|   0|    0|    32|   32|     1|         1024|
    |p_ZL15sin_coeff_table_18_U  |p_ZL15sin_coeff_table_18_ROM_AUTO_1R  |        1|  0|   0|    0|    32|   32|     1|         1024|
    |p_ZL15sin_coeff_table_19_U  |p_ZL15sin_coeff_table_19_ROM_AUTO_1R  |        1|  0|   0|    0|    32|   32|     1|         1024|
    |p_ZL15sin_coeff_table_1_U   |p_ZL15sin_coeff_table_1_ROM_AUTO_1R   |        1|  0|   0|    0|    32|   32|     1|         1024|
    |p_ZL15sin_coeff_table_20_U  |p_ZL15sin_coeff_table_20_ROM_AUTO_1R  |        1|  0|   0|    0|    32|   32|     1|         1024|
    |p_ZL15sin_coeff_table_21_U  |p_ZL15sin_coeff_table_21_ROM_AUTO_1R  |        1|  0|   0|    0|    32|   32|     1|         1024|
    |p_ZL15sin_coeff_table_22_U  |p_ZL15sin_coeff_table_22_ROM_AUTO_1R  |        1|  0|   0|    0|    32|   32|     1|         1024|
    |p_ZL15sin_coeff_table_23_U  |p_ZL15sin_coeff_table_23_ROM_AUTO_1R  |        1|  0|   0|    0|    32|   32|     1|         1024|
    |p_ZL15sin_coeff_table_24_U  |p_ZL15sin_coeff_table_24_ROM_AUTO_1R  |        1|  0|   0|    0|    32|   32|     1|         1024|
    |p_ZL15sin_coeff_table_25_U  |p_ZL15sin_coeff_table_25_ROM_AUTO_1R  |        1|  0|   0|    0|    32|   32|     1|         1024|
    |p_ZL15sin_coeff_table_26_U  |p_ZL15sin_coeff_table_26_ROM_AUTO_1R  |        1|  0|   0|    0|    32|   32|     1|         1024|
    |p_ZL15sin_coeff_table_27_U  |p_ZL15sin_coeff_table_27_ROM_AUTO_1R  |        1|  0|   0|    0|    32|   32|     1|         1024|
    |p_ZL15sin_coeff_table_28_U  |p_ZL15sin_coeff_table_28_ROM_AUTO_1R  |        1|  0|   0|    0|    32|   32|     1|         1024|
    |p_ZL15sin_coeff_table_29_U  |p_ZL15sin_coeff_table_29_ROM_AUTO_1R  |        1|  0|   0|    0|    32|   32|     1|         1024|
    |p_ZL15sin_coeff_table_2_U   |p_ZL15sin_coeff_table_2_ROM_AUTO_1R   |        1|  0|   0|    0|    32|   32|     1|         1024|
    |p_ZL15sin_coeff_table_30_U  |p_ZL15sin_coeff_table_30_ROM_AUTO_1R  |        1|  0|   0|    0|    32|   32|     1|         1024|
    |p_ZL15sin_coeff_table_31_U  |p_ZL15sin_coeff_table_31_ROM_AUTO_1R  |        1|  0|   0|    0|    32|   32|     1|         1024|
    |p_ZL15sin_coeff_table_3_U   |p_ZL15sin_coeff_table_3_ROM_AUTO_1R   |        1|  0|   0|    0|    32|   32|     1|         1024|
    |p_ZL15sin_coeff_table_4_U   |p_ZL15sin_coeff_table_4_ROM_AUTO_1R   |        1|  0|   0|    0|    32|   32|     1|         1024|
    |p_ZL15sin_coeff_table_5_U   |p_ZL15sin_coeff_table_5_ROM_AUTO_1R   |        1|  0|   0|    0|    32|   32|     1|         1024|
    |p_ZL15sin_coeff_table_6_U   |p_ZL15sin_coeff_table_6_ROM_AUTO_1R   |        1|  0|   0|    0|    32|   32|     1|         1024|
    |p_ZL15sin_coeff_table_7_U   |p_ZL15sin_coeff_table_7_ROM_AUTO_1R   |        1|  0|   0|    0|    32|   32|     1|         1024|
    |p_ZL15sin_coeff_table_8_U   |p_ZL15sin_coeff_table_8_ROM_AUTO_1R   |        1|  0|   0|    0|    32|   32|     1|         1024|
    |p_ZL15sin_coeff_table_9_U   |p_ZL15sin_coeff_table_9_ROM_AUTO_1R   |        1|  0|   0|    0|    32|   32|     1|         1024|
    +----------------------------+--------------------------------------+---------+---+----+-----+------+-----+------+-------------+
    |Total                       |                                      |       64|  0|   0|    0|  2048| 2048|    64|        65536|
    +----------------------------+--------------------------------------+---------+---+----+-----+------+-----+------+-------------+

    * FIFO: 
    N/A

    * Expression: 
    +-------------------------------+----------+----+---+----+------------+------------+
    |         Variable Name         | Operation| DSP| FF| LUT| Bitwidth P0| Bitwidth P1|
    +-------------------------------+----------+----+---+----+------------+------------+
    |add_ln21_1_fu_2914_p2          |         +|   0|  0|  13|          10|           1|
    |add_ln21_fu_3264_p2            |         +|   0|  0|  14|           6|           1|
    |j_fu_3561_p2                   |         +|   0|  0|  14|           6|           1|
    |ap_condition_1047              |       and|   0|  0|   2|           1|           1|
    |ap_condition_2922              |       and|   0|  0|   2|           1|           1|
    |ap_predicate_pred1223_state18  |       and|   0|  0|   2|           1|           1|
    |ap_predicate_pred1231_state18  |       and|   0|  0|   2|           1|           1|
    |ap_predicate_pred1238_state18  |       and|   0|  0|   2|           1|           1|
    |ap_predicate_pred1245_state18  |       and|   0|  0|   2|           1|           1|
    |ap_predicate_pred1252_state18  |       and|   0|  0|   2|           1|           1|
    |ap_predicate_pred1259_state18  |       and|   0|  0|   2|           1|           1|
    |ap_predicate_pred1266_state18  |       and|   0|  0|   2|           1|           1|
    |ap_predicate_pred1273_state18  |       and|   0|  0|   2|           1|           1|
    |ap_predicate_pred1280_state18  |       and|   0|  0|   2|           1|           1|
    |ap_predicate_pred1287_state18  |       and|   0|  0|   2|           1|           1|
    |ap_predicate_pred1294_state18  |       and|   0|  0|   2|           1|           1|
    |ap_predicate_pred1301_state18  |       and|   0|  0|   2|           1|           1|
    |ap_predicate_pred1308_state18  |       and|   0|  0|   2|           1|           1|
    |ap_predicate_pred1315_state18  |       and|   0|  0|   2|           1|           1|
    |ap_predicate_pred1322_state18  |       and|   0|  0|   2|           1|           1|
    |ap_predicate_pred1329_state18  |       and|   0|  0|   2|           1|           1|
    |ap_predicate_pred1336_state18  |       and|   0|  0|   2|           1|           1|
    |ap_predicate_pred1343_state18  |       and|   0|  0|   2|           1|           1|
    |ap_predicate_pred1350_state18  |       and|   0|  0|   2|           1|           1|
    |ap_predicate_pred1357_state18  |       and|   0|  0|   2|           1|           1|
    |ap_predicate_pred1364_state18  |       and|   0|  0|   2|           1|           1|
    |ap_predicate_pred1371_state18  |       and|   0|  0|   2|           1|           1|
    |ap_predicate_pred1378_state18  |       and|   0|  0|   2|           1|           1|
    |ap_predicate_pred1385_state18  |       and|   0|  0|   2|           1|           1|
    |ap_predicate_pred1392_state18  |       and|   0|  0|   2|           1|           1|
    |ap_predicate_pred1399_state18  |       and|   0|  0|   2|           1|           1|
    |ap_predicate_pred1406_state18  |       and|   0|  0|   2|           1|           1|
    |ap_predicate_pred1413_state18  |       and|   0|  0|   2|           1|           1|
    |ap_predicate_pred1420_state18  |       and|   0|  0|   2|           1|           1|
    |ap_predicate_pred1427_state18  |       and|   0|  0|   2|           1|           1|
    |ap_predicate_pred1434_state18  |       and|   0|  0|   2|           1|           1|
    |ap_predicate_pred1441_state18  |       and|   0|  0|   2|           1|           1|
    |first_iter_0_fu_2904_p2        |      icmp|   0|  0|  14|           6|           1|
    |icmp_ln21_fu_3270_p2           |      icmp|   0|  0|  13|          10|           2|
    |icmp_ln24_fu_3566_p2           |      icmp|   0|  0|  14|           6|           7|
    |i_fu_2896_p3                   |    select|   0|  0|   6|           1|           6|
    |select_ln16_fu_2888_p3         |    select|   0|  0|   6|           1|           1|
    |ap_enable_pp0                  |       xor|   0|  0|   2|           1|           2|
    +-------------------------------+----------+----+---+----+------------+------------+
    |Total                          |          |   0|  0| 164|          81|          56|
    +-------------------------------+----------+----+---+----+------------+------------+

    * Multiplexer: 
    +--------------------------------------------------+----+-----------+-----+-----------+
    |                       Name                       | LUT| Input Size| Bits| Total Bits|
    +--------------------------------------------------+----+-----------+-----+-----------+
    |add2667_fu_516                                    |   9|          2|   32|         64|
    |add58_fu_520                                      |   9|          2|   32|         64|
    |add_ln2110_fu_512                                 |   9|          2|    6|         12|
    |ap_NS_fsm                                         |  37|          7|    1|          7|
    |ap_condition_exit_pp0_iter0_stage5_pp0_iter1_reg  |   9|          2|    1|          2|
    |ap_condition_exit_pp0_iter0_stage5_pp0_iter2_reg  |   9|          2|    1|          2|
    |ap_condition_exit_pp0_iter0_stage5_pp0_iter3_reg  |   9|          2|    1|          2|
    |ap_done_int                                       |   9|          2|    1|          2|
    |ap_enable_reg_pp0_iter0                           |   9|          2|    1|          2|
    |ap_enable_reg_pp0_iter3                           |   9|          2|    1|          2|
    |ap_loop_exit_ready_pp0_iter1_reg                  |   9|          2|    1|          2|
    |ap_loop_exit_ready_pp0_iter2_reg                  |   9|          2|    1|          2|
    |ap_loop_exit_ready_pp0_iter3_reg                  |   9|          2|    1|          2|
    |ap_phi_mux_icmp_ln249_phi_fu_2575_p4              |   9|          2|    1|          2|
    |ap_sig_allocacmp_add_ln2110_load                  |   9|          2|    6|         12|
    |ap_sig_allocacmp_i5_load                          |   9|          2|    6|         12|
    |ap_sig_allocacmp_indvar_flatten4_load             |   9|          2|   10|         20|
    |ap_sig_allocacmp_j6_load                          |   9|          2|    6|         12|
    |grp_fu_2582_opcode                                |  14|          3|    2|          6|
    |grp_fu_2582_p0                                    |  25|          5|   32|        160|
    |grp_fu_2582_p1                                    |  25|          5|   32|        160|
    |grp_fu_2586_p0                                    |  14|          3|   32|         96|
    |grp_fu_2586_p1                                    |  14|          3|   32|         96|
    |i5_fu_504                                         |   9|          2|    6|         12|
    |imag_output_0_o                                   |   9|          2|   32|         64|
    |imag_output_10_o                                  |   9|          2|   32|         64|
    |imag_output_11_o                                  |   9|          2|   32|         64|
    |imag_output_12_o                                  |   9|          2|   32|         64|
    |imag_output_13_o                                  |   9|          2|   32|         64|
    |imag_output_14_o                                  |   9|          2|   32|         64|
    |imag_output_15_o                                  |   9|          2|   32|         64|
    |imag_output_16_o                                  |   9|          2|   32|         64|
    |imag_output_17_o                                  |   9|          2|   32|         64|
    |imag_output_18_o                                  |   9|          2|   32|         64|
    |imag_output_19_o                                  |   9|          2|   32|         64|
    |imag_output_1_o                                   |   9|          2|   32|         64|
    |imag_output_20_o                                  |   9|          2|   32|         64|
    |imag_output_21_o                                  |   9|          2|   32|         64|
    |imag_output_22_o                                  |   9|          2|   32|         64|
    |imag_output_23_o                                  |   9|          2|   32|         64|
    |imag_output_24_o                                  |   9|          2|   32|         64|
    |imag_output_25_o                                  |   9|          2|   32|         64|
    |imag_output_26_o                                  |   9|          2|   32|         64|
    |imag_output_27_o                                  |   9|          2|   32|         64|
    |imag_output_28_o                                  |   9|          2|   32|         64|
    |imag_output_29_o                                  |   9|          2|   32|         64|
    |imag_output_2_o                                   |   9|          2|   32|         64|
    |imag_output_30_o                                  |   9|          2|   32|         64|
    |imag_output_31_o                                  |   9|          2|   32|         64|
    |imag_output_3_o                                   |   9|          2|   32|         64|
    |imag_output_4_o                                   |   9|          2|   32|         64|
    |imag_output_5_o                                   |   9|          2|   32|         64|
    |imag_output_6_o                                   |   9|          2|   32|         64|
    |imag_output_7_o                                   |   9|          2|   32|         64|
    |imag_output_8_o                                   |   9|          2|   32|         64|
    |imag_output_9_o                                   |   9|          2|   32|         64|
    |indvar_flatten4_fu_500                            |   9|          2|   10|         20|
    |j6_fu_508                                         |   9|          2|    6|         12|
    |real_output_0_o                                   |   9|          2|   32|         64|
    |real_output_10_o                                  |   9|          2|   32|         64|
    |real_output_11_o                                  |   9|          2|   32|         64|
    |real_output_12_o                                  |   9|          2|   32|         64|
    |real_output_13_o                                  |   9|          2|   32|         64|
    |real_output_14_o                                  |   9|          2|   32|         64|
    |real_output_15_o                                  |   9|          2|   32|         64|
    |real_output_16_o                                  |   9|          2|   32|         64|
    |real_output_17_o                                  |   9|          2|   32|         64|
    |real_output_18_o                                  |   9|          2|   32|         64|
    |real_output_19_o                                  |   9|          2|   32|         64|
    |real_output_1_o                                   |   9|          2|   32|         64|
    |real_output_20_o                                  |   9|          2|   32|         64|
    |real_output_21_o                                  |   9|          2|   32|         64|
    |real_output_22_o                                  |   9|          2|   32|         64|
    |real_output_23_o                                  |   9|          2|   32|         64|
    |real_output_24_o                                  |   9|          2|   32|         64|
    |real_output_25_o                                  |   9|          2|   32|         64|
    |real_output_26_o                                  |   9|          2|   32|         64|
    |real_output_27_o                                  |   9|          2|   32|         64|
    |real_output_28_o                                  |   9|          2|   32|         64|
    |real_output_29_o                                  |   9|          2|   32|         64|
    |real_output_2_o                                   |   9|          2|   32|         64|
    |real_output_30_o                                  |   9|          2|   32|         64|
    |real_output_31_o                                  |   9|          2|   32|         64|
    |real_output_3_o                                   |   9|          2|   32|         64|
    |real_output_4_o                                   |   9|          2|   32|         64|
    |real_output_5_o                                   |   9|          2|   32|         64|
    |real_output_6_o                                   |   9|          2|   32|         64|
    |real_output_7_o                                   |   9|          2|   32|         64|
    |real_output_8_o                                   |   9|          2|   32|         64|
    |real_output_9_o                                   |   9|          2|   32|         64|
    +--------------------------------------------------+----+-----------+-----+-----------+
    |Total                                             | 885|        194| 2309|       4881|
    +--------------------------------------------------+----+-----------+-----+-----------+

    * Register: 
    +--------------------------------------------------+----+----+-----+-----------+
    |                       Name                       | FF | LUT| Bits| Const Bits|
    +--------------------------------------------------+----+----+-----+-----------+
    |add2667_fu_516                                    |  32|   0|   32|          0|
    |add58_fu_520                                      |  32|   0|   32|          0|
    |add_ln2110_fu_512                                 |   6|   0|    6|          0|
    |ap_CS_fsm                                         |   6|   0|    6|          0|
    |ap_condition_exit_pp0_iter0_stage5_pp0_iter1_reg  |   1|   0|    1|          0|
    |ap_condition_exit_pp0_iter0_stage5_pp0_iter2_reg  |   1|   0|    1|          0|
    |ap_condition_exit_pp0_iter0_stage5_pp0_iter3_reg  |   1|   0|    1|          0|
    |ap_done_reg                                       |   1|   0|    1|          0|
    |ap_enable_reg_pp0_iter0_reg                       |   1|   0|    1|          0|
    |ap_enable_reg_pp0_iter1                           |   1|   0|    1|          0|
    |ap_enable_reg_pp0_iter2                           |   1|   0|    1|          0|
    |ap_enable_reg_pp0_iter3                           |   1|   0|    1|          0|
    |ap_loop_exit_ready_pp0_iter1_reg                  |   1|   0|    1|          0|
    |ap_loop_exit_ready_pp0_iter2_reg                  |   1|   0|    1|          0|
    |ap_loop_exit_ready_pp0_iter3_reg                  |   1|   0|    1|          0|
    |ap_predicate_pred1223_state18                     |   1|   0|    1|          0|
    |ap_predicate_pred1223_state19                     |   1|   0|    1|          0|
    |ap_predicate_pred1231_state18                     |   1|   0|    1|          0|
    |ap_predicate_pred1231_state19                     |   1|   0|    1|          0|
    |ap_predicate_pred1238_state18                     |   1|   0|    1|          0|
    |ap_predicate_pred1238_state19                     |   1|   0|    1|          0|
    |ap_predicate_pred1245_state18                     |   1|   0|    1|          0|
    |ap_predicate_pred1245_state19                     |   1|   0|    1|          0|
    |ap_predicate_pred1252_state18                     |   1|   0|    1|          0|
    |ap_predicate_pred1252_state19                     |   1|   0|    1|          0|
    |ap_predicate_pred1259_state18                     |   1|   0|    1|          0|
    |ap_predicate_pred1259_state19                     |   1|   0|    1|          0|
    |ap_predicate_pred1266_state18                     |   1|   0|    1|          0|
    |ap_predicate_pred1266_state19                     |   1|   0|    1|          0|
    |ap_predicate_pred1273_state18                     |   1|   0|    1|          0|
    |ap_predicate_pred1273_state19                     |   1|   0|    1|          0|
    |ap_predicate_pred1280_state18                     |   1|   0|    1|          0|
    |ap_predicate_pred1280_state19                     |   1|   0|    1|          0|
    |ap_predicate_pred1287_state18                     |   1|   0|    1|          0|
    |ap_predicate_pred1287_state19                     |   1|   0|    1|          0|
    |ap_predicate_pred1294_state18                     |   1|   0|    1|          0|
    |ap_predicate_pred1294_state19                     |   1|   0|    1|          0|
    |ap_predicate_pred1301_state18                     |   1|   0|    1|          0|
    |ap_predicate_pred1301_state19                     |   1|   0|    1|          0|
    |ap_predicate_pred1308_state18                     |   1|   0|    1|          0|
    |ap_predicate_pred1308_state19                     |   1|   0|    1|          0|
    |ap_predicate_pred1315_state18                     |   1|   0|    1|          0|
    |ap_predicate_pred1315_state19                     |   1|   0|    1|          0|
    |ap_predicate_pred1322_state18                     |   1|   0|    1|          0|
    |ap_predicate_pred1322_state19                     |   1|   0|    1|          0|
    |ap_predicate_pred1329_state18                     |   1|   0|    1|          0|
    |ap_predicate_pred1329_state19                     |   1|   0|    1|          0|
    |ap_predicate_pred1336_state18                     |   1|   0|    1|          0|
    |ap_predicate_pred1336_state19                     |   1|   0|    1|          0|
    |ap_predicate_pred1343_state18                     |   1|   0|    1|          0|
    |ap_predicate_pred1343_state19                     |   1|   0|    1|          0|
    |ap_predicate_pred1350_state18                     |   1|   0|    1|          0|
    |ap_predicate_pred1350_state19                     |   1|   0|    1|          0|
    |ap_predicate_pred1357_state18                     |   1|   0|    1|          0|
    |ap_predicate_pred1357_state19                     |   1|   0|    1|          0|
    |ap_predicate_pred1364_state18                     |   1|   0|    1|          0|
    |ap_predicate_pred1364_state19                     |   1|   0|    1|          0|
    |ap_predicate_pred1371_state18                     |   1|   0|    1|          0|
    |ap_predicate_pred1371_state19                     |   1|   0|    1|          0|
    |ap_predicate_pred1378_state18                     |   1|   0|    1|          0|
    |ap_predicate_pred1378_state19                     |   1|   0|    1|          0|
    |ap_predicate_pred1385_state18                     |   1|   0|    1|          0|
    |ap_predicate_pred1385_state19                     |   1|   0|    1|          0|
    |ap_predicate_pred1392_state18                     |   1|   0|    1|          0|
    |ap_predicate_pred1392_state19                     |   1|   0|    1|          0|
    |ap_predicate_pred1399_state18                     |   1|   0|    1|          0|
    |ap_predicate_pred1399_state19                     |   1|   0|    1|          0|
    |ap_predicate_pred1406_state18                     |   1|   0|    1|          0|
    |ap_predicate_pred1406_state19                     |   1|   0|    1|          0|
    |ap_predicate_pred1413_state18                     |   1|   0|    1|          0|
    |ap_predicate_pred1413_state19                     |   1|   0|    1|          0|
    |ap_predicate_pred1420_state18                     |   1|   0|    1|          0|
    |ap_predicate_pred1420_state19                     |   1|   0|    1|          0|
    |ap_predicate_pred1427_state18                     |   1|   0|    1|          0|
    |ap_predicate_pred1427_state19                     |   1|   0|    1|          0|
    |ap_predicate_pred1434_state18                     |   1|   0|    1|          0|
    |ap_predicate_pred1434_state19                     |   1|   0|    1|          0|
    |ap_predicate_pred1441_state18                     |   1|   0|    1|          0|
    |ap_predicate_pred1441_state19                     |   1|   0|    1|          0|
    |c_reg_4600                                        |  32|   0|   32|          0|
    |first_iter_0_reg_4250                             |   1|   0|    1|          0|
    |i5_fu_504                                         |   6|   0|    6|          0|
    |icmp_ln21_reg_4596                                |   1|   0|    1|          0|
    |icmp_ln24_reg_4615                                |   1|   0|    1|          0|
    |indvar_flatten4_fu_500                            |  10|   0|   10|          0|
    |j6_fu_508                                         |   6|   0|    6|          0|
    |mul1_reg_4620                                     |  32|   0|   32|          0|
    |mul2_reg_4625                                     |  32|   0|   32|          0|
    |mul3_reg_4630                                     |  32|   0|   32|          0|
    |mul_reg_4610                                      |  32|   0|   32|          0|
    |reg_2590                                          |  32|   0|   32|          0|
    |reg_2595                                          |  32|   0|   32|          0|
    |s_reg_4605                                        |  32|   0|   32|          0|
    |select_ln16_reg_4245                              |   6|   0|    6|          0|
    |tmp_4_reg_4586                                    |  32|   0|   32|          0|
    |tmp_5_reg_4591                                    |  32|   0|   32|          0|
    |trunc_ln21_reg_4254                               |   5|   0|    5|          0|
    |trunc_ln24_reg_4580                               |   5|   0|    5|          0|
    |first_iter_0_reg_4250                             |  64|  32|    1|          0|
    |icmp_ln21_reg_4596                                |  64|  32|    1|          0|
    |icmp_ln24_reg_4615                                |  64|  32|    1|          0|
    |trunc_ln21_reg_4254                               |  64|  32|    5|          0|
    +--------------------------------------------------+----+----+-----+-----------+
    |Total                                             | 768| 128|  520|          0|
    +--------------------------------------------------+----+----+-----+-----------+



================================================================
== Interface
================================================================
* Summary: 
+-------------------------+-----+-----+------------+----------------+--------------+
|        RTL Ports        | Dir | Bits|  Protocol  |  Source Object |    C Type    |
+-------------------------+-----+-----+------------+----------------+--------------+
|ap_clk                   |   in|    1|  ap_ctrl_hs|             dft|  return value|
|ap_rst                   |   in|    1|  ap_ctrl_hs|             dft|  return value|
|ap_start                 |   in|    1|  ap_ctrl_hs|             dft|  return value|
|ap_done                  |  out|    1|  ap_ctrl_hs|             dft|  return value|
|ap_idle                  |  out|    1|  ap_ctrl_hs|             dft|  return value|
|ap_ready                 |  out|    1|  ap_ctrl_hs|             dft|  return value|
|real_sample_0            |   in|   32|     ap_none|   real_sample_0|       pointer|
|real_sample_1            |   in|   32|     ap_none|   real_sample_1|       pointer|
|real_sample_2            |   in|   32|     ap_none|   real_sample_2|       pointer|
|real_sample_3            |   in|   32|     ap_none|   real_sample_3|       pointer|
|real_sample_4            |   in|   32|     ap_none|   real_sample_4|       pointer|
|real_sample_5            |   in|   32|     ap_none|   real_sample_5|       pointer|
|real_sample_6            |   in|   32|     ap_none|   real_sample_6|       pointer|
|real_sample_7            |   in|   32|     ap_none|   real_sample_7|       pointer|
|real_sample_8            |   in|   32|     ap_none|   real_sample_8|       pointer|
|real_sample_9            |   in|   32|     ap_none|   real_sample_9|       pointer|
|real_sample_10           |   in|   32|     ap_none|  real_sample_10|       pointer|
|real_sample_11           |   in|   32|     ap_none|  real_sample_11|       pointer|
|real_sample_12           |   in|   32|     ap_none|  real_sample_12|       pointer|
|real_sample_13           |   in|   32|     ap_none|  real_sample_13|       pointer|
|real_sample_14           |   in|   32|     ap_none|  real_sample_14|       pointer|
|real_sample_15           |   in|   32|     ap_none|  real_sample_15|       pointer|
|real_sample_16           |   in|   32|     ap_none|  real_sample_16|       pointer|
|real_sample_17           |   in|   32|     ap_none|  real_sample_17|       pointer|
|real_sample_18           |   in|   32|     ap_none|  real_sample_18|       pointer|
|real_sample_19           |   in|   32|     ap_none|  real_sample_19|       pointer|
|real_sample_20           |   in|   32|     ap_none|  real_sample_20|       pointer|
|real_sample_21           |   in|   32|     ap_none|  real_sample_21|       pointer|
|real_sample_22           |   in|   32|     ap_none|  real_sample_22|       pointer|
|real_sample_23           |   in|   32|     ap_none|  real_sample_23|       pointer|
|real_sample_24           |   in|   32|     ap_none|  real_sample_24|       pointer|
|real_sample_25           |   in|   32|     ap_none|  real_sample_25|       pointer|
|real_sample_26           |   in|   32|     ap_none|  real_sample_26|       pointer|
|real_sample_27           |   in|   32|     ap_none|  real_sample_27|       pointer|
|real_sample_28           |   in|   32|     ap_none|  real_sample_28|       pointer|
|real_sample_29           |   in|   32|     ap_none|  real_sample_29|       pointer|
|real_sample_30           |   in|   32|     ap_none|  real_sample_30|       pointer|
|real_sample_31           |   in|   32|     ap_none|  real_sample_31|       pointer|
|imag_sample_0            |   in|   32|     ap_none|   imag_sample_0|       pointer|
|imag_sample_1            |   in|   32|     ap_none|   imag_sample_1|       pointer|
|imag_sample_2            |   in|   32|     ap_none|   imag_sample_2|       pointer|
|imag_sample_3            |   in|   32|     ap_none|   imag_sample_3|       pointer|
|imag_sample_4            |   in|   32|     ap_none|   imag_sample_4|       pointer|
|imag_sample_5            |   in|   32|     ap_none|   imag_sample_5|       pointer|
|imag_sample_6            |   in|   32|     ap_none|   imag_sample_6|       pointer|
|imag_sample_7            |   in|   32|     ap_none|   imag_sample_7|       pointer|
|imag_sample_8            |   in|   32|     ap_none|   imag_sample_8|       pointer|
|imag_sample_9            |   in|   32|     ap_none|   imag_sample_9|       pointer|
|imag_sample_10           |   in|   32|     ap_none|  imag_sample_10|       pointer|
|imag_sample_11           |   in|   32|     ap_none|  imag_sample_11|       pointer|
|imag_sample_12           |   in|   32|     ap_none|  imag_sample_12|       pointer|
|imag_sample_13           |   in|   32|     ap_none|  imag_sample_13|       pointer|
|imag_sample_14           |   in|   32|     ap_none|  imag_sample_14|       pointer|
|imag_sample_15           |   in|   32|     ap_none|  imag_sample_15|       pointer|
|imag_sample_16           |   in|   32|     ap_none|  imag_sample_16|       pointer|
|imag_sample_17           |   in|   32|     ap_none|  imag_sample_17|       pointer|
|imag_sample_18           |   in|   32|     ap_none|  imag_sample_18|       pointer|
|imag_sample_19           |   in|   32|     ap_none|  imag_sample_19|       pointer|
|imag_sample_20           |   in|   32|     ap_none|  imag_sample_20|       pointer|
|imag_sample_21           |   in|   32|     ap_none|  imag_sample_21|       pointer|
|imag_sample_22           |   in|   32|     ap_none|  imag_sample_22|       pointer|
|imag_sample_23           |   in|   32|     ap_none|  imag_sample_23|       pointer|
|imag_sample_24           |   in|   32|     ap_none|  imag_sample_24|       pointer|
|imag_sample_25           |   in|   32|     ap_none|  imag_sample_25|       pointer|
|imag_sample_26           |   in|   32|     ap_none|  imag_sample_26|       pointer|
|imag_sample_27           |   in|   32|     ap_none|  imag_sample_27|       pointer|
|imag_sample_28           |   in|   32|     ap_none|  imag_sample_28|       pointer|
|imag_sample_29           |   in|   32|     ap_none|  imag_sample_29|       pointer|
|imag_sample_30           |   in|   32|     ap_none|  imag_sample_30|       pointer|
|imag_sample_31           |   in|   32|     ap_none|  imag_sample_31|       pointer|
|real_output_0_i          |   in|   32|     ap_ovld|   real_output_0|       pointer|
|real_output_0_o          |  out|   32|     ap_ovld|   real_output_0|       pointer|
|real_output_0_o_ap_vld   |  out|    1|     ap_ovld|   real_output_0|       pointer|
|real_output_1_i          |   in|   32|     ap_ovld|   real_output_1|       pointer|
|real_output_1_o          |  out|   32|     ap_ovld|   real_output_1|       pointer|
|real_output_1_o_ap_vld   |  out|    1|     ap_ovld|   real_output_1|       pointer|
|real_output_2_i          |   in|   32|     ap_ovld|   real_output_2|       pointer|
|real_output_2_o          |  out|   32|     ap_ovld|   real_output_2|       pointer|
|real_output_2_o_ap_vld   |  out|    1|     ap_ovld|   real_output_2|       pointer|
|real_output_3_i          |   in|   32|     ap_ovld|   real_output_3|       pointer|
|real_output_3_o          |  out|   32|     ap_ovld|   real_output_3|       pointer|
|real_output_3_o_ap_vld   |  out|    1|     ap_ovld|   real_output_3|       pointer|
|real_output_4_i          |   in|   32|     ap_ovld|   real_output_4|       pointer|
|real_output_4_o          |  out|   32|     ap_ovld|   real_output_4|       pointer|
|real_output_4_o_ap_vld   |  out|    1|     ap_ovld|   real_output_4|       pointer|
|real_output_5_i          |   in|   32|     ap_ovld|   real_output_5|       pointer|
|real_output_5_o          |  out|   32|     ap_ovld|   real_output_5|       pointer|
|real_output_5_o_ap_vld   |  out|    1|     ap_ovld|   real_output_5|       pointer|
|real_output_6_i          |   in|   32|     ap_ovld|   real_output_6|       pointer|
|real_output_6_o          |  out|   32|     ap_ovld|   real_output_6|       pointer|
|real_output_6_o_ap_vld   |  out|    1|     ap_ovld|   real_output_6|       pointer|
|real_output_7_i          |   in|   32|     ap_ovld|   real_output_7|       pointer|
|real_output_7_o          |  out|   32|     ap_ovld|   real_output_7|       pointer|
|real_output_7_o_ap_vld   |  out|    1|     ap_ovld|   real_output_7|       pointer|
|real_output_8_i          |   in|   32|     ap_ovld|   real_output_8|       pointer|
|real_output_8_o          |  out|   32|     ap_ovld|   real_output_8|       pointer|
|real_output_8_o_ap_vld   |  out|    1|     ap_ovld|   real_output_8|       pointer|
|real_output_9_i          |   in|   32|     ap_ovld|   real_output_9|       pointer|
|real_output_9_o          |  out|   32|     ap_ovld|   real_output_9|       pointer|
|real_output_9_o_ap_vld   |  out|    1|     ap_ovld|   real_output_9|       pointer|
|real_output_10_i         |   in|   32|     ap_ovld|  real_output_10|       pointer|
|real_output_10_o         |  out|   32|     ap_ovld|  real_output_10|       pointer|
|real_output_10_o_ap_vld  |  out|    1|     ap_ovld|  real_output_10|       pointer|
|real_output_11_i         |   in|   32|     ap_ovld|  real_output_11|       pointer|
|real_output_11_o         |  out|   32|     ap_ovld|  real_output_11|       pointer|
|real_output_11_o_ap_vld  |  out|    1|     ap_ovld|  real_output_11|       pointer|
|real_output_12_i         |   in|   32|     ap_ovld|  real_output_12|       pointer|
|real_output_12_o         |  out|   32|     ap_ovld|  real_output_12|       pointer|
|real_output_12_o_ap_vld  |  out|    1|     ap_ovld|  real_output_12|       pointer|
|real_output_13_i         |   in|   32|     ap_ovld|  real_output_13|       pointer|
|real_output_13_o         |  out|   32|     ap_ovld|  real_output_13|       pointer|
|real_output_13_o_ap_vld  |  out|    1|     ap_ovld|  real_output_13|       pointer|
|real_output_14_i         |   in|   32|     ap_ovld|  real_output_14|       pointer|
|real_output_14_o         |  out|   32|     ap_ovld|  real_output_14|       pointer|
|real_output_14_o_ap_vld  |  out|    1|     ap_ovld|  real_output_14|       pointer|
|real_output_15_i         |   in|   32|     ap_ovld|  real_output_15|       pointer|
|real_output_15_o         |  out|   32|     ap_ovld|  real_output_15|       pointer|
|real_output_15_o_ap_vld  |  out|    1|     ap_ovld|  real_output_15|       pointer|
|real_output_16_i         |   in|   32|     ap_ovld|  real_output_16|       pointer|
|real_output_16_o         |  out|   32|     ap_ovld|  real_output_16|       pointer|
|real_output_16_o_ap_vld  |  out|    1|     ap_ovld|  real_output_16|       pointer|
|real_output_17_i         |   in|   32|     ap_ovld|  real_output_17|       pointer|
|real_output_17_o         |  out|   32|     ap_ovld|  real_output_17|       pointer|
|real_output_17_o_ap_vld  |  out|    1|     ap_ovld|  real_output_17|       pointer|
|real_output_18_i         |   in|   32|     ap_ovld|  real_output_18|       pointer|
|real_output_18_o         |  out|   32|     ap_ovld|  real_output_18|       pointer|
|real_output_18_o_ap_vld  |  out|    1|     ap_ovld|  real_output_18|       pointer|
|real_output_19_i         |   in|   32|     ap_ovld|  real_output_19|       pointer|
|real_output_19_o         |  out|   32|     ap_ovld|  real_output_19|       pointer|
|real_output_19_o_ap_vld  |  out|    1|     ap_ovld|  real_output_19|       pointer|
|real_output_20_i         |   in|   32|     ap_ovld|  real_output_20|       pointer|
|real_output_20_o         |  out|   32|     ap_ovld|  real_output_20|       pointer|
|real_output_20_o_ap_vld  |  out|    1|     ap_ovld|  real_output_20|       pointer|
|real_output_21_i         |   in|   32|     ap_ovld|  real_output_21|       pointer|
|real_output_21_o         |  out|   32|     ap_ovld|  real_output_21|       pointer|
|real_output_21_o_ap_vld  |  out|    1|     ap_ovld|  real_output_21|       pointer|
|real_output_22_i         |   in|   32|     ap_ovld|  real_output_22|       pointer|
|real_output_22_o         |  out|   32|     ap_ovld|  real_output_22|       pointer|
|real_output_22_o_ap_vld  |  out|    1|     ap_ovld|  real_output_22|       pointer|
|real_output_23_i         |   in|   32|     ap_ovld|  real_output_23|       pointer|
|real_output_23_o         |  out|   32|     ap_ovld|  real_output_23|       pointer|
|real_output_23_o_ap_vld  |  out|    1|     ap_ovld|  real_output_23|       pointer|
|real_output_24_i         |   in|   32|     ap_ovld|  real_output_24|       pointer|
|real_output_24_o         |  out|   32|     ap_ovld|  real_output_24|       pointer|
|real_output_24_o_ap_vld  |  out|    1|     ap_ovld|  real_output_24|       pointer|
|real_output_25_i         |   in|   32|     ap_ovld|  real_output_25|       pointer|
|real_output_25_o         |  out|   32|     ap_ovld|  real_output_25|       pointer|
|real_output_25_o_ap_vld  |  out|    1|     ap_ovld|  real_output_25|       pointer|
|real_output_26_i         |   in|   32|     ap_ovld|  real_output_26|       pointer|
|real_output_26_o         |  out|   32|     ap_ovld|  real_output_26|       pointer|
|real_output_26_o_ap_vld  |  out|    1|     ap_ovld|  real_output_26|       pointer|
|real_output_27_i         |   in|   32|     ap_ovld|  real_output_27|       pointer|
|real_output_27_o         |  out|   32|     ap_ovld|  real_output_27|       pointer|
|real_output_27_o_ap_vld  |  out|    1|     ap_ovld|  real_output_27|       pointer|
|real_output_28_i         |   in|   32|     ap_ovld|  real_output_28|       pointer|
|real_output_28_o         |  out|   32|     ap_ovld|  real_output_28|       pointer|
|real_output_28_o_ap_vld  |  out|    1|     ap_ovld|  real_output_28|       pointer|
|real_output_29_i         |   in|   32|     ap_ovld|  real_output_29|       pointer|
|real_output_29_o         |  out|   32|     ap_ovld|  real_output_29|       pointer|
|real_output_29_o_ap_vld  |  out|    1|     ap_ovld|  real_output_29|       pointer|
|real_output_30_i         |   in|   32|     ap_ovld|  real_output_30|       pointer|
|real_output_30_o         |  out|   32|     ap_ovld|  real_output_30|       pointer|
|real_output_30_o_ap_vld  |  out|    1|     ap_ovld|  real_output_30|       pointer|
|real_output_31_i         |   in|   32|     ap_ovld|  real_output_31|       pointer|
|real_output_31_o         |  out|   32|     ap_ovld|  real_output_31|       pointer|
|real_output_31_o_ap_vld  |  out|    1|     ap_ovld|  real_output_31|       pointer|
|imag_output_0_i          |   in|   32|     ap_ovld|   imag_output_0|       pointer|
|imag_output_0_o          |  out|   32|     ap_ovld|   imag_output_0|       pointer|
|imag_output_0_o_ap_vld   |  out|    1|     ap_ovld|   imag_output_0|       pointer|
|imag_output_1_i          |   in|   32|     ap_ovld|   imag_output_1|       pointer|
|imag_output_1_o          |  out|   32|     ap_ovld|   imag_output_1|       pointer|
|imag_output_1_o_ap_vld   |  out|    1|     ap_ovld|   imag_output_1|       pointer|
|imag_output_2_i          |   in|   32|     ap_ovld|   imag_output_2|       pointer|
|imag_output_2_o          |  out|   32|     ap_ovld|   imag_output_2|       pointer|
|imag_output_2_o_ap_vld   |  out|    1|     ap_ovld|   imag_output_2|       pointer|
|imag_output_3_i          |   in|   32|     ap_ovld|   imag_output_3|       pointer|
|imag_output_3_o          |  out|   32|     ap_ovld|   imag_output_3|       pointer|
|imag_output_3_o_ap_vld   |  out|    1|     ap_ovld|   imag_output_3|       pointer|
|imag_output_4_i          |   in|   32|     ap_ovld|   imag_output_4|       pointer|
|imag_output_4_o          |  out|   32|     ap_ovld|   imag_output_4|       pointer|
|imag_output_4_o_ap_vld   |  out|    1|     ap_ovld|   imag_output_4|       pointer|
|imag_output_5_i          |   in|   32|     ap_ovld|   imag_output_5|       pointer|
|imag_output_5_o          |  out|   32|     ap_ovld|   imag_output_5|       pointer|
|imag_output_5_o_ap_vld   |  out|    1|     ap_ovld|   imag_output_5|       pointer|
|imag_output_6_i          |   in|   32|     ap_ovld|   imag_output_6|       pointer|
|imag_output_6_o          |  out|   32|     ap_ovld|   imag_output_6|       pointer|
|imag_output_6_o_ap_vld   |  out|    1|     ap_ovld|   imag_output_6|       pointer|
|imag_output_7_i          |   in|   32|     ap_ovld|   imag_output_7|       pointer|
|imag_output_7_o          |  out|   32|     ap_ovld|   imag_output_7|       pointer|
|imag_output_7_o_ap_vld   |  out|    1|     ap_ovld|   imag_output_7|       pointer|
|imag_output_8_i          |   in|   32|     ap_ovld|   imag_output_8|       pointer|
|imag_output_8_o          |  out|   32|     ap_ovld|   imag_output_8|       pointer|
|imag_output_8_o_ap_vld   |  out|    1|     ap_ovld|   imag_output_8|       pointer|
|imag_output_9_i          |   in|   32|     ap_ovld|   imag_output_9|       pointer|
|imag_output_9_o          |  out|   32|     ap_ovld|   imag_output_9|       pointer|
|imag_output_9_o_ap_vld   |  out|    1|     ap_ovld|   imag_output_9|       pointer|
|imag_output_10_i         |   in|   32|     ap_ovld|  imag_output_10|       pointer|
|imag_output_10_o         |  out|   32|     ap_ovld|  imag_output_10|       pointer|
|imag_output_10_o_ap_vld  |  out|    1|     ap_ovld|  imag_output_10|       pointer|
|imag_output_11_i         |   in|   32|     ap_ovld|  imag_output_11|       pointer|
|imag_output_11_o         |  out|   32|     ap_ovld|  imag_output_11|       pointer|
|imag_output_11_o_ap_vld  |  out|    1|     ap_ovld|  imag_output_11|       pointer|
|imag_output_12_i         |   in|   32|     ap_ovld|  imag_output_12|       pointer|
|imag_output_12_o         |  out|   32|     ap_ovld|  imag_output_12|       pointer|
|imag_output_12_o_ap_vld  |  out|    1|     ap_ovld|  imag_output_12|       pointer|
|imag_output_13_i         |   in|   32|     ap_ovld|  imag_output_13|       pointer|
|imag_output_13_o         |  out|   32|     ap_ovld|  imag_output_13|       pointer|
|imag_output_13_o_ap_vld  |  out|    1|     ap_ovld|  imag_output_13|       pointer|
|imag_output_14_i         |   in|   32|     ap_ovld|  imag_output_14|       pointer|
|imag_output_14_o         |  out|   32|     ap_ovld|  imag_output_14|       pointer|
|imag_output_14_o_ap_vld  |  out|    1|     ap_ovld|  imag_output_14|       pointer|
|imag_output_15_i         |   in|   32|     ap_ovld|  imag_output_15|       pointer|
|imag_output_15_o         |  out|   32|     ap_ovld|  imag_output_15|       pointer|
|imag_output_15_o_ap_vld  |  out|    1|     ap_ovld|  imag_output_15|       pointer|
|imag_output_16_i         |   in|   32|     ap_ovld|  imag_output_16|       pointer|
|imag_output_16_o         |  out|   32|     ap_ovld|  imag_output_16|       pointer|
|imag_output_16_o_ap_vld  |  out|    1|     ap_ovld|  imag_output_16|       pointer|
|imag_output_17_i         |   in|   32|     ap_ovld|  imag_output_17|       pointer|
|imag_output_17_o         |  out|   32|     ap_ovld|  imag_output_17|       pointer|
|imag_output_17_o_ap_vld  |  out|    1|     ap_ovld|  imag_output_17|       pointer|
|imag_output_18_i         |   in|   32|     ap_ovld|  imag_output_18|       pointer|
|imag_output_18_o         |  out|   32|     ap_ovld|  imag_output_18|       pointer|
|imag_output_18_o_ap_vld  |  out|    1|     ap_ovld|  imag_output_18|       pointer|
|imag_output_19_i         |   in|   32|     ap_ovld|  imag_output_19|       pointer|
|imag_output_19_o         |  out|   32|     ap_ovld|  imag_output_19|       pointer|
|imag_output_19_o_ap_vld  |  out|    1|     ap_ovld|  imag_output_19|       pointer|
|imag_output_20_i         |   in|   32|     ap_ovld|  imag_output_20|       pointer|
|imag_output_20_o         |  out|   32|     ap_ovld|  imag_output_20|       pointer|
|imag_output_20_o_ap_vld  |  out|    1|     ap_ovld|  imag_output_20|       pointer|
|imag_output_21_i         |   in|   32|     ap_ovld|  imag_output_21|       pointer|
|imag_output_21_o         |  out|   32|     ap_ovld|  imag_output_21|       pointer|
|imag_output_21_o_ap_vld  |  out|    1|     ap_ovld|  imag_output_21|       pointer|
|imag_output_22_i         |   in|   32|     ap_ovld|  imag_output_22|       pointer|
|imag_output_22_o         |  out|   32|     ap_ovld|  imag_output_22|       pointer|
|imag_output_22_o_ap_vld  |  out|    1|     ap_ovld|  imag_output_22|       pointer|
|imag_output_23_i         |   in|   32|     ap_ovld|  imag_output_23|       pointer|
|imag_output_23_o         |  out|   32|     ap_ovld|  imag_output_23|       pointer|
|imag_output_23_o_ap_vld  |  out|    1|     ap_ovld|  imag_output_23|       pointer|
|imag_output_24_i         |   in|   32|     ap_ovld|  imag_output_24|       pointer|
|imag_output_24_o         |  out|   32|     ap_ovld|  imag_output_24|       pointer|
|imag_output_24_o_ap_vld  |  out|    1|     ap_ovld|  imag_output_24|       pointer|
|imag_output_25_i         |   in|   32|     ap_ovld|  imag_output_25|       pointer|
|imag_output_25_o         |  out|   32|     ap_ovld|  imag_output_25|       pointer|
|imag_output_25_o_ap_vld  |  out|    1|     ap_ovld|  imag_output_25|       pointer|
|imag_output_26_i         |   in|   32|     ap_ovld|  imag_output_26|       pointer|
|imag_output_26_o         |  out|   32|     ap_ovld|  imag_output_26|       pointer|
|imag_output_26_o_ap_vld  |  out|    1|     ap_ovld|  imag_output_26|       pointer|
|imag_output_27_i         |   in|   32|     ap_ovld|  imag_output_27|       pointer|
|imag_output_27_o         |  out|   32|     ap_ovld|  imag_output_27|       pointer|
|imag_output_27_o_ap_vld  |  out|    1|     ap_ovld|  imag_output_27|       pointer|
|imag_output_28_i         |   in|   32|     ap_ovld|  imag_output_28|       pointer|
|imag_output_28_o         |  out|   32|     ap_ovld|  imag_output_28|       pointer|
|imag_output_28_o_ap_vld  |  out|    1|     ap_ovld|  imag_output_28|       pointer|
|imag_output_29_i         |   in|   32|     ap_ovld|  imag_output_29|       pointer|
|imag_output_29_o         |  out|   32|     ap_ovld|  imag_output_29|       pointer|
|imag_output_29_o_ap_vld  |  out|    1|     ap_ovld|  imag_output_29|       pointer|
|imag_output_30_i         |   in|   32|     ap_ovld|  imag_output_30|       pointer|
|imag_output_30_o         |  out|   32|     ap_ovld|  imag_output_30|       pointer|
|imag_output_30_o_ap_vld  |  out|    1|     ap_ovld|  imag_output_30|       pointer|
|imag_output_31_i         |   in|   32|     ap_ovld|  imag_output_31|       pointer|
|imag_output_31_o         |  out|   32|     ap_ovld|  imag_output_31|       pointer|
|imag_output_31_o_ap_vld  |  out|    1|     ap_ovld|  imag_output_31|       pointer|
+-------------------------+-----+-----+------------+----------------+--------------+

