

================================================================
== Vitis HLS Report for 'dft'
================================================================
* Date:           Fri Nov  7 07:51:23 2025

* Version:        2024.2 (Build 5238294 on Nov  8 2024)
* Project:        dft.comp
* Solution:       hls (Vivado IP Flow Target)
* Product family: zynq
* Target device:  xc7z020-clg400-1


================================================================
== Performance Estimates
================================================================
+ Timing: 
    * Summary: 
    +--------+----------+----------+------------+
    |  Clock |  Target  | Estimated| Uncertainty|
    +--------+----------+----------+------------+
    |ap_clk  |  10.00 ns|  8.495 ns|     2.70 ns|
    +--------+----------+----------+------------+

+ Latency: 
    * Summary: 
    +---------+---------+-----------+-----------+------+------+-------------------------------------------------+
    |  Latency (cycles) |   Latency (absolute)  |   Interval  |                     Pipeline                    |
    |   min   |   max   |    min    |    max    |  min |  max |                       Type                      |
    +---------+---------+-----------+-----------+------+------+-------------------------------------------------+
    |     5391|     5391|  53.910 us|  53.910 us|  5410|  5410|  loop auto-rewind stp (delay=34 clock cycles(s))|
    +---------+---------+-----------+-----------+------+------+-------------------------------------------------+

    + Detail: 
        * Instance: 
        N/A

        * Loop: 
        +-----------------------------------+---------+---------+----------+-----------+-----------+------+----------+
        |                                   |  Latency (cycles) | Iteration|  Initiation Interval  | Trip |          |
        |             Loop Name             |   min   |   max   |  Latency |  achieved |   target  | Count| Pipelined|
        +-----------------------------------+---------+---------+----------+-----------+-----------+------+----------+
        |- VITIS_LOOP_21_1_VITIS_LOOP_24_2  |     5389|     5389|        35|         21|          1|   256|       yes|
        +-----------------------------------+---------+---------+----------+-----------+-----------+------+----------+



================================================================
== Utilization Estimates
================================================================
* Summary: 
+-----------------+---------+-----+--------+-------+-----+
|       Name      | BRAM_18K| DSP |   FF   |  LUT  | URAM|
+-----------------+---------+-----+--------+-------+-----+
|DSP              |        -|    -|       -|      -|    -|
|Expression       |        -|    -|       0|    156|    -|
|FIFO             |        -|    -|       -|      -|    -|
|Instance         |        -|    7|     553|   2057|    -|
|Memory           |       64|    -|       0|      0|    -|
|Multiplexer      |        -|    -|       0|   1086|    -|
|Register         |        -|    -|    1134|      -|    -|
+-----------------+---------+-----+--------+-------+-----+
|Total            |       64|    7|    1687|   3299|    0|
+-----------------+---------+-----+--------+-------+-----+
|Available        |      280|  220|  106400|  53200|    0|
+-----------------+---------+-----+--------+-------+-----+
|Utilization (%)  |       22|    3|       1|      6|    0|
+-----------------+---------+-----+--------+-------+-----+

+ Detail: 
    * Instance: 
    +---------------------------------------+------------------------------------+---------+----+-----+-----+-----+
    |                Instance               |               Module               | BRAM_18K| DSP|  FF | LUT | URAM|
    +---------------------------------------+------------------------------------+---------+----+-----+-----+-----+
    |faddfsub_32ns_32ns_32_5_full_dsp_1_U1  |faddfsub_32ns_32ns_32_5_full_dsp_1  |        0|   2|  205|  390|    0|
    |faddfsub_32ns_32ns_32_5_full_dsp_1_U2  |faddfsub_32ns_32ns_32_5_full_dsp_1  |        0|   2|  205|  390|    0|
    |fmul_32ns_32ns_32_4_max_dsp_1_U3       |fmul_32ns_32ns_32_4_max_dsp_1       |        0|   3|  143|  321|    0|
    |sparsemux_17_5_32_1_1_U4               |sparsemux_17_5_32_1_1               |        0|   0|    0|   42|    0|
    |sparsemux_17_5_32_1_1_U5               |sparsemux_17_5_32_1_1               |        0|   0|    0|   42|    0|
    |sparsemux_17_5_32_1_1_U6               |sparsemux_17_5_32_1_1               |        0|   0|    0|   42|    0|
    |sparsemux_17_5_32_1_1_U7               |sparsemux_17_5_32_1_1               |        0|   0|    0|   42|    0|
    |sparsemux_17_5_32_1_1_U8               |sparsemux_17_5_32_1_1               |        0|   0|    0|   42|    0|
    |sparsemux_17_5_32_1_1_U9               |sparsemux_17_5_32_1_1               |        0|   0|    0|   42|    0|
    |sparsemux_17_5_32_1_1_U10              |sparsemux_17_5_32_1_1               |        0|   0|    0|   42|    0|
    |sparsemux_17_5_32_1_1_U11              |sparsemux_17_5_32_1_1               |        0|   0|    0|   42|    0|
    |sparsemux_17_5_32_1_1_U12              |sparsemux_17_5_32_1_1               |        0|   0|    0|   42|    0|
    |sparsemux_17_5_32_1_1_U13              |sparsemux_17_5_32_1_1               |        0|   0|    0|   42|    0|
    |sparsemux_17_5_32_1_1_U14              |sparsemux_17_5_32_1_1               |        0|   0|    0|   42|    0|
    |sparsemux_17_5_32_1_1_U15              |sparsemux_17_5_32_1_1               |        0|   0|    0|   42|    0|
    |sparsemux_17_5_32_1_1_U16              |sparsemux_17_5_32_1_1               |        0|   0|    0|   42|    0|
    |sparsemux_17_5_32_1_1_U17              |sparsemux_17_5_32_1_1               |        0|   0|    0|   42|    0|
    |sparsemux_17_5_32_1_1_U18              |sparsemux_17_5_32_1_1               |        0|   0|    0|   42|    0|
    |sparsemux_17_5_32_1_1_U19              |sparsemux_17_5_32_1_1               |        0|   0|    0|   42|    0|
    |sparsemux_65_5_32_1_1_U20              |sparsemux_65_5_32_1_1               |        0|   0|    0|  142|    0|
    |sparsemux_65_5_32_1_1_U21              |sparsemux_65_5_32_1_1               |        0|   0|    0|  142|    0|
    +---------------------------------------+------------------------------------+---------+----+-----+-----+-----+
    |Total                                  |                                    |        0|   7|  553| 2057|    0|
    +---------------------------------------+------------------------------------+---------+----+-----+-----+-----+

    * DSP: 
    N/A

    * Memory: 
    +----------------------------+--------------------------------------+---------+---+----+-----+------+-----+------+-------------+
    |           Memory           |                Module                | BRAM_18K| FF| LUT| URAM| Words| Bits| Banks| W*Bits*Banks|
    +----------------------------+--------------------------------------+---------+---+----+-----+------+-----+------+-------------+
    |p_ZL15cos_coeff_table_0_U   |p_ZL15cos_coeff_table_0_ROM_AUTO_1R   |        1|  0|   0|    0|    32|   32|     1|         1024|
    |p_ZL15cos_coeff_table_10_U  |p_ZL15cos_coeff_table_10_ROM_AUTO_1R  |        1|  0|   0|    0|    32|   32|     1|         1024|
    |p_ZL15cos_coeff_table_12_U  |p_ZL15cos_coeff_table_12_ROM_AUTO_1R  |        1|  0|   0|    0|    32|   32|     1|         1024|
    |p_ZL15cos_coeff_table_13_U  |p_ZL15cos_coeff_table_13_ROM_AUTO_1R  |        1|  0|   0|    0|    32|   32|     1|         1024|
    |p_ZL15cos_coeff_table_19_U  |p_ZL15cos_coeff_table_13_ROM_AUTO_1R  |        1|  0|   0|    0|    32|   32|     1|         1024|
    |p_ZL15cos_coeff_table_14_U  |p_ZL15cos_coeff_table_14_ROM_AUTO_1R  |        1|  0|   0|    0|    32|   32|     1|         1024|
    |p_ZL15cos_coeff_table_16_U  |p_ZL15cos_coeff_table_16_ROM_AUTO_1R  |        1|  0|   0|    0|    32|   32|     1|         1024|
    |p_ZL15cos_coeff_table_17_U  |p_ZL15cos_coeff_table_17_ROM_AUTO_1R  |        1|  0|   0|    0|    32|   32|     1|         1024|
    |p_ZL15cos_coeff_table_15_U  |p_ZL15cos_coeff_table_17_ROM_AUTO_1R  |        1|  0|   0|    0|    32|   32|     1|         1024|
    |p_ZL15cos_coeff_table_18_U  |p_ZL15cos_coeff_table_18_ROM_AUTO_1R  |        1|  0|   0|    0|    32|   32|     1|         1024|
    |p_ZL15cos_coeff_table_1_U   |p_ZL15cos_coeff_table_1_ROM_AUTO_1R   |        1|  0|   0|    0|    32|   32|     1|         1024|
    |p_ZL15cos_coeff_table_20_U  |p_ZL15cos_coeff_table_20_ROM_AUTO_1R  |        1|  0|   0|    0|    32|   32|     1|         1024|
    |p_ZL15cos_coeff_table_21_U  |p_ZL15cos_coeff_table_21_ROM_AUTO_1R  |        1|  0|   0|    0|    32|   32|     1|         1024|
    |p_ZL15cos_coeff_table_11_U  |p_ZL15cos_coeff_table_21_ROM_AUTO_1R  |        1|  0|   0|    0|    32|   32|     1|         1024|
    |p_ZL15cos_coeff_table_22_U  |p_ZL15cos_coeff_table_22_ROM_AUTO_1R  |        1|  0|   0|    0|    32|   32|     1|         1024|
    |p_ZL15cos_coeff_table_23_U  |p_ZL15cos_coeff_table_23_ROM_AUTO_1R  |        1|  0|   0|    0|    32|   32|     1|         1024|
    |p_ZL15cos_coeff_table_24_U  |p_ZL15cos_coeff_table_24_ROM_AUTO_1R  |        1|  0|   0|    0|    32|   32|     1|         1024|
    |p_ZL15cos_coeff_table_25_U  |p_ZL15cos_coeff_table_25_ROM_AUTO_1R  |        1|  0|   0|    0|    32|   32|     1|         1024|
    |p_ZL15cos_coeff_table_7_U   |p_ZL15cos_coeff_table_25_ROM_AUTO_1R  |        1|  0|   0|    0|    32|   32|     1|         1024|
    |p_ZL15cos_coeff_table_26_U  |p_ZL15cos_coeff_table_26_ROM_AUTO_1R  |        1|  0|   0|    0|    32|   32|     1|         1024|
    |p_ZL15cos_coeff_table_27_U  |p_ZL15cos_coeff_table_27_ROM_AUTO_1R  |        1|  0|   0|    0|    32|   32|     1|         1024|
    |p_ZL15cos_coeff_table_28_U  |p_ZL15cos_coeff_table_28_ROM_AUTO_1R  |        1|  0|   0|    0|    32|   32|     1|         1024|
    |p_ZL15cos_coeff_table_29_U  |p_ZL15cos_coeff_table_29_ROM_AUTO_1R  |        1|  0|   0|    0|    32|   32|     1|         1024|
    |p_ZL15cos_coeff_table_2_U   |p_ZL15cos_coeff_table_2_ROM_AUTO_1R   |        1|  0|   0|    0|    32|   32|     1|         1024|
    |p_ZL15cos_coeff_table_30_U  |p_ZL15cos_coeff_table_30_ROM_AUTO_1R  |        1|  0|   0|    0|    32|   32|     1|         1024|
    |p_ZL15cos_coeff_table_31_U  |p_ZL15cos_coeff_table_31_ROM_AUTO_1R  |        1|  0|   0|    0|    32|   32|     1|         1024|
    |p_ZL15cos_coeff_table_3_U   |p_ZL15cos_coeff_table_3_ROM_AUTO_1R   |        1|  0|   0|    0|    32|   32|     1|         1024|
    |p_ZL15cos_coeff_table_4_U   |p_ZL15cos_coeff_table_4_ROM_AUTO_1R   |        1|  0|   0|    0|    32|   32|     1|         1024|
    |p_ZL15cos_coeff_table_5_U   |p_ZL15cos_coeff_table_5_ROM_AUTO_1R   |        1|  0|   0|    0|    32|   32|     1|         1024|
    |p_ZL15cos_coeff_table_6_U   |p_ZL15cos_coeff_table_6_ROM_AUTO_1R   |        1|  0|   0|    0|    32|   32|     1|         1024|
    |p_ZL15cos_coeff_table_8_U   |p_ZL15cos_coeff_table_8_ROM_AUTO_1R   |        1|  0|   0|    0|    32|   32|     1|         1024|
    |p_ZL15cos_coeff_table_9_U   |p_ZL15cos_coeff_table_9_ROM_AUTO_1R   |        1|  0|   0|    0|    32|   32|     1|         1024|
    |p_ZL15sin_coeff_table_0_U   |p_ZL15sin_coeff_table_0_ROM_AUTO_1R   |        1|  0|   0|    0|    32|   32|     1|         1024|
    |p_ZL15sin_coeff_table_10_U  |p_ZL15sin_coeff_table_10_ROM_AUTO_1R  |        1|  0|   0|    0|    32|   32|     1|         1024|
    |p_ZL15sin_coeff_table_11_U  |p_ZL15sin_coeff_table_11_ROM_AUTO_1R  |        1|  0|   0|    0|    32|   32|     1|         1024|
    |p_ZL15sin_coeff_table_12_U  |p_ZL15sin_coeff_table_12_ROM_AUTO_1R  |        1|  0|   0|    0|    32|   32|     1|         1024|
    |p_ZL15sin_coeff_table_13_U  |p_ZL15sin_coeff_table_13_ROM_AUTO_1R  |        1|  0|   0|    0|    32|   32|     1|         1024|
    |p_ZL15sin_coeff_table_14_U  |p_ZL15sin_coeff_table_14_ROM_AUTO_1R  |        1|  0|   0|    0|    32|   32|     1|         1024|
    |p_ZL15sin_coeff_table_15_U  |p_ZL15sin_coeff_table_15_ROM_AUTO_1R  |        1|  0|   0|    0|    32|   32|     1|         1024|
    |p_ZL15sin_coeff_table_16_U  |p_ZL15sin_coeff_table_16_ROM_AUTO_1R  |        1|  0|   0|    0|    32|   32|     1|         1024|
    |p_ZL15sin_coeff_table_17_U  |p_ZL15sin_coeff_table_17_ROM_AUTO_1R  |        1|  0|   0|    0|    32|   32|     1|         1024|
    |p_ZL15sin_coeff_table_18_U  |p_ZL15sin_coeff_table_18_ROM_AUTO_1R  |        1|  0|   0|    0|    32|   32|     1|         1024|
    |p_ZL15sin_coeff_table_19_U  |p_ZL15sin_coeff_table_19_ROM_AUTO_1R  |        1|  0|   0|    0|    32|   32|     1|         1024|
    |p_ZL15sin_coeff_table_1_U   |p_ZL15sin_coeff_table_1_ROM_AUTO_1R   |        1|  0|   0|    0|    32|   32|     1|         1024|
    |p_ZL15sin_coeff_table_20_U  |p_ZL15sin_coeff_table_20_ROM_AUTO_1R  |        1|  0|   0|    0|    32|   32|     1|         1024|
    |p_ZL15sin_coeff_table_21_U  |p_ZL15sin_coeff_table_21_ROM_AUTO_1R  |        1|  0|   0|    0|    32|   32|     1|         1024|
    |p_ZL15sin_coeff_table_22_U  |p_ZL15sin_coeff_table_22_ROM_AUTO_1R  |        1|  0|   0|    0|    32|   32|     1|         1024|
    |p_ZL15sin_coeff_table_23_U  |p_ZL15sin_coeff_table_23_ROM_AUTO_1R  |        1|  0|   0|    0|    32|   32|     1|         1024|
    |p_ZL15sin_coeff_table_24_U  |p_ZL15sin_coeff_table_24_ROM_AUTO_1R  |        1|  0|   0|    0|    32|   32|     1|         1024|
    |p_ZL15sin_coeff_table_25_U  |p_ZL15sin_coeff_table_25_ROM_AUTO_1R  |        1|  0|   0|    0|    32|   32|     1|         1024|
    |p_ZL15sin_coeff_table_26_U  |p_ZL15sin_coeff_table_26_ROM_AUTO_1R  |        1|  0|   0|    0|    32|   32|     1|         1024|
    |p_ZL15sin_coeff_table_27_U  |p_ZL15sin_coeff_table_27_ROM_AUTO_1R  |        1|  0|   0|    0|    32|   32|     1|         1024|
    |p_ZL15sin_coeff_table_28_U  |p_ZL15sin_coeff_table_28_ROM_AUTO_1R  |        1|  0|   0|    0|    32|   32|     1|         1024|
    |p_ZL15sin_coeff_table_29_U  |p_ZL15sin_coeff_table_29_ROM_AUTO_1R  |        1|  0|   0|    0|    32|   32|     1|         1024|
    |p_ZL15sin_coeff_table_2_U   |p_ZL15sin_coeff_table_2_ROM_AUTO_1R   |        1|  0|   0|    0|    32|   32|     1|         1024|
    |p_ZL15sin_coeff_table_30_U  |p_ZL15sin_coeff_table_30_ROM_AUTO_1R  |        1|  0|   0|    0|    32|   32|     1|         1024|
    |p_ZL15sin_coeff_table_31_U  |p_ZL15sin_coeff_table_31_ROM_AUTO_1R  |        1|  0|   0|    0|    32|   32|     1|         1024|
    |p_ZL15sin_coeff_table_3_U   |p_ZL15sin_coeff_table_3_ROM_AUTO_1R   |        1|  0|   0|    0|    32|   32|     1|         1024|
    |p_ZL15sin_coeff_table_4_U   |p_ZL15sin_coeff_table_4_ROM_AUTO_1R   |        1|  0|   0|    0|    32|   32|     1|         1024|
    |p_ZL15sin_coeff_table_5_U   |p_ZL15sin_coeff_table_5_ROM_AUTO_1R   |        1|  0|   0|    0|    32|   32|     1|         1024|
    |p_ZL15sin_coeff_table_6_U   |p_ZL15sin_coeff_table_6_ROM_AUTO_1R   |        1|  0|   0|    0|    32|   32|     1|         1024|
    |p_ZL15sin_coeff_table_7_U   |p_ZL15sin_coeff_table_7_ROM_AUTO_1R   |        1|  0|   0|    0|    32|   32|     1|         1024|
    |p_ZL15sin_coeff_table_8_U   |p_ZL15sin_coeff_table_8_ROM_AUTO_1R   |        1|  0|   0|    0|    32|   32|     1|         1024|
    |p_ZL15sin_coeff_table_9_U   |p_ZL15sin_coeff_table_9_ROM_AUTO_1R   |        1|  0|   0|    0|    32|   32|     1|         1024|
    +----------------------------+--------------------------------------+---------+---+----+-----+------+-----+------+-------------+
    |Total                       |                                      |       64|  0|   0|    0|  2048| 2048|    64|        65536|
    +----------------------------+--------------------------------------+---------+---+----+-----+------+-----+------+-------------+

    * FIFO: 
    N/A

    * Expression: 
    +-------------------------------+----------+----+---+----+------------+------------+
    |         Variable Name         | Operation| DSP| FF| LUT| Bitwidth P0| Bitwidth P1|
    +-------------------------------+----------+----+---+----+------------+------------+
    |add_ln21_1_fu_2965_p2          |         +|   0|  0|  15|           8|           1|
    |add_ln21_fu_3363_p2            |         +|   0|  0|  14|           6|           1|
    |j_fu_4242_p2                   |         +|   0|  0|  14|           6|           3|
    |ap_condition_1237              |       and|   0|  0|   2|           1|           1|
    |ap_condition_3337              |       and|   0|  0|   2|           1|           1|
    |ap_predicate_pred1413_state33  |       and|   0|  0|   2|           1|           1|
    |ap_predicate_pred1421_state33  |       and|   0|  0|   2|           1|           1|
    |ap_predicate_pred1428_state33  |       and|   0|  0|   2|           1|           1|
    |ap_predicate_pred1435_state33  |       and|   0|  0|   2|           1|           1|
    |ap_predicate_pred1442_state33  |       and|   0|  0|   2|           1|           1|
    |ap_predicate_pred1449_state33  |       and|   0|  0|   2|           1|           1|
    |ap_predicate_pred1456_state33  |       and|   0|  0|   2|           1|           1|
    |ap_predicate_pred1463_state33  |       and|   0|  0|   2|           1|           1|
    |ap_predicate_pred1470_state33  |       and|   0|  0|   2|           1|           1|
    |ap_predicate_pred1477_state33  |       and|   0|  0|   2|           1|           1|
    |ap_predicate_pred1484_state33  |       and|   0|  0|   2|           1|           1|
    |ap_predicate_pred1491_state33  |       and|   0|  0|   2|           1|           1|
    |ap_predicate_pred1498_state33  |       and|   0|  0|   2|           1|           1|
    |ap_predicate_pred1505_state33  |       and|   0|  0|   2|           1|           1|
    |ap_predicate_pred1512_state33  |       and|   0|  0|   2|           1|           1|
    |ap_predicate_pred1519_state33  |       and|   0|  0|   2|           1|           1|
    |ap_predicate_pred1526_state33  |       and|   0|  0|   2|           1|           1|
    |ap_predicate_pred1533_state33  |       and|   0|  0|   2|           1|           1|
    |ap_predicate_pred1540_state33  |       and|   0|  0|   2|           1|           1|
    |ap_predicate_pred1547_state33  |       and|   0|  0|   2|           1|           1|
    |ap_predicate_pred1554_state33  |       and|   0|  0|   2|           1|           1|
    |ap_predicate_pred1561_state33  |       and|   0|  0|   2|           1|           1|
    |ap_predicate_pred1568_state33  |       and|   0|  0|   2|           1|           1|
    |ap_predicate_pred1575_state33  |       and|   0|  0|   2|           1|           1|
    |ap_predicate_pred1582_state33  |       and|   0|  0|   2|           1|           1|
    |ap_predicate_pred1589_state33  |       and|   0|  0|   2|           1|           1|
    |ap_predicate_pred1596_state33  |       and|   0|  0|   2|           1|           1|
    |ap_predicate_pred1603_state33  |       and|   0|  0|   2|           1|           1|
    |ap_predicate_pred1610_state33  |       and|   0|  0|   2|           1|           1|
    |ap_predicate_pred1617_state33  |       and|   0|  0|   2|           1|           1|
    |ap_predicate_pred1624_state33  |       and|   0|  0|   2|           1|           1|
    |ap_predicate_pred1631_state33  |       and|   0|  0|   2|           1|           1|
    |first_iter_0_fu_2955_p2        |      icmp|   0|  0|  14|           6|           1|
    |icmp_ln21_fu_3369_p2           |      icmp|   0|  0|  15|           8|           2|
    |i_fu_2947_p3                   |    select|   0|  0|   6|           1|           6|
    |select_ln16_fu_2939_p3         |    select|   0|  0|   6|           1|           6|
    |ap_enable_pp0                  |       xor|   0|  0|   2|           1|           2|
    |xor_ln24_fu_4264_p2            |       xor|   0|  0|   2|           1|           2|
    +-------------------------------+----------+----+---+----+------------+------------+
    |Total                          |          |   0|  0| 156|          72|          58|
    +-------------------------------+----------+----+---+----+------------+------------+

    * Multiplexer: 
    +---------------------------------------------------+-----+-----------+-----+-----------+
    |                        Name                       | LUT | Input Size| Bits| Total Bits|
    +---------------------------------------------------+-----+-----------+-----+-----------+
    |add2667_fu_522                                     |    9|          2|   32|         64|
    |add58_fu_526                                       |    9|          2|   32|         64|
    |add_ln2110_fu_518                                  |    9|          2|    6|         12|
    |ap_NS_fsm                                          |  113|         22|    1|         22|
    |ap_condition_exit_pp0_iter0_stage20_pp0_iter1_reg  |    9|          2|    1|          2|
    |ap_done_int                                        |    9|          2|    1|          2|
    |ap_enable_reg_pp0_iter0                            |    9|          2|    1|          2|
    |ap_enable_reg_pp0_iter1                            |    9|          2|    1|          2|
    |ap_loop_exit_ready_pp0_iter1_reg                   |    9|          2|    1|          2|
    |ap_phi_mux_icmp_ln249_phi_fu_2581_p4               |    9|          2|    1|          2|
    |ap_sig_allocacmp_add_ln2110_load                   |    9|          2|    6|         12|
    |ap_sig_allocacmp_i5_load                           |    9|          2|    6|         12|
    |ap_sig_allocacmp_indvar_flatten4_load              |    9|          2|    8|         16|
    |ap_sig_allocacmp_j6_load                           |    9|          2|    6|         12|
    |grp_fu_2588_opcode                                 |   14|          3|    2|          6|
    |grp_fu_2588_p0                                     |   42|          8|   32|        256|
    |grp_fu_2588_p1                                     |   59|         11|   32|        352|
    |grp_fu_2592_opcode                                 |   14|          3|    2|          6|
    |grp_fu_2592_p0                                     |   14|          3|   32|         96|
    |grp_fu_2592_p1                                     |   14|          3|   32|         96|
    |grp_fu_2596_p0                                     |   48|          9|   32|        288|
    |grp_fu_2596_p1                                     |   48|          9|   32|        288|
    |i5_fu_510                                          |    9|          2|    6|         12|
    |imag_output_0_o                                    |    9|          2|   32|         64|
    |imag_output_10_o                                   |    9|          2|   32|         64|
    |imag_output_11_o                                   |    9|          2|   32|         64|
    |imag_output_12_o                                   |    9|          2|   32|         64|
    |imag_output_13_o                                   |    9|          2|   32|         64|
    |imag_output_14_o                                   |    9|          2|   32|         64|
    |imag_output_15_o                                   |    9|          2|   32|         64|
    |imag_output_16_o                                   |    9|          2|   32|         64|
    |imag_output_17_o                                   |    9|          2|   32|         64|
    |imag_output_18_o                                   |    9|          2|   32|         64|
    |imag_output_19_o                                   |    9|          2|   32|         64|
    |imag_output_1_o                                    |    9|          2|   32|         64|
    |imag_output_20_o                                   |    9|          2|   32|         64|
    |imag_output_21_o                                   |    9|          2|   32|         64|
    |imag_output_22_o                                   |    9|          2|   32|         64|
    |imag_output_23_o                                   |    9|          2|   32|         64|
    |imag_output_24_o                                   |    9|          2|   32|         64|
    |imag_output_25_o                                   |    9|          2|   32|         64|
    |imag_output_26_o                                   |    9|          2|   32|         64|
    |imag_output_27_o                                   |    9|          2|   32|         64|
    |imag_output_28_o                                   |    9|          2|   32|         64|
    |imag_output_29_o                                   |    9|          2|   32|         64|
    |imag_output_2_o                                    |    9|          2|   32|         64|
    |imag_output_30_o                                   |    9|          2|   32|         64|
    |imag_output_31_o                                   |    9|          2|   32|         64|
    |imag_output_3_o                                    |    9|          2|   32|         64|
    |imag_output_4_o                                    |    9|          2|   32|         64|
    |imag_output_5_o                                    |    9|          2|   32|         64|
    |imag_output_6_o                                    |    9|          2|   32|         64|
    |imag_output_7_o                                    |    9|          2|   32|         64|
    |imag_output_8_o                                    |    9|          2|   32|         64|
    |imag_output_9_o                                    |    9|          2|   32|         64|
    |indvar_flatten4_fu_506                             |    9|          2|    8|         16|
    |j6_fu_514                                          |    9|          2|    6|         12|
    |real_output_0_o                                    |    9|          2|   32|         64|
    |real_output_10_o                                   |    9|          2|   32|         64|
    |real_output_11_o                                   |    9|          2|   32|         64|
    |real_output_12_o                                   |    9|          2|   32|         64|
    |real_output_13_o                                   |    9|          2|   32|         64|
    |real_output_14_o                                   |    9|          2|   32|         64|
    |real_output_15_o                                   |    9|          2|   32|         64|
    |real_output_16_o                                   |    9|          2|   32|         64|
    |real_output_17_o                                   |    9|          2|   32|         64|
    |real_output_18_o                                   |    9|          2|   32|         64|
    |real_output_19_o                                   |    9|          2|   32|         64|
    |real_output_1_o                                    |    9|          2|   32|         64|
    |real_output_20_o                                   |    9|          2|   32|         64|
    |real_output_21_o                                   |    9|          2|   32|         64|
    |real_output_22_o                                   |    9|          2|   32|         64|
    |real_output_23_o                                   |    9|          2|   32|         64|
    |real_output_24_o                                   |    9|          2|   32|         64|
    |real_output_25_o                                   |    9|          2|   32|         64|
    |real_output_26_o                                   |    9|          2|   32|         64|
    |real_output_27_o                                   |    9|          2|   32|         64|
    |real_output_28_o                                   |    9|          2|   32|         64|
    |real_output_29_o                                   |    9|          2|   32|         64|
    |real_output_2_o                                    |    9|          2|   32|         64|
    |real_output_30_o                                   |    9|          2|   32|         64|
    |real_output_31_o                                   |    9|          2|   32|         64|
    |real_output_3_o                                    |    9|          2|   32|         64|
    |real_output_4_o                                    |    9|          2|   32|         64|
    |real_output_5_o                                    |    9|          2|   32|         64|
    |real_output_6_o                                    |    9|          2|   32|         64|
    |real_output_7_o                                    |    9|          2|   32|         64|
    |real_output_8_o                                    |    9|          2|   32|         64|
    |real_output_9_o                                    |    9|          2|   32|         64|
    +---------------------------------------------------+-----+-----------+-----+-----------+
    |Total                                              | 1086|        231| 2367|       5750|
    +---------------------------------------------------+-----+-----------+-----+-----------+

    * Register: 
    +---------------------------------------------------+----+----+-----+-----------+
    |                        Name                       | FF | LUT| Bits| Const Bits|
    +---------------------------------------------------+----+----+-----+-----------+
    |add23_1_reg_4839                                   |  32|   0|   32|          0|
    |add23_2_reg_4854                                   |  32|   0|   32|          0|
    |add2667_fu_522                                     |  32|   0|   32|          0|
    |add58_fu_526                                       |  32|   0|   32|          0|
    |add_ln2110_fu_518                                  |   6|   0|    6|          0|
    |ap_CS_fsm                                          |  21|   0|   21|          0|
    |ap_condition_exit_pp0_iter0_stage20_pp0_iter1_reg  |   1|   0|    1|          0|
    |ap_done_reg                                        |   1|   0|    1|          0|
    |ap_enable_reg_pp0_iter0_reg                        |   1|   0|    1|          0|
    |ap_enable_reg_pp0_iter1                            |   1|   0|    1|          0|
    |ap_loop_exit_ready_pp0_iter1_reg                   |   1|   0|    1|          0|
    |ap_predicate_pred1413_state33                      |   1|   0|    1|          0|
    |ap_predicate_pred1413_state34                      |   1|   0|    1|          0|
    |ap_predicate_pred1421_state33                      |   1|   0|    1|          0|
    |ap_predicate_pred1421_state34                      |   1|   0|    1|          0|
    |ap_predicate_pred1428_state33                      |   1|   0|    1|          0|
    |ap_predicate_pred1428_state34                      |   1|   0|    1|          0|
    |ap_predicate_pred1435_state33                      |   1|   0|    1|          0|
    |ap_predicate_pred1435_state34                      |   1|   0|    1|          0|
    |ap_predicate_pred1442_state33                      |   1|   0|    1|          0|
    |ap_predicate_pred1442_state34                      |   1|   0|    1|          0|
    |ap_predicate_pred1449_state33                      |   1|   0|    1|          0|
    |ap_predicate_pred1449_state34                      |   1|   0|    1|          0|
    |ap_predicate_pred1456_state33                      |   1|   0|    1|          0|
    |ap_predicate_pred1456_state34                      |   1|   0|    1|          0|
    |ap_predicate_pred1463_state33                      |   1|   0|    1|          0|
    |ap_predicate_pred1463_state34                      |   1|   0|    1|          0|
    |ap_predicate_pred1470_state33                      |   1|   0|    1|          0|
    |ap_predicate_pred1470_state34                      |   1|   0|    1|          0|
    |ap_predicate_pred1477_state33                      |   1|   0|    1|          0|
    |ap_predicate_pred1477_state34                      |   1|   0|    1|          0|
    |ap_predicate_pred1484_state33                      |   1|   0|    1|          0|
    |ap_predicate_pred1484_state34                      |   1|   0|    1|          0|
    |ap_predicate_pred1491_state33                      |   1|   0|    1|          0|
    |ap_predicate_pred1491_state34                      |   1|   0|    1|          0|
    |ap_predicate_pred1498_state33                      |   1|   0|    1|          0|
    |ap_predicate_pred1498_state34                      |   1|   0|    1|          0|
    |ap_predicate_pred1505_state33                      |   1|   0|    1|          0|
    |ap_predicate_pred1505_state34                      |   1|   0|    1|          0|
    |ap_predicate_pred1512_state33                      |   1|   0|    1|          0|
    |ap_predicate_pred1512_state34                      |   1|   0|    1|          0|
    |ap_predicate_pred1519_state33                      |   1|   0|    1|          0|
    |ap_predicate_pred1519_state34                      |   1|   0|    1|          0|
    |ap_predicate_pred1526_state33                      |   1|   0|    1|          0|
    |ap_predicate_pred1526_state34                      |   1|   0|    1|          0|
    |ap_predicate_pred1533_state33                      |   1|   0|    1|          0|
    |ap_predicate_pred1533_state34                      |   1|   0|    1|          0|
    |ap_predicate_pred1540_state33                      |   1|   0|    1|          0|
    |ap_predicate_pred1540_state34                      |   1|   0|    1|          0|
    |ap_predicate_pred1547_state33                      |   1|   0|    1|          0|
    |ap_predicate_pred1547_state34                      |   1|   0|    1|          0|
    |ap_predicate_pred1554_state33                      |   1|   0|    1|          0|
    |ap_predicate_pred1554_state34                      |   1|   0|    1|          0|
    |ap_predicate_pred1561_state33                      |   1|   0|    1|          0|
    |ap_predicate_pred1561_state34                      |   1|   0|    1|          0|
    |ap_predicate_pred1568_state33                      |   1|   0|    1|          0|
    |ap_predicate_pred1568_state34                      |   1|   0|    1|          0|
    |ap_predicate_pred1575_state33                      |   1|   0|    1|          0|
    |ap_predicate_pred1575_state34                      |   1|   0|    1|          0|
    |ap_predicate_pred1582_state33                      |   1|   0|    1|          0|
    |ap_predicate_pred1582_state34                      |   1|   0|    1|          0|
    |ap_predicate_pred1589_state33                      |   1|   0|    1|          0|
    |ap_predicate_pred1589_state34                      |   1|   0|    1|          0|
    |ap_predicate_pred1596_state33                      |   1|   0|    1|          0|
    |ap_predicate_pred1596_state34                      |   1|   0|    1|          0|
    |ap_predicate_pred1603_state33                      |   1|   0|    1|          0|
    |ap_predicate_pred1603_state34                      |   1|   0|    1|          0|
    |ap_predicate_pred1610_state33                      |   1|   0|    1|          0|
    |ap_predicate_pred1610_state34                      |   1|   0|    1|          0|
    |ap_predicate_pred1617_state33                      |   1|   0|    1|          0|
    |ap_predicate_pred1617_state34                      |   1|   0|    1|          0|
    |ap_predicate_pred1624_state33                      |   1|   0|    1|          0|
    |ap_predicate_pred1624_state34                      |   1|   0|    1|          0|
    |ap_predicate_pred1631_state33                      |   1|   0|    1|          0|
    |ap_predicate_pred1631_state34                      |   1|   0|    1|          0|
    |c_1_reg_4794                                       |  32|   0|   32|          0|
    |c_2_reg_4804                                       |  32|   0|   32|          0|
    |c_3_reg_4814                                       |  32|   0|   32|          0|
    |c_reg_4784                                         |  32|   0|   32|          0|
    |first_iter_0_reg_4398                              |   1|   0|    1|          0|
    |i5_fu_510                                          |   6|   0|    6|          0|
    |icmp_ln21_reg_4780                                 |   1|   0|    1|          0|
    |icmp_ln21_reg_4780_pp0_iter1_reg                   |   1|   0|    1|          0|
    |indvar_flatten4_fu_506                             |   8|   0|    8|          0|
    |j6_fu_514                                          |   6|   0|    6|          0|
    |reg_2600                                           |  32|   0|   32|          0|
    |reg_2606                                           |  32|   0|   32|          0|
    |reg_2612                                           |  32|   0|   32|          0|
    |reg_2617                                           |  32|   0|   32|          0|
    |reg_2622                                           |  32|   0|   32|          0|
    |reg_2628                                           |  32|   0|   32|          0|
    |reg_2634                                           |  32|   0|   32|          0|
    |reg_2640                                           |  32|   0|   32|          0|
    |reg_2646                                           |  32|   0|   32|          0|
    |s_1_reg_4799                                       |  32|   0|   32|          0|
    |s_2_reg_4809                                       |  32|   0|   32|          0|
    |s_3_reg_4819                                       |  32|   0|   32|          0|
    |s_reg_4789                                         |  32|   0|   32|          0|
    |select_ln16_reg_4393                               |   6|   0|    6|          0|
    |sub_2_reg_4844                                     |  32|   0|   32|          0|
    |sub_3_reg_4859                                     |  32|   0|   32|          0|
    |tmp_2_reg_4765                                     |  32|   0|   32|          0|
    |tmp_3_reg_4770                                     |  32|   0|   32|          0|
    |tmp_4_reg_4740                                     |  32|   0|   32|          0|
    |tmp_5_reg_4745                                     |  32|   0|   32|          0|
    |tmp_6_reg_4775                                     |  32|   0|   32|          0|
    |tmp_7_reg_4829                                     |   1|   0|    1|          0|
    |tmp_8_reg_4750                                     |  32|   0|   32|          0|
    |tmp_9_reg_4755                                     |  32|   0|   32|          0|
    |tmp_s_reg_4760                                     |  32|   0|   32|          0|
    |trunc_ln21_reg_4402                                |   5|   0|    5|          0|
    |trunc_ln21_reg_4402_pp0_iter1_reg                  |   5|   0|    5|          0|
    |trunc_ln24_reg_4728                                |   5|   0|    5|          0|
    |xor_ln24_reg_4849                                  |   1|   0|    1|          0|
    +---------------------------------------------------+----+----+-----+-----------+
    |Total                                              |1134|   0| 1134|          0|
    +---------------------------------------------------+----+----+-----+-----------+



================================================================
== Interface
================================================================
* Summary: 
+-------------------------+-----+-----+------------+----------------+--------------+
|        RTL Ports        | Dir | Bits|  Protocol  |  Source Object |    C Type    |
+-------------------------+-----+-----+------------+----------------+--------------+
|ap_clk                   |   in|    1|  ap_ctrl_hs|             dft|  return value|
|ap_rst                   |   in|    1|  ap_ctrl_hs|             dft|  return value|
|ap_start                 |   in|    1|  ap_ctrl_hs|             dft|  return value|
|ap_done                  |  out|    1|  ap_ctrl_hs|             dft|  return value|
|ap_idle                  |  out|    1|  ap_ctrl_hs|             dft|  return value|
|ap_ready                 |  out|    1|  ap_ctrl_hs|             dft|  return value|
|real_sample_0            |   in|   32|     ap_none|   real_sample_0|       pointer|
|real_sample_1            |   in|   32|     ap_none|   real_sample_1|       pointer|
|real_sample_2            |   in|   32|     ap_none|   real_sample_2|       pointer|
|real_sample_3            |   in|   32|     ap_none|   real_sample_3|       pointer|
|real_sample_4            |   in|   32|     ap_none|   real_sample_4|       pointer|
|real_sample_5            |   in|   32|     ap_none|   real_sample_5|       pointer|
|real_sample_6            |   in|   32|     ap_none|   real_sample_6|       pointer|
|real_sample_7            |   in|   32|     ap_none|   real_sample_7|       pointer|
|real_sample_8            |   in|   32|     ap_none|   real_sample_8|       pointer|
|real_sample_9            |   in|   32|     ap_none|   real_sample_9|       pointer|
|real_sample_10           |   in|   32|     ap_none|  real_sample_10|       pointer|
|real_sample_11           |   in|   32|     ap_none|  real_sample_11|       pointer|
|real_sample_12           |   in|   32|     ap_none|  real_sample_12|       pointer|
|real_sample_13           |   in|   32|     ap_none|  real_sample_13|       pointer|
|real_sample_14           |   in|   32|     ap_none|  real_sample_14|       pointer|
|real_sample_15           |   in|   32|     ap_none|  real_sample_15|       pointer|
|real_sample_16           |   in|   32|     ap_none|  real_sample_16|       pointer|
|real_sample_17           |   in|   32|     ap_none|  real_sample_17|       pointer|
|real_sample_18           |   in|   32|     ap_none|  real_sample_18|       pointer|
|real_sample_19           |   in|   32|     ap_none|  real_sample_19|       pointer|
|real_sample_20           |   in|   32|     ap_none|  real_sample_20|       pointer|
|real_sample_21           |   in|   32|     ap_none|  real_sample_21|       pointer|
|real_sample_22           |   in|   32|     ap_none|  real_sample_22|       pointer|
|real_sample_23           |   in|   32|     ap_none|  real_sample_23|       pointer|
|real_sample_24           |   in|   32|     ap_none|  real_sample_24|       pointer|
|real_sample_25           |   in|   32|     ap_none|  real_sample_25|       pointer|
|real_sample_26           |   in|   32|     ap_none|  real_sample_26|       pointer|
|real_sample_27           |   in|   32|     ap_none|  real_sample_27|       pointer|
|real_sample_28           |   in|   32|     ap_none|  real_sample_28|       pointer|
|real_sample_29           |   in|   32|     ap_none|  real_sample_29|       pointer|
|real_sample_30           |   in|   32|     ap_none|  real_sample_30|       pointer|
|real_sample_31           |   in|   32|     ap_none|  real_sample_31|       pointer|
|imag_sample_0            |   in|   32|     ap_none|   imag_sample_0|       pointer|
|imag_sample_1            |   in|   32|     ap_none|   imag_sample_1|       pointer|
|imag_sample_2            |   in|   32|     ap_none|   imag_sample_2|       pointer|
|imag_sample_3            |   in|   32|     ap_none|   imag_sample_3|       pointer|
|imag_sample_4            |   in|   32|     ap_none|   imag_sample_4|       pointer|
|imag_sample_5            |   in|   32|     ap_none|   imag_sample_5|       pointer|
|imag_sample_6            |   in|   32|     ap_none|   imag_sample_6|       pointer|
|imag_sample_7            |   in|   32|     ap_none|   imag_sample_7|       pointer|
|imag_sample_8            |   in|   32|     ap_none|   imag_sample_8|       pointer|
|imag_sample_9            |   in|   32|     ap_none|   imag_sample_9|       pointer|
|imag_sample_10           |   in|   32|     ap_none|  imag_sample_10|       pointer|
|imag_sample_11           |   in|   32|     ap_none|  imag_sample_11|       pointer|
|imag_sample_12           |   in|   32|     ap_none|  imag_sample_12|       pointer|
|imag_sample_13           |   in|   32|     ap_none|  imag_sample_13|       pointer|
|imag_sample_14           |   in|   32|     ap_none|  imag_sample_14|       pointer|
|imag_sample_15           |   in|   32|     ap_none|  imag_sample_15|       pointer|
|imag_sample_16           |   in|   32|     ap_none|  imag_sample_16|       pointer|
|imag_sample_17           |   in|   32|     ap_none|  imag_sample_17|       pointer|
|imag_sample_18           |   in|   32|     ap_none|  imag_sample_18|       pointer|
|imag_sample_19           |   in|   32|     ap_none|  imag_sample_19|       pointer|
|imag_sample_20           |   in|   32|     ap_none|  imag_sample_20|       pointer|
|imag_sample_21           |   in|   32|     ap_none|  imag_sample_21|       pointer|
|imag_sample_22           |   in|   32|     ap_none|  imag_sample_22|       pointer|
|imag_sample_23           |   in|   32|     ap_none|  imag_sample_23|       pointer|
|imag_sample_24           |   in|   32|     ap_none|  imag_sample_24|       pointer|
|imag_sample_25           |   in|   32|     ap_none|  imag_sample_25|       pointer|
|imag_sample_26           |   in|   32|     ap_none|  imag_sample_26|       pointer|
|imag_sample_27           |   in|   32|     ap_none|  imag_sample_27|       pointer|
|imag_sample_28           |   in|   32|     ap_none|  imag_sample_28|       pointer|
|imag_sample_29           |   in|   32|     ap_none|  imag_sample_29|       pointer|
|imag_sample_30           |   in|   32|     ap_none|  imag_sample_30|       pointer|
|imag_sample_31           |   in|   32|     ap_none|  imag_sample_31|       pointer|
|real_output_0_i          |   in|   32|     ap_ovld|   real_output_0|       pointer|
|real_output_0_o          |  out|   32|     ap_ovld|   real_output_0|       pointer|
|real_output_0_o_ap_vld   |  out|    1|     ap_ovld|   real_output_0|       pointer|
|real_output_1_i          |   in|   32|     ap_ovld|   real_output_1|       pointer|
|real_output_1_o          |  out|   32|     ap_ovld|   real_output_1|       pointer|
|real_output_1_o_ap_vld   |  out|    1|     ap_ovld|   real_output_1|       pointer|
|real_output_2_i          |   in|   32|     ap_ovld|   real_output_2|       pointer|
|real_output_2_o          |  out|   32|     ap_ovld|   real_output_2|       pointer|
|real_output_2_o_ap_vld   |  out|    1|     ap_ovld|   real_output_2|       pointer|
|real_output_3_i          |   in|   32|     ap_ovld|   real_output_3|       pointer|
|real_output_3_o          |  out|   32|     ap_ovld|   real_output_3|       pointer|
|real_output_3_o_ap_vld   |  out|    1|     ap_ovld|   real_output_3|       pointer|
|real_output_4_i          |   in|   32|     ap_ovld|   real_output_4|       pointer|
|real_output_4_o          |  out|   32|     ap_ovld|   real_output_4|       pointer|
|real_output_4_o_ap_vld   |  out|    1|     ap_ovld|   real_output_4|       pointer|
|real_output_5_i          |   in|   32|     ap_ovld|   real_output_5|       pointer|
|real_output_5_o          |  out|   32|     ap_ovld|   real_output_5|       pointer|
|real_output_5_o_ap_vld   |  out|    1|     ap_ovld|   real_output_5|       pointer|
|real_output_6_i          |   in|   32|     ap_ovld|   real_output_6|       pointer|
|real_output_6_o          |  out|   32|     ap_ovld|   real_output_6|       pointer|
|real_output_6_o_ap_vld   |  out|    1|     ap_ovld|   real_output_6|       pointer|
|real_output_7_i          |   in|   32|     ap_ovld|   real_output_7|       pointer|
|real_output_7_o          |  out|   32|     ap_ovld|   real_output_7|       pointer|
|real_output_7_o_ap_vld   |  out|    1|     ap_ovld|   real_output_7|       pointer|
|real_output_8_i          |   in|   32|     ap_ovld|   real_output_8|       pointer|
|real_output_8_o          |  out|   32|     ap_ovld|   real_output_8|       pointer|
|real_output_8_o_ap_vld   |  out|    1|     ap_ovld|   real_output_8|       pointer|
|real_output_9_i          |   in|   32|     ap_ovld|   real_output_9|       pointer|
|real_output_9_o          |  out|   32|     ap_ovld|   real_output_9|       pointer|
|real_output_9_o_ap_vld   |  out|    1|     ap_ovld|   real_output_9|       pointer|
|real_output_10_i         |   in|   32|     ap_ovld|  real_output_10|       pointer|
|real_output_10_o         |  out|   32|     ap_ovld|  real_output_10|       pointer|
|real_output_10_o_ap_vld  |  out|    1|     ap_ovld|  real_output_10|       pointer|
|real_output_11_i         |   in|   32|     ap_ovld|  real_output_11|       pointer|
|real_output_11_o         |  out|   32|     ap_ovld|  real_output_11|       pointer|
|real_output_11_o_ap_vld  |  out|    1|     ap_ovld|  real_output_11|       pointer|
|real_output_12_i         |   in|   32|     ap_ovld|  real_output_12|       pointer|
|real_output_12_o         |  out|   32|     ap_ovld|  real_output_12|       pointer|
|real_output_12_o_ap_vld  |  out|    1|     ap_ovld|  real_output_12|       pointer|
|real_output_13_i         |   in|   32|     ap_ovld|  real_output_13|       pointer|
|real_output_13_o         |  out|   32|     ap_ovld|  real_output_13|       pointer|
|real_output_13_o_ap_vld  |  out|    1|     ap_ovld|  real_output_13|       pointer|
|real_output_14_i         |   in|   32|     ap_ovld|  real_output_14|       pointer|
|real_output_14_o         |  out|   32|     ap_ovld|  real_output_14|       pointer|
|real_output_14_o_ap_vld  |  out|    1|     ap_ovld|  real_output_14|       pointer|
|real_output_15_i         |   in|   32|     ap_ovld|  real_output_15|       pointer|
|real_output_15_o         |  out|   32|     ap_ovld|  real_output_15|       pointer|
|real_output_15_o_ap_vld  |  out|    1|     ap_ovld|  real_output_15|       pointer|
|real_output_16_i         |   in|   32|     ap_ovld|  real_output_16|       pointer|
|real_output_16_o         |  out|   32|     ap_ovld|  real_output_16|       pointer|
|real_output_16_o_ap_vld  |  out|    1|     ap_ovld|  real_output_16|       pointer|
|real_output_17_i         |   in|   32|     ap_ovld|  real_output_17|       pointer|
|real_output_17_o         |  out|   32|     ap_ovld|  real_output_17|       pointer|
|real_output_17_o_ap_vld  |  out|    1|     ap_ovld|  real_output_17|       pointer|
|real_output_18_i         |   in|   32|     ap_ovld|  real_output_18|       pointer|
|real_output_18_o         |  out|   32|     ap_ovld|  real_output_18|       pointer|
|real_output_18_o_ap_vld  |  out|    1|     ap_ovld|  real_output_18|       pointer|
|real_output_19_i         |   in|   32|     ap_ovld|  real_output_19|       pointer|
|real_output_19_o         |  out|   32|     ap_ovld|  real_output_19|       pointer|
|real_output_19_o_ap_vld  |  out|    1|     ap_ovld|  real_output_19|       pointer|
|real_output_20_i         |   in|   32|     ap_ovld|  real_output_20|       pointer|
|real_output_20_o         |  out|   32|     ap_ovld|  real_output_20|       pointer|
|real_output_20_o_ap_vld  |  out|    1|     ap_ovld|  real_output_20|       pointer|
|real_output_21_i         |   in|   32|     ap_ovld|  real_output_21|       pointer|
|real_output_21_o         |  out|   32|     ap_ovld|  real_output_21|       pointer|
|real_output_21_o_ap_vld  |  out|    1|     ap_ovld|  real_output_21|       pointer|
|real_output_22_i         |   in|   32|     ap_ovld|  real_output_22|       pointer|
|real_output_22_o         |  out|   32|     ap_ovld|  real_output_22|       pointer|
|real_output_22_o_ap_vld  |  out|    1|     ap_ovld|  real_output_22|       pointer|
|real_output_23_i         |   in|   32|     ap_ovld|  real_output_23|       pointer|
|real_output_23_o         |  out|   32|     ap_ovld|  real_output_23|       pointer|
|real_output_23_o_ap_vld  |  out|    1|     ap_ovld|  real_output_23|       pointer|
|real_output_24_i         |   in|   32|     ap_ovld|  real_output_24|       pointer|
|real_output_24_o         |  out|   32|     ap_ovld|  real_output_24|       pointer|
|real_output_24_o_ap_vld  |  out|    1|     ap_ovld|  real_output_24|       pointer|
|real_output_25_i         |   in|   32|     ap_ovld|  real_output_25|       pointer|
|real_output_25_o         |  out|   32|     ap_ovld|  real_output_25|       pointer|
|real_output_25_o_ap_vld  |  out|    1|     ap_ovld|  real_output_25|       pointer|
|real_output_26_i         |   in|   32|     ap_ovld|  real_output_26|       pointer|
|real_output_26_o         |  out|   32|     ap_ovld|  real_output_26|       pointer|
|real_output_26_o_ap_vld  |  out|    1|     ap_ovld|  real_output_26|       pointer|
|real_output_27_i         |   in|   32|     ap_ovld|  real_output_27|       pointer|
|real_output_27_o         |  out|   32|     ap_ovld|  real_output_27|       pointer|
|real_output_27_o_ap_vld  |  out|    1|     ap_ovld|  real_output_27|       pointer|
|real_output_28_i         |   in|   32|     ap_ovld|  real_output_28|       pointer|
|real_output_28_o         |  out|   32|     ap_ovld|  real_output_28|       pointer|
|real_output_28_o_ap_vld  |  out|    1|     ap_ovld|  real_output_28|       pointer|
|real_output_29_i         |   in|   32|     ap_ovld|  real_output_29|       pointer|
|real_output_29_o         |  out|   32|     ap_ovld|  real_output_29|       pointer|
|real_output_29_o_ap_vld  |  out|    1|     ap_ovld|  real_output_29|       pointer|
|real_output_30_i         |   in|   32|     ap_ovld|  real_output_30|       pointer|
|real_output_30_o         |  out|   32|     ap_ovld|  real_output_30|       pointer|
|real_output_30_o_ap_vld  |  out|    1|     ap_ovld|  real_output_30|       pointer|
|real_output_31_i         |   in|   32|     ap_ovld|  real_output_31|       pointer|
|real_output_31_o         |  out|   32|     ap_ovld|  real_output_31|       pointer|
|real_output_31_o_ap_vld  |  out|    1|     ap_ovld|  real_output_31|       pointer|
|imag_output_0_i          |   in|   32|     ap_ovld|   imag_output_0|       pointer|
|imag_output_0_o          |  out|   32|     ap_ovld|   imag_output_0|       pointer|
|imag_output_0_o_ap_vld   |  out|    1|     ap_ovld|   imag_output_0|       pointer|
|imag_output_1_i          |   in|   32|     ap_ovld|   imag_output_1|       pointer|
|imag_output_1_o          |  out|   32|     ap_ovld|   imag_output_1|       pointer|
|imag_output_1_o_ap_vld   |  out|    1|     ap_ovld|   imag_output_1|       pointer|
|imag_output_2_i          |   in|   32|     ap_ovld|   imag_output_2|       pointer|
|imag_output_2_o          |  out|   32|     ap_ovld|   imag_output_2|       pointer|
|imag_output_2_o_ap_vld   |  out|    1|     ap_ovld|   imag_output_2|       pointer|
|imag_output_3_i          |   in|   32|     ap_ovld|   imag_output_3|       pointer|
|imag_output_3_o          |  out|   32|     ap_ovld|   imag_output_3|       pointer|
|imag_output_3_o_ap_vld   |  out|    1|     ap_ovld|   imag_output_3|       pointer|
|imag_output_4_i          |   in|   32|     ap_ovld|   imag_output_4|       pointer|
|imag_output_4_o          |  out|   32|     ap_ovld|   imag_output_4|       pointer|
|imag_output_4_o_ap_vld   |  out|    1|     ap_ovld|   imag_output_4|       pointer|
|imag_output_5_i          |   in|   32|     ap_ovld|   imag_output_5|       pointer|
|imag_output_5_o          |  out|   32|     ap_ovld|   imag_output_5|       pointer|
|imag_output_5_o_ap_vld   |  out|    1|     ap_ovld|   imag_output_5|       pointer|
|imag_output_6_i          |   in|   32|     ap_ovld|   imag_output_6|       pointer|
|imag_output_6_o          |  out|   32|     ap_ovld|   imag_output_6|       pointer|
|imag_output_6_o_ap_vld   |  out|    1|     ap_ovld|   imag_output_6|       pointer|
|imag_output_7_i          |   in|   32|     ap_ovld|   imag_output_7|       pointer|
|imag_output_7_o          |  out|   32|     ap_ovld|   imag_output_7|       pointer|
|imag_output_7_o_ap_vld   |  out|    1|     ap_ovld|   imag_output_7|       pointer|
|imag_output_8_i          |   in|   32|     ap_ovld|   imag_output_8|       pointer|
|imag_output_8_o          |  out|   32|     ap_ovld|   imag_output_8|       pointer|
|imag_output_8_o_ap_vld   |  out|    1|     ap_ovld|   imag_output_8|       pointer|
|imag_output_9_i          |   in|   32|     ap_ovld|   imag_output_9|       pointer|
|imag_output_9_o          |  out|   32|     ap_ovld|   imag_output_9|       pointer|
|imag_output_9_o_ap_vld   |  out|    1|     ap_ovld|   imag_output_9|       pointer|
|imag_output_10_i         |   in|   32|     ap_ovld|  imag_output_10|       pointer|
|imag_output_10_o         |  out|   32|     ap_ovld|  imag_output_10|       pointer|
|imag_output_10_o_ap_vld  |  out|    1|     ap_ovld|  imag_output_10|       pointer|
|imag_output_11_i         |   in|   32|     ap_ovld|  imag_output_11|       pointer|
|imag_output_11_o         |  out|   32|     ap_ovld|  imag_output_11|       pointer|
|imag_output_11_o_ap_vld  |  out|    1|     ap_ovld|  imag_output_11|       pointer|
|imag_output_12_i         |   in|   32|     ap_ovld|  imag_output_12|       pointer|
|imag_output_12_o         |  out|   32|     ap_ovld|  imag_output_12|       pointer|
|imag_output_12_o_ap_vld  |  out|    1|     ap_ovld|  imag_output_12|       pointer|
|imag_output_13_i         |   in|   32|     ap_ovld|  imag_output_13|       pointer|
|imag_output_13_o         |  out|   32|     ap_ovld|  imag_output_13|       pointer|
|imag_output_13_o_ap_vld  |  out|    1|     ap_ovld|  imag_output_13|       pointer|
|imag_output_14_i         |   in|   32|     ap_ovld|  imag_output_14|       pointer|
|imag_output_14_o         |  out|   32|     ap_ovld|  imag_output_14|       pointer|
|imag_output_14_o_ap_vld  |  out|    1|     ap_ovld|  imag_output_14|       pointer|
|imag_output_15_i         |   in|   32|     ap_ovld|  imag_output_15|       pointer|
|imag_output_15_o         |  out|   32|     ap_ovld|  imag_output_15|       pointer|
|imag_output_15_o_ap_vld  |  out|    1|     ap_ovld|  imag_output_15|       pointer|
|imag_output_16_i         |   in|   32|     ap_ovld|  imag_output_16|       pointer|
|imag_output_16_o         |  out|   32|     ap_ovld|  imag_output_16|       pointer|
|imag_output_16_o_ap_vld  |  out|    1|     ap_ovld|  imag_output_16|       pointer|
|imag_output_17_i         |   in|   32|     ap_ovld|  imag_output_17|       pointer|
|imag_output_17_o         |  out|   32|     ap_ovld|  imag_output_17|       pointer|
|imag_output_17_o_ap_vld  |  out|    1|     ap_ovld|  imag_output_17|       pointer|
|imag_output_18_i         |   in|   32|     ap_ovld|  imag_output_18|       pointer|
|imag_output_18_o         |  out|   32|     ap_ovld|  imag_output_18|       pointer|
|imag_output_18_o_ap_vld  |  out|    1|     ap_ovld|  imag_output_18|       pointer|
|imag_output_19_i         |   in|   32|     ap_ovld|  imag_output_19|       pointer|
|imag_output_19_o         |  out|   32|     ap_ovld|  imag_output_19|       pointer|
|imag_output_19_o_ap_vld  |  out|    1|     ap_ovld|  imag_output_19|       pointer|
|imag_output_20_i         |   in|   32|     ap_ovld|  imag_output_20|       pointer|
|imag_output_20_o         |  out|   32|     ap_ovld|  imag_output_20|       pointer|
|imag_output_20_o_ap_vld  |  out|    1|     ap_ovld|  imag_output_20|       pointer|
|imag_output_21_i         |   in|   32|     ap_ovld|  imag_output_21|       pointer|
|imag_output_21_o         |  out|   32|     ap_ovld|  imag_output_21|       pointer|
|imag_output_21_o_ap_vld  |  out|    1|     ap_ovld|  imag_output_21|       pointer|
|imag_output_22_i         |   in|   32|     ap_ovld|  imag_output_22|       pointer|
|imag_output_22_o         |  out|   32|     ap_ovld|  imag_output_22|       pointer|
|imag_output_22_o_ap_vld  |  out|    1|     ap_ovld|  imag_output_22|       pointer|
|imag_output_23_i         |   in|   32|     ap_ovld|  imag_output_23|       pointer|
|imag_output_23_o         |  out|   32|     ap_ovld|  imag_output_23|       pointer|
|imag_output_23_o_ap_vld  |  out|    1|     ap_ovld|  imag_output_23|       pointer|
|imag_output_24_i         |   in|   32|     ap_ovld|  imag_output_24|       pointer|
|imag_output_24_o         |  out|   32|     ap_ovld|  imag_output_24|       pointer|
|imag_output_24_o_ap_vld  |  out|    1|     ap_ovld|  imag_output_24|       pointer|
|imag_output_25_i         |   in|   32|     ap_ovld|  imag_output_25|       pointer|
|imag_output_25_o         |  out|   32|     ap_ovld|  imag_output_25|       pointer|
|imag_output_25_o_ap_vld  |  out|    1|     ap_ovld|  imag_output_25|       pointer|
|imag_output_26_i         |   in|   32|     ap_ovld|  imag_output_26|       pointer|
|imag_output_26_o         |  out|   32|     ap_ovld|  imag_output_26|       pointer|
|imag_output_26_o_ap_vld  |  out|    1|     ap_ovld|  imag_output_26|       pointer|
|imag_output_27_i         |   in|   32|     ap_ovld|  imag_output_27|       pointer|
|imag_output_27_o         |  out|   32|     ap_ovld|  imag_output_27|       pointer|
|imag_output_27_o_ap_vld  |  out|    1|     ap_ovld|  imag_output_27|       pointer|
|imag_output_28_i         |   in|   32|     ap_ovld|  imag_output_28|       pointer|
|imag_output_28_o         |  out|   32|     ap_ovld|  imag_output_28|       pointer|
|imag_output_28_o_ap_vld  |  out|    1|     ap_ovld|  imag_output_28|       pointer|
|imag_output_29_i         |   in|   32|     ap_ovld|  imag_output_29|       pointer|
|imag_output_29_o         |  out|   32|     ap_ovld|  imag_output_29|       pointer|
|imag_output_29_o_ap_vld  |  out|    1|     ap_ovld|  imag_output_29|       pointer|
|imag_output_30_i         |   in|   32|     ap_ovld|  imag_output_30|       pointer|
|imag_output_30_o         |  out|   32|     ap_ovld|  imag_output_30|       pointer|
|imag_output_30_o_ap_vld  |  out|    1|     ap_ovld|  imag_output_30|       pointer|
|imag_output_31_i         |   in|   32|     ap_ovld|  imag_output_31|       pointer|
|imag_output_31_o         |  out|   32|     ap_ovld|  imag_output_31|       pointer|
|imag_output_31_o_ap_vld  |  out|    1|     ap_ovld|  imag_output_31|       pointer|
+-------------------------+-----+-----+------------+----------------+--------------+

