

================================================================
== Vitis HLS Report for 'dft'
================================================================
* Date:           Fri Nov  7 07:44:50 2025

* Version:        2024.2 (Build 5238294 on Nov  8 2024)
* Project:        dft.comp
* Solution:       hls (Vivado IP Flow Target)
* Product family: zynq
* Target device:  xc7z020-clg400-1


================================================================
== Performance Estimates
================================================================
+ Timing: 
    * Summary: 
    +--------+----------+----------+------------+
    |  Clock |  Target  | Estimated| Uncertainty|
    +--------+----------+----------+------------+
    |ap_clk  |  10.00 ns|  7.256 ns|     2.70 ns|
    +--------+----------+----------+------------+

+ Latency: 
    * Summary: 
    +---------+---------+-----------+-----------+------+------+-------------------------------------------------+
    |  Latency (cycles) |   Latency (absolute)  |   Interval  |                     Pipeline                    |
    |   min   |   max   |    min    |    max    |  min |  max |                       Type                      |
    +---------+---------+-----------+-----------+------+------+-------------------------------------------------+
    |     5647|     5647|  56.470 us|  56.470 us|  5656|  5656|  loop auto-rewind stp (delay=24 clock cycles(s))|
    +---------+---------+-----------+-----------+------+------+-------------------------------------------------+

    + Detail: 
        * Instance: 
        N/A

        * Loop: 
        +-----------------------------------+---------+---------+----------+-----------+-----------+------+----------+
        |                                   |  Latency (cycles) | Iteration|  Initiation Interval  | Trip |          |
        |             Loop Name             |   min   |   max   |  Latency |  achieved |   target  | Count| Pipelined|
        +-----------------------------------+---------+---------+----------+-----------+-----------+------+----------+
        |- VITIS_LOOP_21_1_VITIS_LOOP_24_2  |     5645|     5645|        25|         11|          1|   512|       yes|
        +-----------------------------------+---------+---------+----------+-----------+-----------+------+----------+



================================================================
== Utilization Estimates
================================================================
* Summary: 
+-----------------+---------+-----+--------+-------+-----+
|       Name      | BRAM_18K| DSP |   FF   |  LUT  | URAM|
+-----------------+---------+-----+--------+-------+-----+
|DSP              |        -|    -|       -|      -|    -|
|Expression       |        -|    -|       0|    218|    -|
|FIFO             |        -|    -|       -|      -|    -|
|Instance         |        -|    5|     348|   1515|    -|
|Memory           |       64|    -|       0|      0|    -|
|Multiplexer      |        -|    -|       0|    963|    -|
|Register         |        -|    -|     932|     64|    -|
+-----------------+---------+-----+--------+-------+-----+
|Total            |       64|    5|    1280|   2760|    0|
+-----------------+---------+-----+--------+-------+-----+
|Available        |      280|  220|  106400|  53200|    0|
+-----------------+---------+-----+--------+-------+-----+
|Utilization (%)  |       22|    2|       1|      5|    0|
+-----------------+---------+-----+--------+-------+-----+

+ Detail: 
    * Instance: 
    +---------------------------------------+------------------------------------+---------+----+-----+-----+-----+
    |                Instance               |               Module               | BRAM_18K| DSP|  FF | LUT | URAM|
    +---------------------------------------+------------------------------------+---------+----+-----+-----+-----+
    |faddfsub_32ns_32ns_32_5_full_dsp_1_U1  |faddfsub_32ns_32ns_32_5_full_dsp_1  |        0|   2|  205|  390|    0|
    |fmul_32ns_32ns_32_4_max_dsp_1_U2       |fmul_32ns_32ns_32_4_max_dsp_1       |        0|   3|  143|  321|    0|
    |sparsemux_33_5_32_1_1_U3               |sparsemux_33_5_32_1_1               |        0|   0|    0|   65|    0|
    |sparsemux_33_5_32_1_1_U4               |sparsemux_33_5_32_1_1               |        0|   0|    0|   65|    0|
    |sparsemux_33_5_32_1_1_U5               |sparsemux_33_5_32_1_1               |        0|   0|    0|   65|    0|
    |sparsemux_33_5_32_1_1_U6               |sparsemux_33_5_32_1_1               |        0|   0|    0|   65|    0|
    |sparsemux_33_5_32_1_1_U7               |sparsemux_33_5_32_1_1               |        0|   0|    0|   65|    0|
    |sparsemux_33_5_32_1_1_U8               |sparsemux_33_5_32_1_1               |        0|   0|    0|   65|    0|
    |sparsemux_33_5_32_1_1_U9               |sparsemux_33_5_32_1_1               |        0|   0|    0|   65|    0|
    |sparsemux_33_5_32_1_1_U10              |sparsemux_33_5_32_1_1               |        0|   0|    0|   65|    0|
    |sparsemux_65_5_32_1_1_U11              |sparsemux_65_5_32_1_1               |        0|   0|    0|  142|    0|
    |sparsemux_65_5_32_1_1_U12              |sparsemux_65_5_32_1_1               |        0|   0|    0|  142|    0|
    +---------------------------------------+------------------------------------+---------+----+-----+-----+-----+
    |Total                                  |                                    |        0|   5|  348| 1515|    0|
    +---------------------------------------+------------------------------------+---------+----+-----+-----+-----+

    * DSP: 
    N/A

    * Memory: 
    +----------------------------+--------------------------------------+---------+---+----+-----+------+-----+------+-------------+
    |           Memory           |                Module                | BRAM_18K| FF| LUT| URAM| Words| Bits| Banks| W*Bits*Banks|
    +----------------------------+--------------------------------------+---------+---+----+-----+------+-----+------+-------------+
    |p_ZL15cos_coeff_table_0_U   |p_ZL15cos_coeff_table_0_ROM_AUTO_1R   |        1|  0|   0|    0|    32|   32|     1|         1024|
    |p_ZL15cos_coeff_table_10_U  |p_ZL15cos_coeff_table_10_ROM_AUTO_1R  |        1|  0|   0|    0|    32|   32|     1|         1024|
    |p_ZL15cos_coeff_table_11_U  |p_ZL15cos_coeff_table_11_ROM_AUTO_1R  |        1|  0|   0|    0|    32|   32|     1|         1024|
    |p_ZL15cos_coeff_table_21_U  |p_ZL15cos_coeff_table_11_ROM_AUTO_1R  |        1|  0|   0|    0|    32|   32|     1|         1024|
    |p_ZL15cos_coeff_table_12_U  |p_ZL15cos_coeff_table_12_ROM_AUTO_1R  |        1|  0|   0|    0|    32|   32|     1|         1024|
    |p_ZL15cos_coeff_table_13_U  |p_ZL15cos_coeff_table_13_ROM_AUTO_1R  |        1|  0|   0|    0|    32|   32|     1|         1024|
    |p_ZL15cos_coeff_table_19_U  |p_ZL15cos_coeff_table_13_ROM_AUTO_1R  |        1|  0|   0|    0|    32|   32|     1|         1024|
    |p_ZL15cos_coeff_table_14_U  |p_ZL15cos_coeff_table_14_ROM_AUTO_1R  |        1|  0|   0|    0|    32|   32|     1|         1024|
    |p_ZL15cos_coeff_table_15_U  |p_ZL15cos_coeff_table_15_ROM_AUTO_1R  |        1|  0|   0|    0|    32|   32|     1|         1024|
    |p_ZL15cos_coeff_table_17_U  |p_ZL15cos_coeff_table_15_ROM_AUTO_1R  |        1|  0|   0|    0|    32|   32|     1|         1024|
    |p_ZL15cos_coeff_table_16_U  |p_ZL15cos_coeff_table_16_ROM_AUTO_1R  |        1|  0|   0|    0|    32|   32|     1|         1024|
    |p_ZL15cos_coeff_table_18_U  |p_ZL15cos_coeff_table_18_ROM_AUTO_1R  |        1|  0|   0|    0|    32|   32|     1|         1024|
    |p_ZL15cos_coeff_table_1_U   |p_ZL15cos_coeff_table_1_ROM_AUTO_1R   |        1|  0|   0|    0|    32|   32|     1|         1024|
    |p_ZL15cos_coeff_table_20_U  |p_ZL15cos_coeff_table_20_ROM_AUTO_1R  |        1|  0|   0|    0|    32|   32|     1|         1024|
    |p_ZL15cos_coeff_table_22_U  |p_ZL15cos_coeff_table_22_ROM_AUTO_1R  |        1|  0|   0|    0|    32|   32|     1|         1024|
    |p_ZL15cos_coeff_table_23_U  |p_ZL15cos_coeff_table_23_ROM_AUTO_1R  |        1|  0|   0|    0|    32|   32|     1|         1024|
    |p_ZL15cos_coeff_table_24_U  |p_ZL15cos_coeff_table_24_ROM_AUTO_1R  |        1|  0|   0|    0|    32|   32|     1|         1024|
    |p_ZL15cos_coeff_table_26_U  |p_ZL15cos_coeff_table_26_ROM_AUTO_1R  |        1|  0|   0|    0|    32|   32|     1|         1024|
    |p_ZL15cos_coeff_table_27_U  |p_ZL15cos_coeff_table_27_ROM_AUTO_1R  |        1|  0|   0|    0|    32|   32|     1|         1024|
    |p_ZL15cos_coeff_table_28_U  |p_ZL15cos_coeff_table_28_ROM_AUTO_1R  |        1|  0|   0|    0|    32|   32|     1|         1024|
    |p_ZL15cos_coeff_table_29_U  |p_ZL15cos_coeff_table_29_ROM_AUTO_1R  |        1|  0|   0|    0|    32|   32|     1|         1024|
    |p_ZL15cos_coeff_table_2_U   |p_ZL15cos_coeff_table_2_ROM_AUTO_1R   |        1|  0|   0|    0|    32|   32|     1|         1024|
    |p_ZL15cos_coeff_table_30_U  |p_ZL15cos_coeff_table_30_ROM_AUTO_1R  |        1|  0|   0|    0|    32|   32|     1|         1024|
    |p_ZL15cos_coeff_table_31_U  |p_ZL15cos_coeff_table_31_ROM_AUTO_1R  |        1|  0|   0|    0|    32|   32|     1|         1024|
    |p_ZL15cos_coeff_table_3_U   |p_ZL15cos_coeff_table_3_ROM_AUTO_1R   |        1|  0|   0|    0|    32|   32|     1|         1024|
    |p_ZL15cos_coeff_table_4_U   |p_ZL15cos_coeff_table_4_ROM_AUTO_1R   |        1|  0|   0|    0|    32|   32|     1|         1024|
    |p_ZL15cos_coeff_table_5_U   |p_ZL15cos_coeff_table_5_ROM_AUTO_1R   |        1|  0|   0|    0|    32|   32|     1|         1024|
    |p_ZL15cos_coeff_table_6_U   |p_ZL15cos_coeff_table_6_ROM_AUTO_1R   |        1|  0|   0|    0|    32|   32|     1|         1024|
    |p_ZL15cos_coeff_table_7_U   |p_ZL15cos_coeff_table_7_ROM_AUTO_1R   |        1|  0|   0|    0|    32|   32|     1|         1024|
    |p_ZL15cos_coeff_table_25_U  |p_ZL15cos_coeff_table_7_ROM_AUTO_1R   |        1|  0|   0|    0|    32|   32|     1|         1024|
    |p_ZL15cos_coeff_table_8_U   |p_ZL15cos_coeff_table_8_ROM_AUTO_1R   |        1|  0|   0|    0|    32|   32|     1|         1024|
    |p_ZL15cos_coeff_table_9_U   |p_ZL15cos_coeff_table_9_ROM_AUTO_1R   |        1|  0|   0|    0|    32|   32|     1|         1024|
    |p_ZL15sin_coeff_table_0_U   |p_ZL15sin_coeff_table_0_ROM_AUTO_1R   |        1|  0|   0|    0|    32|   32|     1|         1024|
    |p_ZL15sin_coeff_table_10_U  |p_ZL15sin_coeff_table_10_ROM_AUTO_1R  |        1|  0|   0|    0|    32|   32|     1|         1024|
    |p_ZL15sin_coeff_table_11_U  |p_ZL15sin_coeff_table_11_ROM_AUTO_1R  |        1|  0|   0|    0|    32|   32|     1|         1024|
    |p_ZL15sin_coeff_table_12_U  |p_ZL15sin_coeff_table_12_ROM_AUTO_1R  |        1|  0|   0|    0|    32|   32|     1|         1024|
    |p_ZL15sin_coeff_table_13_U  |p_ZL15sin_coeff_table_13_ROM_AUTO_1R  |        1|  0|   0|    0|    32|   32|     1|         1024|
    |p_ZL15sin_coeff_table_14_U  |p_ZL15sin_coeff_table_14_ROM_AUTO_1R  |        1|  0|   0|    0|    32|   32|     1|         1024|
    |p_ZL15sin_coeff_table_15_U  |p_ZL15sin_coeff_table_15_ROM_AUTO_1R  |        1|  0|   0|    0|    32|   32|     1|         1024|
    |p_ZL15sin_coeff_table_16_U  |p_ZL15sin_coeff_table_16_ROM_AUTO_1R  |        1|  0|   0|    0|    32|   32|     1|         1024|
    |p_ZL15sin_coeff_table_17_U  |p_ZL15sin_coeff_table_17_ROM_AUTO_1R  |        1|  0|   0|    0|    32|   32|     1|         1024|
    |p_ZL15sin_coeff_table_18_U  |p_ZL15sin_coeff_table_18_ROM_AUTO_1R  |        1|  0|   0|    0|    32|   32|     1|         1024|
    |p_ZL15sin_coeff_table_19_U  |p_ZL15sin_coeff_table_19_ROM_AUTO_1R  |        1|  0|   0|    0|    32|   32|     1|         1024|
    |p_ZL15sin_coeff_table_1_U   |p_ZL15sin_coeff_table_1_ROM_AUTO_1R   |        1|  0|   0|    0|    32|   32|     1|         1024|
    |p_ZL15sin_coeff_table_20_U  |p_ZL15sin_coeff_table_20_ROM_AUTO_1R  |        1|  0|   0|    0|    32|   32|     1|         1024|
    |p_ZL15sin_coeff_table_21_U  |p_ZL15sin_coeff_table_21_ROM_AUTO_1R  |        1|  0|   0|    0|    32|   32|     1|         1024|
    |p_ZL15sin_coeff_table_22_U  |p_ZL15sin_coeff_table_22_ROM_AUTO_1R  |        1|  0|   0|    0|    32|   32|     1|         1024|
    |p_ZL15sin_coeff_table_23_U  |p_ZL15sin_coeff_table_23_ROM_AUTO_1R  |        1|  0|   0|    0|    32|   32|     1|         1024|
    |p_ZL15sin_coeff_table_24_U  |p_ZL15sin_coeff_table_24_ROM_AUTO_1R  |        1|  0|   0|    0|    32|   32|     1|         1024|
    |p_ZL15sin_coeff_table_25_U  |p_ZL15sin_coeff_table_25_ROM_AUTO_1R  |        1|  0|   0|    0|    32|   32|     1|         1024|
    |p_ZL15sin_coeff_table_26_U  |p_ZL15sin_coeff_table_26_ROM_AUTO_1R  |        1|  0|   0|    0|    32|   32|     1|         1024|
    |p_ZL15sin_coeff_table_27_U  |p_ZL15sin_coeff_table_27_ROM_AUTO_1R  |        1|  0|   0|    0|    32|   32|     1|         1024|
    |p_ZL15sin_coeff_table_28_U  |p_ZL15sin_coeff_table_28_ROM_AUTO_1R  |        1|  0|   0|    0|    32|   32|     1|         1024|
    |p_ZL15sin_coeff_table_29_U  |p_ZL15sin_coeff_table_29_ROM_AUTO_1R  |        1|  0|   0|    0|    32|   32|     1|         1024|
    |p_ZL15sin_coeff_table_2_U   |p_ZL15sin_coeff_table_2_ROM_AUTO_1R   |        1|  0|   0|    0|    32|   32|     1|         1024|
    |p_ZL15sin_coeff_table_30_U  |p_ZL15sin_coeff_table_30_ROM_AUTO_1R  |        1|  0|   0|    0|    32|   32|     1|         1024|
    |p_ZL15sin_coeff_table_31_U  |p_ZL15sin_coeff_table_31_ROM_AUTO_1R  |        1|  0|   0|    0|    32|   32|     1|         1024|
    |p_ZL15sin_coeff_table_3_U   |p_ZL15sin_coeff_table_3_ROM_AUTO_1R   |        1|  0|   0|    0|    32|   32|     1|         1024|
    |p_ZL15sin_coeff_table_4_U   |p_ZL15sin_coeff_table_4_ROM_AUTO_1R   |        1|  0|   0|    0|    32|   32|     1|         1024|
    |p_ZL15sin_coeff_table_5_U   |p_ZL15sin_coeff_table_5_ROM_AUTO_1R   |        1|  0|   0|    0|    32|   32|     1|         1024|
    |p_ZL15sin_coeff_table_6_U   |p_ZL15sin_coeff_table_6_ROM_AUTO_1R   |        1|  0|   0|    0|    32|   32|     1|         1024|
    |p_ZL15sin_coeff_table_7_U   |p_ZL15sin_coeff_table_7_ROM_AUTO_1R   |        1|  0|   0|    0|    32|   32|     1|         1024|
    |p_ZL15sin_coeff_table_8_U   |p_ZL15sin_coeff_table_8_ROM_AUTO_1R   |        1|  0|   0|    0|    32|   32|     1|         1024|
    |p_ZL15sin_coeff_table_9_U   |p_ZL15sin_coeff_table_9_ROM_AUTO_1R   |        1|  0|   0|    0|    32|   32|     1|         1024|
    +----------------------------+--------------------------------------+---------+---+----+-----+------+-----+------+-------------+
    |Total                       |                                      |       64|  0|   0|    0|  2048| 2048|    64|        65536|
    +----------------------------+--------------------------------------+---------+---+----+-----+------+-----+------+-------------+

    * FIFO: 
    N/A

    * Expression: 
    +-------------------------------+----------+----+---+----+------------+------------+
    |         Variable Name         | Operation| DSP| FF| LUT| Bitwidth P0| Bitwidth P1|
    +-------------------------------+----------+----+---+----+------------+------------+
    |add_ln21_1_fu_2928_p2          |         +|   0|  0|  14|           9|           1|
    |add_ln21_fu_3294_p2            |         +|   0|  0|  14|           6|           1|
    |j_fu_3605_p2                   |         +|   0|  0|  14|           6|           2|
    |ap_condition_1118              |       and|   0|  0|   2|           1|           1|
    |ap_condition_3095              |       and|   0|  0|   2|           1|           1|
    |ap_predicate_pred1296_state23  |       and|   0|  0|   2|           1|           1|
    |ap_predicate_pred1303_state23  |       and|   0|  0|   2|           1|           1|
    |ap_predicate_pred1310_state23  |       and|   0|  0|   2|           1|           1|
    |ap_predicate_pred1317_state23  |       and|   0|  0|   2|           1|           1|
    |ap_predicate_pred1324_state23  |       and|   0|  0|   2|           1|           1|
    |ap_predicate_pred1331_state23  |       and|   0|  0|   2|           1|           1|
    |ap_predicate_pred1338_state23  |       and|   0|  0|   2|           1|           1|
    |ap_predicate_pred1345_state23  |       and|   0|  0|   2|           1|           1|
    |ap_predicate_pred1352_state23  |       and|   0|  0|   2|           1|           1|
    |ap_predicate_pred1359_state23  |       and|   0|  0|   2|           1|           1|
    |ap_predicate_pred1366_state23  |       and|   0|  0|   2|           1|           1|
    |ap_predicate_pred1373_state23  |       and|   0|  0|   2|           1|           1|
    |ap_predicate_pred1380_state23  |       and|   0|  0|   2|           1|           1|
    |ap_predicate_pred1387_state23  |       and|   0|  0|   2|           1|           1|
    |ap_predicate_pred1394_state23  |       and|   0|  0|   2|           1|           1|
    |ap_predicate_pred1401_state23  |       and|   0|  0|   2|           1|           1|
    |ap_predicate_pred1408_state23  |       and|   0|  0|   2|           1|           1|
    |ap_predicate_pred1415_state23  |       and|   0|  0|   2|           1|           1|
    |ap_predicate_pred1422_state23  |       and|   0|  0|   2|           1|           1|
    |ap_predicate_pred1429_state23  |       and|   0|  0|   2|           1|           1|
    |ap_predicate_pred1436_state23  |       and|   0|  0|   2|           1|           1|
    |ap_predicate_pred1443_state23  |       and|   0|  0|   2|           1|           1|
    |ap_predicate_pred1450_state23  |       and|   0|  0|   2|           1|           1|
    |ap_predicate_pred1457_state23  |       and|   0|  0|   2|           1|           1|
    |ap_predicate_pred1464_state23  |       and|   0|  0|   2|           1|           1|
    |ap_predicate_pred1471_state23  |       and|   0|  0|   2|           1|           1|
    |ap_predicate_pred1478_state23  |       and|   0|  0|   2|           1|           1|
    |ap_predicate_pred1485_state23  |       and|   0|  0|   2|           1|           1|
    |ap_predicate_pred1492_state23  |       and|   0|  0|   2|           1|           1|
    |ap_predicate_pred1499_state23  |       and|   0|  0|   2|           1|           1|
    |ap_predicate_pred1506_state23  |       and|   0|  0|   2|           1|           1|
    |ap_predicate_pred1513_state23  |       and|   0|  0|   2|           1|           1|
    |ap_predicate_pred1524_state24  |       and|   0|  0|   2|           1|           1|
    |ap_predicate_pred1529_state24  |       and|   0|  0|   2|           1|           1|
    |ap_predicate_pred1534_state24  |       and|   0|  0|   2|           1|           1|
    |ap_predicate_pred1539_state24  |       and|   0|  0|   2|           1|           1|
    |ap_predicate_pred1544_state24  |       and|   0|  0|   2|           1|           1|
    |ap_predicate_pred1549_state24  |       and|   0|  0|   2|           1|           1|
    |ap_predicate_pred1554_state24  |       and|   0|  0|   2|           1|           1|
    |ap_predicate_pred1559_state24  |       and|   0|  0|   2|           1|           1|
    |ap_predicate_pred1564_state24  |       and|   0|  0|   2|           1|           1|
    |ap_predicate_pred1569_state24  |       and|   0|  0|   2|           1|           1|
    |ap_predicate_pred1574_state24  |       and|   0|  0|   2|           1|           1|
    |ap_predicate_pred1579_state24  |       and|   0|  0|   2|           1|           1|
    |ap_predicate_pred1584_state24  |       and|   0|  0|   2|           1|           1|
    |ap_predicate_pred1589_state24  |       and|   0|  0|   2|           1|           1|
    |ap_predicate_pred1594_state24  |       and|   0|  0|   2|           1|           1|
    |ap_predicate_pred1599_state24  |       and|   0|  0|   2|           1|           1|
    |ap_predicate_pred1604_state24  |       and|   0|  0|   2|           1|           1|
    |ap_predicate_pred1609_state24  |       and|   0|  0|   2|           1|           1|
    |ap_predicate_pred1614_state24  |       and|   0|  0|   2|           1|           1|
    |ap_predicate_pred1619_state24  |       and|   0|  0|   2|           1|           1|
    |ap_predicate_pred1624_state24  |       and|   0|  0|   2|           1|           1|
    |ap_predicate_pred1629_state24  |       and|   0|  0|   2|           1|           1|
    |ap_predicate_pred1634_state24  |       and|   0|  0|   2|           1|           1|
    |ap_predicate_pred1639_state24  |       and|   0|  0|   2|           1|           1|
    |ap_predicate_pred1644_state24  |       and|   0|  0|   2|           1|           1|
    |ap_predicate_pred1649_state24  |       and|   0|  0|   2|           1|           1|
    |ap_predicate_pred1654_state24  |       and|   0|  0|   2|           1|           1|
    |ap_predicate_pred1659_state24  |       and|   0|  0|   2|           1|           1|
    |ap_predicate_pred1664_state24  |       and|   0|  0|   2|           1|           1|
    |ap_predicate_pred1669_state24  |       and|   0|  0|   2|           1|           1|
    |ap_predicate_pred1674_state24  |       and|   0|  0|   2|           1|           1|
    |ap_predicate_pred1679_state24  |       and|   0|  0|   2|           1|           1|
    |first_iter_0_fu_2918_p2        |      icmp|   0|  0|  14|           6|           1|
    |icmp_ln21_fu_3300_p2           |      icmp|   0|  0|  14|           9|           2|
    |i_fu_2910_p3                   |    select|   0|  0|   6|           1|           6|
    |select_ln16_fu_2902_p3         |    select|   0|  0|   6|           1|           6|
    |ap_enable_pp0                  |       xor|   0|  0|   2|           1|           2|
    |xor_ln24_fu_3618_p2            |       xor|   0|  0|   2|           1|           2|
    +-------------------------------+----------+----+---+----+------------+------------+
    |Total                          |          |   0|  0| 218|         106|          89|
    +-------------------------------+----------+----+---+----+------------+------------+

    * Multiplexer: 
    +---------------------------------------------------+----+-----------+-----+-----------+
    |                        Name                       | LUT| Input Size| Bits| Total Bits|
    +---------------------------------------------------+----+-----------+-----+-----------+
    |add2667_fu_522                                     |   9|          2|   32|         64|
    |add58_fu_526                                       |   9|          2|   32|         64|
    |add_ln2110_fu_518                                  |   9|          2|    6|         12|
    |ap_NS_fsm                                          |  65|         12|    1|         12|
    |ap_condition_exit_pp0_iter0_stage10_pp0_iter1_reg  |   9|          2|    1|          2|
    |ap_condition_exit_pp0_iter0_stage10_pp0_iter2_reg  |   9|          2|    1|          2|
    |ap_done_int                                        |   9|          2|    1|          2|
    |ap_enable_reg_pp0_iter0                            |   9|          2|    1|          2|
    |ap_enable_reg_pp0_iter2                            |   9|          2|    1|          2|
    |ap_loop_exit_ready_pp0_iter1_reg                   |   9|          2|    1|          2|
    |ap_loop_exit_ready_pp0_iter2_reg                   |   9|          2|    1|          2|
    |ap_phi_mux_icmp_ln249_phi_fu_2581_p4               |   9|          2|    1|          2|
    |ap_sig_allocacmp_add_ln2110_load                   |   9|          2|    6|         12|
    |ap_sig_allocacmp_i5_load                           |   9|          2|    6|         12|
    |ap_sig_allocacmp_indvar_flatten4_load              |   9|          2|    9|         18|
    |ap_sig_allocacmp_j6_load                           |   9|          2|    6|         12|
    |grp_fu_2588_opcode                                 |  14|          3|    2|          6|
    |grp_fu_2588_p0                                     |  48|          9|   32|        288|
    |grp_fu_2588_p1                                     |  48|          9|   32|        288|
    |grp_fu_2592_p0                                     |  25|          5|   32|        160|
    |grp_fu_2592_p1                                     |  25|          5|   32|        160|
    |i5_fu_510                                          |   9|          2|    6|         12|
    |imag_output_0_o                                    |   9|          2|   32|         64|
    |imag_output_10_o                                   |   9|          2|   32|         64|
    |imag_output_11_o                                   |   9|          2|   32|         64|
    |imag_output_12_o                                   |   9|          2|   32|         64|
    |imag_output_13_o                                   |   9|          2|   32|         64|
    |imag_output_14_o                                   |   9|          2|   32|         64|
    |imag_output_15_o                                   |   9|          2|   32|         64|
    |imag_output_16_o                                   |   9|          2|   32|         64|
    |imag_output_17_o                                   |   9|          2|   32|         64|
    |imag_output_18_o                                   |   9|          2|   32|         64|
    |imag_output_19_o                                   |   9|          2|   32|         64|
    |imag_output_1_o                                    |   9|          2|   32|         64|
    |imag_output_20_o                                   |   9|          2|   32|         64|
    |imag_output_21_o                                   |   9|          2|   32|         64|
    |imag_output_22_o                                   |   9|          2|   32|         64|
    |imag_output_23_o                                   |   9|          2|   32|         64|
    |imag_output_24_o                                   |   9|          2|   32|         64|
    |imag_output_25_o                                   |   9|          2|   32|         64|
    |imag_output_26_o                                   |   9|          2|   32|         64|
    |imag_output_27_o                                   |   9|          2|   32|         64|
    |imag_output_28_o                                   |   9|          2|   32|         64|
    |imag_output_29_o                                   |   9|          2|   32|         64|
    |imag_output_2_o                                    |   9|          2|   32|         64|
    |imag_output_30_o                                   |   9|          2|   32|         64|
    |imag_output_31_o                                   |   9|          2|   32|         64|
    |imag_output_3_o                                    |   9|          2|   32|         64|
    |imag_output_4_o                                    |   9|          2|   32|         64|
    |imag_output_5_o                                    |   9|          2|   32|         64|
    |imag_output_6_o                                    |   9|          2|   32|         64|
    |imag_output_7_o                                    |   9|          2|   32|         64|
    |imag_output_8_o                                    |   9|          2|   32|         64|
    |imag_output_9_o                                    |   9|          2|   32|         64|
    |indvar_flatten4_fu_506                             |   9|          2|    9|         18|
    |j6_fu_514                                          |   9|          2|    6|         12|
    |real_output_0_o                                    |   9|          2|   32|         64|
    |real_output_10_o                                   |   9|          2|   32|         64|
    |real_output_11_o                                   |   9|          2|   32|         64|
    |real_output_12_o                                   |   9|          2|   32|         64|
    |real_output_13_o                                   |   9|          2|   32|         64|
    |real_output_14_o                                   |   9|          2|   32|         64|
    |real_output_15_o                                   |   9|          2|   32|         64|
    |real_output_16_o                                   |   9|          2|   32|         64|
    |real_output_17_o                                   |   9|          2|   32|         64|
    |real_output_18_o                                   |   9|          2|   32|         64|
    |real_output_19_o                                   |   9|          2|   32|         64|
    |real_output_1_o                                    |   9|          2|   32|         64|
    |real_output_20_o                                   |   9|          2|   32|         64|
    |real_output_21_o                                   |   9|          2|   32|         64|
    |real_output_22_o                                   |   9|          2|   32|         64|
    |real_output_23_o                                   |   9|          2|   32|         64|
    |real_output_24_o                                   |   9|          2|   32|         64|
    |real_output_25_o                                   |   9|          2|   32|         64|
    |real_output_26_o                                   |   9|          2|   32|         64|
    |real_output_27_o                                   |   9|          2|   32|         64|
    |real_output_28_o                                   |   9|          2|   32|         64|
    |real_output_29_o                                   |   9|          2|   32|         64|
    |real_output_2_o                                    |   9|          2|   32|         64|
    |real_output_30_o                                   |   9|          2|   32|         64|
    |real_output_31_o                                   |   9|          2|   32|         64|
    |real_output_3_o                                    |   9|          2|   32|         64|
    |real_output_4_o                                    |   9|          2|   32|         64|
    |real_output_5_o                                    |   9|          2|   32|         64|
    |real_output_6_o                                    |   9|          2|   32|         64|
    |real_output_7_o                                    |   9|          2|   32|         64|
    |real_output_8_o                                    |   9|          2|   32|         64|
    |real_output_9_o                                    |   9|          2|   32|         64|
    +---------------------------------------------------+----+-----------+-----+-----------+
    |Total                                              | 963|        207| 2305|       5262|
    +---------------------------------------------------+----+-----------+-----+-----------+

    * Register: 
    +---------------------------------------------------+----+----+-----+-----------+
    |                        Name                       | FF | LUT| Bits| Const Bits|
    +---------------------------------------------------+----+----+-----+-----------+
    |add23_1_reg_4738                                   |  32|   0|   32|          0|
    |add2667_fu_522                                     |  32|   0|   32|          0|
    |add58_fu_526                                       |  32|   0|   32|          0|
    |add_ln2110_fu_518                                  |   6|   0|    6|          0|
    |ap_CS_fsm                                          |  11|   0|   11|          0|
    |ap_condition_exit_pp0_iter0_stage10_pp0_iter1_reg  |   1|   0|    1|          0|
    |ap_condition_exit_pp0_iter0_stage10_pp0_iter2_reg  |   1|   0|    1|          0|
    |ap_done_reg                                        |   1|   0|    1|          0|
    |ap_enable_reg_pp0_iter0_reg                        |   1|   0|    1|          0|
    |ap_enable_reg_pp0_iter1                            |   1|   0|    1|          0|
    |ap_enable_reg_pp0_iter2                            |   1|   0|    1|          0|
    |ap_loop_exit_ready_pp0_iter1_reg                   |   1|   0|    1|          0|
    |ap_loop_exit_ready_pp0_iter2_reg                   |   1|   0|    1|          0|
    |ap_predicate_pred1296_state23                      |   1|   0|    1|          0|
    |ap_predicate_pred1303_state23                      |   1|   0|    1|          0|
    |ap_predicate_pred1310_state23                      |   1|   0|    1|          0|
    |ap_predicate_pred1317_state23                      |   1|   0|    1|          0|
    |ap_predicate_pred1324_state23                      |   1|   0|    1|          0|
    |ap_predicate_pred1331_state23                      |   1|   0|    1|          0|
    |ap_predicate_pred1338_state23                      |   1|   0|    1|          0|
    |ap_predicate_pred1345_state23                      |   1|   0|    1|          0|
    |ap_predicate_pred1352_state23                      |   1|   0|    1|          0|
    |ap_predicate_pred1359_state23                      |   1|   0|    1|          0|
    |ap_predicate_pred1366_state23                      |   1|   0|    1|          0|
    |ap_predicate_pred1373_state23                      |   1|   0|    1|          0|
    |ap_predicate_pred1380_state23                      |   1|   0|    1|          0|
    |ap_predicate_pred1387_state23                      |   1|   0|    1|          0|
    |ap_predicate_pred1394_state23                      |   1|   0|    1|          0|
    |ap_predicate_pred1401_state23                      |   1|   0|    1|          0|
    |ap_predicate_pred1408_state23                      |   1|   0|    1|          0|
    |ap_predicate_pred1415_state23                      |   1|   0|    1|          0|
    |ap_predicate_pred1422_state23                      |   1|   0|    1|          0|
    |ap_predicate_pred1429_state23                      |   1|   0|    1|          0|
    |ap_predicate_pred1436_state23                      |   1|   0|    1|          0|
    |ap_predicate_pred1443_state23                      |   1|   0|    1|          0|
    |ap_predicate_pred1450_state23                      |   1|   0|    1|          0|
    |ap_predicate_pred1457_state23                      |   1|   0|    1|          0|
    |ap_predicate_pred1464_state23                      |   1|   0|    1|          0|
    |ap_predicate_pred1471_state23                      |   1|   0|    1|          0|
    |ap_predicate_pred1478_state23                      |   1|   0|    1|          0|
    |ap_predicate_pred1485_state23                      |   1|   0|    1|          0|
    |ap_predicate_pred1492_state23                      |   1|   0|    1|          0|
    |ap_predicate_pred1499_state23                      |   1|   0|    1|          0|
    |ap_predicate_pred1506_state23                      |   1|   0|    1|          0|
    |ap_predicate_pred1513_state23                      |   1|   0|    1|          0|
    |ap_predicate_pred1524_state24                      |   1|   0|    1|          0|
    |ap_predicate_pred1529_state24                      |   1|   0|    1|          0|
    |ap_predicate_pred1534_state24                      |   1|   0|    1|          0|
    |ap_predicate_pred1539_state24                      |   1|   0|    1|          0|
    |ap_predicate_pred1544_state24                      |   1|   0|    1|          0|
    |ap_predicate_pred1549_state24                      |   1|   0|    1|          0|
    |ap_predicate_pred1554_state24                      |   1|   0|    1|          0|
    |ap_predicate_pred1559_state24                      |   1|   0|    1|          0|
    |ap_predicate_pred1564_state24                      |   1|   0|    1|          0|
    |ap_predicate_pred1569_state24                      |   1|   0|    1|          0|
    |ap_predicate_pred1574_state24                      |   1|   0|    1|          0|
    |ap_predicate_pred1579_state24                      |   1|   0|    1|          0|
    |ap_predicate_pred1584_state24                      |   1|   0|    1|          0|
    |ap_predicate_pred1589_state24                      |   1|   0|    1|          0|
    |ap_predicate_pred1594_state24                      |   1|   0|    1|          0|
    |ap_predicate_pred1599_state24                      |   1|   0|    1|          0|
    |ap_predicate_pred1604_state24                      |   1|   0|    1|          0|
    |ap_predicate_pred1609_state24                      |   1|   0|    1|          0|
    |ap_predicate_pred1614_state24                      |   1|   0|    1|          0|
    |ap_predicate_pred1619_state24                      |   1|   0|    1|          0|
    |ap_predicate_pred1624_state24                      |   1|   0|    1|          0|
    |ap_predicate_pred1629_state24                      |   1|   0|    1|          0|
    |ap_predicate_pred1634_state24                      |   1|   0|    1|          0|
    |ap_predicate_pred1639_state24                      |   1|   0|    1|          0|
    |ap_predicate_pred1644_state24                      |   1|   0|    1|          0|
    |ap_predicate_pred1649_state24                      |   1|   0|    1|          0|
    |ap_predicate_pred1654_state24                      |   1|   0|    1|          0|
    |ap_predicate_pred1659_state24                      |   1|   0|    1|          0|
    |ap_predicate_pred1664_state24                      |   1|   0|    1|          0|
    |ap_predicate_pred1669_state24                      |   1|   0|    1|          0|
    |ap_predicate_pred1674_state24                      |   1|   0|    1|          0|
    |ap_predicate_pred1679_state24                      |   1|   0|    1|          0|
    |c_1_reg_4674                                       |  32|   0|   32|          0|
    |c_reg_4664                                         |  32|   0|   32|          0|
    |first_iter_0_reg_4302                              |   1|   0|    1|          0|
    |first_iter_0_reg_4302_pp0_iter1_reg                |   1|   0|    1|          0|
    |i5_fu_510                                          |   6|   0|    6|          0|
    |icmp_ln21_reg_4660                                 |   1|   0|    1|          0|
    |indvar_flatten4_fu_506                             |   9|   0|    9|          0|
    |j6_fu_514                                          |   6|   0|    6|          0|
    |mul14_1_reg_4704                                   |  32|   0|   32|          0|
    |mul22_1_reg_4723                                   |  32|   0|   32|          0|
    |mul2_reg_4689                                      |  32|   0|   32|          0|
    |mul3_reg_4694                                      |  32|   0|   32|          0|
    |mul_1_reg_4699                                     |  32|   0|   32|          0|
    |mul_reg_4684                                       |  32|   0|   32|          0|
    |reg_2596                                           |  32|   0|   32|          0|
    |reg_2602                                           |  32|   0|   32|          0|
    |reg_2608                                           |  32|   0|   32|          0|
    |s_1_reg_4679                                       |  32|   0|   32|          0|
    |s_reg_4669                                         |  32|   0|   32|          0|
    |select_ln16_reg_4297                               |   6|   0|    6|          0|
    |sub_1_reg_4733                                     |  32|   0|   32|          0|
    |tmp_2_reg_4709                                     |   1|   0|    1|          0|
    |tmp_2_reg_4709_pp0_iter1_reg                       |   1|   0|    1|          0|
    |tmp_4_reg_4640                                     |  32|   0|   32|          0|
    |tmp_5_reg_4645                                     |  32|   0|   32|          0|
    |tmp_8_reg_4650                                     |  32|   0|   32|          0|
    |tmp_9_reg_4655                                     |  32|   0|   32|          0|
    |trunc_ln21_reg_4306                                |   5|   0|    5|          0|
    |trunc_ln24_reg_4632                                |   5|   0|    5|          0|
    |xor_ln24_reg_4713                                  |   1|   0|    1|          0|
    |icmp_ln21_reg_4660                                 |  64|  32|    1|          0|
    |trunc_ln21_reg_4306                                |  64|  32|    5|          0|
    +---------------------------------------------------+----+----+-----+-----------+
    |Total                                              | 932|  64|  810|          0|
    +---------------------------------------------------+----+----+-----+-----------+



================================================================
== Interface
================================================================
* Summary: 
+-------------------------+-----+-----+------------+----------------+--------------+
|        RTL Ports        | Dir | Bits|  Protocol  |  Source Object |    C Type    |
+-------------------------+-----+-----+------------+----------------+--------------+
|ap_clk                   |   in|    1|  ap_ctrl_hs|             dft|  return value|
|ap_rst                   |   in|    1|  ap_ctrl_hs|             dft|  return value|
|ap_start                 |   in|    1|  ap_ctrl_hs|             dft|  return value|
|ap_done                  |  out|    1|  ap_ctrl_hs|             dft|  return value|
|ap_idle                  |  out|    1|  ap_ctrl_hs|             dft|  return value|
|ap_ready                 |  out|    1|  ap_ctrl_hs|             dft|  return value|
|real_sample_0            |   in|   32|     ap_none|   real_sample_0|       pointer|
|real_sample_1            |   in|   32|     ap_none|   real_sample_1|       pointer|
|real_sample_2            |   in|   32|     ap_none|   real_sample_2|       pointer|
|real_sample_3            |   in|   32|     ap_none|   real_sample_3|       pointer|
|real_sample_4            |   in|   32|     ap_none|   real_sample_4|       pointer|
|real_sample_5            |   in|   32|     ap_none|   real_sample_5|       pointer|
|real_sample_6            |   in|   32|     ap_none|   real_sample_6|       pointer|
|real_sample_7            |   in|   32|     ap_none|   real_sample_7|       pointer|
|real_sample_8            |   in|   32|     ap_none|   real_sample_8|       pointer|
|real_sample_9            |   in|   32|     ap_none|   real_sample_9|       pointer|
|real_sample_10           |   in|   32|     ap_none|  real_sample_10|       pointer|
|real_sample_11           |   in|   32|     ap_none|  real_sample_11|       pointer|
|real_sample_12           |   in|   32|     ap_none|  real_sample_12|       pointer|
|real_sample_13           |   in|   32|     ap_none|  real_sample_13|       pointer|
|real_sample_14           |   in|   32|     ap_none|  real_sample_14|       pointer|
|real_sample_15           |   in|   32|     ap_none|  real_sample_15|       pointer|
|real_sample_16           |   in|   32|     ap_none|  real_sample_16|       pointer|
|real_sample_17           |   in|   32|     ap_none|  real_sample_17|       pointer|
|real_sample_18           |   in|   32|     ap_none|  real_sample_18|       pointer|
|real_sample_19           |   in|   32|     ap_none|  real_sample_19|       pointer|
|real_sample_20           |   in|   32|     ap_none|  real_sample_20|       pointer|
|real_sample_21           |   in|   32|     ap_none|  real_sample_21|       pointer|
|real_sample_22           |   in|   32|     ap_none|  real_sample_22|       pointer|
|real_sample_23           |   in|   32|     ap_none|  real_sample_23|       pointer|
|real_sample_24           |   in|   32|     ap_none|  real_sample_24|       pointer|
|real_sample_25           |   in|   32|     ap_none|  real_sample_25|       pointer|
|real_sample_26           |   in|   32|     ap_none|  real_sample_26|       pointer|
|real_sample_27           |   in|   32|     ap_none|  real_sample_27|       pointer|
|real_sample_28           |   in|   32|     ap_none|  real_sample_28|       pointer|
|real_sample_29           |   in|   32|     ap_none|  real_sample_29|       pointer|
|real_sample_30           |   in|   32|     ap_none|  real_sample_30|       pointer|
|real_sample_31           |   in|   32|     ap_none|  real_sample_31|       pointer|
|imag_sample_0            |   in|   32|     ap_none|   imag_sample_0|       pointer|
|imag_sample_1            |   in|   32|     ap_none|   imag_sample_1|       pointer|
|imag_sample_2            |   in|   32|     ap_none|   imag_sample_2|       pointer|
|imag_sample_3            |   in|   32|     ap_none|   imag_sample_3|       pointer|
|imag_sample_4            |   in|   32|     ap_none|   imag_sample_4|       pointer|
|imag_sample_5            |   in|   32|     ap_none|   imag_sample_5|       pointer|
|imag_sample_6            |   in|   32|     ap_none|   imag_sample_6|       pointer|
|imag_sample_7            |   in|   32|     ap_none|   imag_sample_7|       pointer|
|imag_sample_8            |   in|   32|     ap_none|   imag_sample_8|       pointer|
|imag_sample_9            |   in|   32|     ap_none|   imag_sample_9|       pointer|
|imag_sample_10           |   in|   32|     ap_none|  imag_sample_10|       pointer|
|imag_sample_11           |   in|   32|     ap_none|  imag_sample_11|       pointer|
|imag_sample_12           |   in|   32|     ap_none|  imag_sample_12|       pointer|
|imag_sample_13           |   in|   32|     ap_none|  imag_sample_13|       pointer|
|imag_sample_14           |   in|   32|     ap_none|  imag_sample_14|       pointer|
|imag_sample_15           |   in|   32|     ap_none|  imag_sample_15|       pointer|
|imag_sample_16           |   in|   32|     ap_none|  imag_sample_16|       pointer|
|imag_sample_17           |   in|   32|     ap_none|  imag_sample_17|       pointer|
|imag_sample_18           |   in|   32|     ap_none|  imag_sample_18|       pointer|
|imag_sample_19           |   in|   32|     ap_none|  imag_sample_19|       pointer|
|imag_sample_20           |   in|   32|     ap_none|  imag_sample_20|       pointer|
|imag_sample_21           |   in|   32|     ap_none|  imag_sample_21|       pointer|
|imag_sample_22           |   in|   32|     ap_none|  imag_sample_22|       pointer|
|imag_sample_23           |   in|   32|     ap_none|  imag_sample_23|       pointer|
|imag_sample_24           |   in|   32|     ap_none|  imag_sample_24|       pointer|
|imag_sample_25           |   in|   32|     ap_none|  imag_sample_25|       pointer|
|imag_sample_26           |   in|   32|     ap_none|  imag_sample_26|       pointer|
|imag_sample_27           |   in|   32|     ap_none|  imag_sample_27|       pointer|
|imag_sample_28           |   in|   32|     ap_none|  imag_sample_28|       pointer|
|imag_sample_29           |   in|   32|     ap_none|  imag_sample_29|       pointer|
|imag_sample_30           |   in|   32|     ap_none|  imag_sample_30|       pointer|
|imag_sample_31           |   in|   32|     ap_none|  imag_sample_31|       pointer|
|real_output_0_i          |   in|   32|     ap_ovld|   real_output_0|       pointer|
|real_output_0_o          |  out|   32|     ap_ovld|   real_output_0|       pointer|
|real_output_0_o_ap_vld   |  out|    1|     ap_ovld|   real_output_0|       pointer|
|real_output_1_i          |   in|   32|     ap_ovld|   real_output_1|       pointer|
|real_output_1_o          |  out|   32|     ap_ovld|   real_output_1|       pointer|
|real_output_1_o_ap_vld   |  out|    1|     ap_ovld|   real_output_1|       pointer|
|real_output_2_i          |   in|   32|     ap_ovld|   real_output_2|       pointer|
|real_output_2_o          |  out|   32|     ap_ovld|   real_output_2|       pointer|
|real_output_2_o_ap_vld   |  out|    1|     ap_ovld|   real_output_2|       pointer|
|real_output_3_i          |   in|   32|     ap_ovld|   real_output_3|       pointer|
|real_output_3_o          |  out|   32|     ap_ovld|   real_output_3|       pointer|
|real_output_3_o_ap_vld   |  out|    1|     ap_ovld|   real_output_3|       pointer|
|real_output_4_i          |   in|   32|     ap_ovld|   real_output_4|       pointer|
|real_output_4_o          |  out|   32|     ap_ovld|   real_output_4|       pointer|
|real_output_4_o_ap_vld   |  out|    1|     ap_ovld|   real_output_4|       pointer|
|real_output_5_i          |   in|   32|     ap_ovld|   real_output_5|       pointer|
|real_output_5_o          |  out|   32|     ap_ovld|   real_output_5|       pointer|
|real_output_5_o_ap_vld   |  out|    1|     ap_ovld|   real_output_5|       pointer|
|real_output_6_i          |   in|   32|     ap_ovld|   real_output_6|       pointer|
|real_output_6_o          |  out|   32|     ap_ovld|   real_output_6|       pointer|
|real_output_6_o_ap_vld   |  out|    1|     ap_ovld|   real_output_6|       pointer|
|real_output_7_i          |   in|   32|     ap_ovld|   real_output_7|       pointer|
|real_output_7_o          |  out|   32|     ap_ovld|   real_output_7|       pointer|
|real_output_7_o_ap_vld   |  out|    1|     ap_ovld|   real_output_7|       pointer|
|real_output_8_i          |   in|   32|     ap_ovld|   real_output_8|       pointer|
|real_output_8_o          |  out|   32|     ap_ovld|   real_output_8|       pointer|
|real_output_8_o_ap_vld   |  out|    1|     ap_ovld|   real_output_8|       pointer|
|real_output_9_i          |   in|   32|     ap_ovld|   real_output_9|       pointer|
|real_output_9_o          |  out|   32|     ap_ovld|   real_output_9|       pointer|
|real_output_9_o_ap_vld   |  out|    1|     ap_ovld|   real_output_9|       pointer|
|real_output_10_i         |   in|   32|     ap_ovld|  real_output_10|       pointer|
|real_output_10_o         |  out|   32|     ap_ovld|  real_output_10|       pointer|
|real_output_10_o_ap_vld  |  out|    1|     ap_ovld|  real_output_10|       pointer|
|real_output_11_i         |   in|   32|     ap_ovld|  real_output_11|       pointer|
|real_output_11_o         |  out|   32|     ap_ovld|  real_output_11|       pointer|
|real_output_11_o_ap_vld  |  out|    1|     ap_ovld|  real_output_11|       pointer|
|real_output_12_i         |   in|   32|     ap_ovld|  real_output_12|       pointer|
|real_output_12_o         |  out|   32|     ap_ovld|  real_output_12|       pointer|
|real_output_12_o_ap_vld  |  out|    1|     ap_ovld|  real_output_12|       pointer|
|real_output_13_i         |   in|   32|     ap_ovld|  real_output_13|       pointer|
|real_output_13_o         |  out|   32|     ap_ovld|  real_output_13|       pointer|
|real_output_13_o_ap_vld  |  out|    1|     ap_ovld|  real_output_13|       pointer|
|real_output_14_i         |   in|   32|     ap_ovld|  real_output_14|       pointer|
|real_output_14_o         |  out|   32|     ap_ovld|  real_output_14|       pointer|
|real_output_14_o_ap_vld  |  out|    1|     ap_ovld|  real_output_14|       pointer|
|real_output_15_i         |   in|   32|     ap_ovld|  real_output_15|       pointer|
|real_output_15_o         |  out|   32|     ap_ovld|  real_output_15|       pointer|
|real_output_15_o_ap_vld  |  out|    1|     ap_ovld|  real_output_15|       pointer|
|real_output_16_i         |   in|   32|     ap_ovld|  real_output_16|       pointer|
|real_output_16_o         |  out|   32|     ap_ovld|  real_output_16|       pointer|
|real_output_16_o_ap_vld  |  out|    1|     ap_ovld|  real_output_16|       pointer|
|real_output_17_i         |   in|   32|     ap_ovld|  real_output_17|       pointer|
|real_output_17_o         |  out|   32|     ap_ovld|  real_output_17|       pointer|
|real_output_17_o_ap_vld  |  out|    1|     ap_ovld|  real_output_17|       pointer|
|real_output_18_i         |   in|   32|     ap_ovld|  real_output_18|       pointer|
|real_output_18_o         |  out|   32|     ap_ovld|  real_output_18|       pointer|
|real_output_18_o_ap_vld  |  out|    1|     ap_ovld|  real_output_18|       pointer|
|real_output_19_i         |   in|   32|     ap_ovld|  real_output_19|       pointer|
|real_output_19_o         |  out|   32|     ap_ovld|  real_output_19|       pointer|
|real_output_19_o_ap_vld  |  out|    1|     ap_ovld|  real_output_19|       pointer|
|real_output_20_i         |   in|   32|     ap_ovld|  real_output_20|       pointer|
|real_output_20_o         |  out|   32|     ap_ovld|  real_output_20|       pointer|
|real_output_20_o_ap_vld  |  out|    1|     ap_ovld|  real_output_20|       pointer|
|real_output_21_i         |   in|   32|     ap_ovld|  real_output_21|       pointer|
|real_output_21_o         |  out|   32|     ap_ovld|  real_output_21|       pointer|
|real_output_21_o_ap_vld  |  out|    1|     ap_ovld|  real_output_21|       pointer|
|real_output_22_i         |   in|   32|     ap_ovld|  real_output_22|       pointer|
|real_output_22_o         |  out|   32|     ap_ovld|  real_output_22|       pointer|
|real_output_22_o_ap_vld  |  out|    1|     ap_ovld|  real_output_22|       pointer|
|real_output_23_i         |   in|   32|     ap_ovld|  real_output_23|       pointer|
|real_output_23_o         |  out|   32|     ap_ovld|  real_output_23|       pointer|
|real_output_23_o_ap_vld  |  out|    1|     ap_ovld|  real_output_23|       pointer|
|real_output_24_i         |   in|   32|     ap_ovld|  real_output_24|       pointer|
|real_output_24_o         |  out|   32|     ap_ovld|  real_output_24|       pointer|
|real_output_24_o_ap_vld  |  out|    1|     ap_ovld|  real_output_24|       pointer|
|real_output_25_i         |   in|   32|     ap_ovld|  real_output_25|       pointer|
|real_output_25_o         |  out|   32|     ap_ovld|  real_output_25|       pointer|
|real_output_25_o_ap_vld  |  out|    1|     ap_ovld|  real_output_25|       pointer|
|real_output_26_i         |   in|   32|     ap_ovld|  real_output_26|       pointer|
|real_output_26_o         |  out|   32|     ap_ovld|  real_output_26|       pointer|
|real_output_26_o_ap_vld  |  out|    1|     ap_ovld|  real_output_26|       pointer|
|real_output_27_i         |   in|   32|     ap_ovld|  real_output_27|       pointer|
|real_output_27_o         |  out|   32|     ap_ovld|  real_output_27|       pointer|
|real_output_27_o_ap_vld  |  out|    1|     ap_ovld|  real_output_27|       pointer|
|real_output_28_i         |   in|   32|     ap_ovld|  real_output_28|       pointer|
|real_output_28_o         |  out|   32|     ap_ovld|  real_output_28|       pointer|
|real_output_28_o_ap_vld  |  out|    1|     ap_ovld|  real_output_28|       pointer|
|real_output_29_i         |   in|   32|     ap_ovld|  real_output_29|       pointer|
|real_output_29_o         |  out|   32|     ap_ovld|  real_output_29|       pointer|
|real_output_29_o_ap_vld  |  out|    1|     ap_ovld|  real_output_29|       pointer|
|real_output_30_i         |   in|   32|     ap_ovld|  real_output_30|       pointer|
|real_output_30_o         |  out|   32|     ap_ovld|  real_output_30|       pointer|
|real_output_30_o_ap_vld  |  out|    1|     ap_ovld|  real_output_30|       pointer|
|real_output_31_i         |   in|   32|     ap_ovld|  real_output_31|       pointer|
|real_output_31_o         |  out|   32|     ap_ovld|  real_output_31|       pointer|
|real_output_31_o_ap_vld  |  out|    1|     ap_ovld|  real_output_31|       pointer|
|imag_output_0_i          |   in|   32|     ap_ovld|   imag_output_0|       pointer|
|imag_output_0_o          |  out|   32|     ap_ovld|   imag_output_0|       pointer|
|imag_output_0_o_ap_vld   |  out|    1|     ap_ovld|   imag_output_0|       pointer|
|imag_output_1_i          |   in|   32|     ap_ovld|   imag_output_1|       pointer|
|imag_output_1_o          |  out|   32|     ap_ovld|   imag_output_1|       pointer|
|imag_output_1_o_ap_vld   |  out|    1|     ap_ovld|   imag_output_1|       pointer|
|imag_output_2_i          |   in|   32|     ap_ovld|   imag_output_2|       pointer|
|imag_output_2_o          |  out|   32|     ap_ovld|   imag_output_2|       pointer|
|imag_output_2_o_ap_vld   |  out|    1|     ap_ovld|   imag_output_2|       pointer|
|imag_output_3_i          |   in|   32|     ap_ovld|   imag_output_3|       pointer|
|imag_output_3_o          |  out|   32|     ap_ovld|   imag_output_3|       pointer|
|imag_output_3_o_ap_vld   |  out|    1|     ap_ovld|   imag_output_3|       pointer|
|imag_output_4_i          |   in|   32|     ap_ovld|   imag_output_4|       pointer|
|imag_output_4_o          |  out|   32|     ap_ovld|   imag_output_4|       pointer|
|imag_output_4_o_ap_vld   |  out|    1|     ap_ovld|   imag_output_4|       pointer|
|imag_output_5_i          |   in|   32|     ap_ovld|   imag_output_5|       pointer|
|imag_output_5_o          |  out|   32|     ap_ovld|   imag_output_5|       pointer|
|imag_output_5_o_ap_vld   |  out|    1|     ap_ovld|   imag_output_5|       pointer|
|imag_output_6_i          |   in|   32|     ap_ovld|   imag_output_6|       pointer|
|imag_output_6_o          |  out|   32|     ap_ovld|   imag_output_6|       pointer|
|imag_output_6_o_ap_vld   |  out|    1|     ap_ovld|   imag_output_6|       pointer|
|imag_output_7_i          |   in|   32|     ap_ovld|   imag_output_7|       pointer|
|imag_output_7_o          |  out|   32|     ap_ovld|   imag_output_7|       pointer|
|imag_output_7_o_ap_vld   |  out|    1|     ap_ovld|   imag_output_7|       pointer|
|imag_output_8_i          |   in|   32|     ap_ovld|   imag_output_8|       pointer|
|imag_output_8_o          |  out|   32|     ap_ovld|   imag_output_8|       pointer|
|imag_output_8_o_ap_vld   |  out|    1|     ap_ovld|   imag_output_8|       pointer|
|imag_output_9_i          |   in|   32|     ap_ovld|   imag_output_9|       pointer|
|imag_output_9_o          |  out|   32|     ap_ovld|   imag_output_9|       pointer|
|imag_output_9_o_ap_vld   |  out|    1|     ap_ovld|   imag_output_9|       pointer|
|imag_output_10_i         |   in|   32|     ap_ovld|  imag_output_10|       pointer|
|imag_output_10_o         |  out|   32|     ap_ovld|  imag_output_10|       pointer|
|imag_output_10_o_ap_vld  |  out|    1|     ap_ovld|  imag_output_10|       pointer|
|imag_output_11_i         |   in|   32|     ap_ovld|  imag_output_11|       pointer|
|imag_output_11_o         |  out|   32|     ap_ovld|  imag_output_11|       pointer|
|imag_output_11_o_ap_vld  |  out|    1|     ap_ovld|  imag_output_11|       pointer|
|imag_output_12_i         |   in|   32|     ap_ovld|  imag_output_12|       pointer|
|imag_output_12_o         |  out|   32|     ap_ovld|  imag_output_12|       pointer|
|imag_output_12_o_ap_vld  |  out|    1|     ap_ovld|  imag_output_12|       pointer|
|imag_output_13_i         |   in|   32|     ap_ovld|  imag_output_13|       pointer|
|imag_output_13_o         |  out|   32|     ap_ovld|  imag_output_13|       pointer|
|imag_output_13_o_ap_vld  |  out|    1|     ap_ovld|  imag_output_13|       pointer|
|imag_output_14_i         |   in|   32|     ap_ovld|  imag_output_14|       pointer|
|imag_output_14_o         |  out|   32|     ap_ovld|  imag_output_14|       pointer|
|imag_output_14_o_ap_vld  |  out|    1|     ap_ovld|  imag_output_14|       pointer|
|imag_output_15_i         |   in|   32|     ap_ovld|  imag_output_15|       pointer|
|imag_output_15_o         |  out|   32|     ap_ovld|  imag_output_15|       pointer|
|imag_output_15_o_ap_vld  |  out|    1|     ap_ovld|  imag_output_15|       pointer|
|imag_output_16_i         |   in|   32|     ap_ovld|  imag_output_16|       pointer|
|imag_output_16_o         |  out|   32|     ap_ovld|  imag_output_16|       pointer|
|imag_output_16_o_ap_vld  |  out|    1|     ap_ovld|  imag_output_16|       pointer|
|imag_output_17_i         |   in|   32|     ap_ovld|  imag_output_17|       pointer|
|imag_output_17_o         |  out|   32|     ap_ovld|  imag_output_17|       pointer|
|imag_output_17_o_ap_vld  |  out|    1|     ap_ovld|  imag_output_17|       pointer|
|imag_output_18_i         |   in|   32|     ap_ovld|  imag_output_18|       pointer|
|imag_output_18_o         |  out|   32|     ap_ovld|  imag_output_18|       pointer|
|imag_output_18_o_ap_vld  |  out|    1|     ap_ovld|  imag_output_18|       pointer|
|imag_output_19_i         |   in|   32|     ap_ovld|  imag_output_19|       pointer|
|imag_output_19_o         |  out|   32|     ap_ovld|  imag_output_19|       pointer|
|imag_output_19_o_ap_vld  |  out|    1|     ap_ovld|  imag_output_19|       pointer|
|imag_output_20_i         |   in|   32|     ap_ovld|  imag_output_20|       pointer|
|imag_output_20_o         |  out|   32|     ap_ovld|  imag_output_20|       pointer|
|imag_output_20_o_ap_vld  |  out|    1|     ap_ovld|  imag_output_20|       pointer|
|imag_output_21_i         |   in|   32|     ap_ovld|  imag_output_21|       pointer|
|imag_output_21_o         |  out|   32|     ap_ovld|  imag_output_21|       pointer|
|imag_output_21_o_ap_vld  |  out|    1|     ap_ovld|  imag_output_21|       pointer|
|imag_output_22_i         |   in|   32|     ap_ovld|  imag_output_22|       pointer|
|imag_output_22_o         |  out|   32|     ap_ovld|  imag_output_22|       pointer|
|imag_output_22_o_ap_vld  |  out|    1|     ap_ovld|  imag_output_22|       pointer|
|imag_output_23_i         |   in|   32|     ap_ovld|  imag_output_23|       pointer|
|imag_output_23_o         |  out|   32|     ap_ovld|  imag_output_23|       pointer|
|imag_output_23_o_ap_vld  |  out|    1|     ap_ovld|  imag_output_23|       pointer|
|imag_output_24_i         |   in|   32|     ap_ovld|  imag_output_24|       pointer|
|imag_output_24_o         |  out|   32|     ap_ovld|  imag_output_24|       pointer|
|imag_output_24_o_ap_vld  |  out|    1|     ap_ovld|  imag_output_24|       pointer|
|imag_output_25_i         |   in|   32|     ap_ovld|  imag_output_25|       pointer|
|imag_output_25_o         |  out|   32|     ap_ovld|  imag_output_25|       pointer|
|imag_output_25_o_ap_vld  |  out|    1|     ap_ovld|  imag_output_25|       pointer|
|imag_output_26_i         |   in|   32|     ap_ovld|  imag_output_26|       pointer|
|imag_output_26_o         |  out|   32|     ap_ovld|  imag_output_26|       pointer|
|imag_output_26_o_ap_vld  |  out|    1|     ap_ovld|  imag_output_26|       pointer|
|imag_output_27_i         |   in|   32|     ap_ovld|  imag_output_27|       pointer|
|imag_output_27_o         |  out|   32|     ap_ovld|  imag_output_27|       pointer|
|imag_output_27_o_ap_vld  |  out|    1|     ap_ovld|  imag_output_27|       pointer|
|imag_output_28_i         |   in|   32|     ap_ovld|  imag_output_28|       pointer|
|imag_output_28_o         |  out|   32|     ap_ovld|  imag_output_28|       pointer|
|imag_output_28_o_ap_vld  |  out|    1|     ap_ovld|  imag_output_28|       pointer|
|imag_output_29_i         |   in|   32|     ap_ovld|  imag_output_29|       pointer|
|imag_output_29_o         |  out|   32|     ap_ovld|  imag_output_29|       pointer|
|imag_output_29_o_ap_vld  |  out|    1|     ap_ovld|  imag_output_29|       pointer|
|imag_output_30_i         |   in|   32|     ap_ovld|  imag_output_30|       pointer|
|imag_output_30_o         |  out|   32|     ap_ovld|  imag_output_30|       pointer|
|imag_output_30_o_ap_vld  |  out|    1|     ap_ovld|  imag_output_30|       pointer|
|imag_output_31_i         |   in|   32|     ap_ovld|  imag_output_31|       pointer|
|imag_output_31_o         |  out|   32|     ap_ovld|  imag_output_31|       pointer|
|imag_output_31_o_ap_vld  |  out|    1|     ap_ovld|  imag_output_31|       pointer|
+-------------------------+-----+-----+------------+----------------+--------------+

